[
  {
    "Plan": {
      "Node Type": "Nested Loop",
      "Parallel Aware": false,
      "Join Type": "Left",
      "Startup Cost": 12072197.89,
      "Total Cost": 13760017.00,
      "Plan Rows": 5,
      "Plan Width": 337,
      "Actual Startup Time": 22367.066,
      "Actual Total Time": 22372.335,
      "Actual Rows": 1,
      "Actual Loops": 1,
      "Output": ["views.view_id", "COALESCE(d.mapbox_type, c.mapbox_type, a_2.mapbox_type)", "COALESCE(d.mapbox_paint_style, c.mapbox_paint_style, a_2.mapbox_paint_style)", "COALESCE(d.mapbox_symbology, c.mapbox_symbology)", "((COALESCE(d.mapbox_paint_style, c.mapbox_paint_style) IS NULL) AND (a_2.mapbox_paint_style IS NOT NULL))", "t_3.mbtiles_id", "t_3.tileset_timestamp", "t_3.tileset_name", "t_3.source_id", "t_3.source_layer_name", "t_3.source_type", "t_3.tippecanoe_args", "t_3.tippecanoe_filter", "jsonb_build_object('layers', jsonb_build_array(jsonb_build_object('id', t_3.source_id, 'type', COALESCE(d.mapbox_type, c.mapbox_type, a_2.mapbox_type), 'paint', COALESCE(d.mapbox_paint_style, c.mapbox_paint_style, a_2.mapbox_paint_style), 'source', t_3.source_id, 'source-layer', t_3.source_layer_name)), 'sources', jsonb_build_array(jsonb_build_object('id', t_3.source_id, 'source', jsonb_build_object('url', (('https://tiles.availabs.org/data/'::text || t_3.tileset_name) || '.json'::text), 'type', t_3.source_type))), 'symbology', COALESCE(d.mapbox_symbology, c.mapbox_symbology))"],
      "Inner Unique": false,
      "Join Filter": "(views.view_id = t_3.view_id)",
      "Rows Removed by Join Filter": 0,
      "Shared Hit Blocks": 3598036,
      "Shared Read Blocks": 0,
      "Shared Dirtied Blocks": 0,
      "Shared Written Blocks": 0,
      "Local Hit Blocks": 0,
      "Local Read Blocks": 0,
      "Local Dirtied Blocks": 0,
      "Local Written Blocks": 0,
      "Temp Read Blocks": 0,
      "Temp Written Blocks": 0,
      "Plans": [
        {
          "Node Type": "Nested Loop",
          "Parent Relationship": "Outer",
          "Parallel Aware": false,
          "Join Type": "Left",
          "Startup Cost": 12072194.48,
          "Total Cost": 13760013.35,
          "Plan Rows": 5,
          "Plan Width": 260,
          "Actual Startup Time": 22366.913,
          "Actual Total Time": 22372.182,
          "Actual Rows": 1,
          "Actual Loops": 1,
          "Output": ["views.view_id", "a_2.mapbox_type", "a_2.mapbox_paint_style", "c.mapbox_type", "c.mapbox_paint_style", "c.mapbox_symbology", "d.mapbox_type", "d.mapbox_paint_style", "d.mapbox_symbology"],
          "Inner Unique": false,
          "Join Filter": "((views.view_id = cte_view_metadata_summary.view_id) AND (views.source_id = cte_view_metadata_summary.source_id))",
          "Rows Removed by Join Filter": 0,
          "Shared Hit Blocks": 3598032,
          "Shared Read Blocks": 0,
          "Shared Dirtied Blocks": 0,
          "Shared Written Blocks": 0,
          "Local Hit Blocks": 0,
          "Local Read Blocks": 0,
          "Local Dirtied Blocks": 0,
          "Local Written Blocks": 0,
          "Temp Read Blocks": 0,
          "Temp Written Blocks": 0,
          "Plans": [
            {
              "Node Type": "Nested Loop",
              "Parent Relationship": "Outer",
              "Parallel Aware": false,
              "Join Type": "Left",
              "Startup Cost": 200767.27,
              "Total Cost": 1883925.39,
              "Plan Rows": 1,
              "Plan Width": 264,
              "Actual Startup Time": 7602.473,
              "Actual Total Time": 7602.493,
              "Actual Rows": 1,
              "Actual Loops": 1,
              "Output": ["views.view_id", "views.source_id", "a_2.mapbox_type", "a_2.mapbox_paint_style", "c.mapbox_type", "c.mapbox_paint_style", "c.mapbox_symbology", "d.mapbox_type", "d.mapbox_paint_style", "d.mapbox_symbology"],
              "Inner Unique": true,
              "Join Filter": "(views.view_id = d.view_id)",
              "Rows Removed by Join Filter": 0,
              "Shared Hit Blocks": 3143990,
              "Shared Read Blocks": 0,
              "Shared Dirtied Blocks": 0,
              "Shared Written Blocks": 0,
              "Local Hit Blocks": 0,
              "Local Read Blocks": 0,
              "Local Dirtied Blocks": 0,
              "Local Written Blocks": 0,
              "Temp Read Blocks": 0,
              "Temp Written Blocks": 0,
              "Plans": [
                {
                  "Node Type": "Nested Loop",
                  "Parent Relationship": "Outer",
                  "Parallel Aware": false,
                  "Join Type": "Left",
                  "Startup Cost": 200767.12,
                  "Total Cost": 1883923.01,
                  "Plan Rows": 1,
                  "Plan Width": 168,
                  "Actual Startup Time": 7602.433,
                  "Actual Total Time": 7602.452,
                  "Actual Rows": 1,
                  "Actual Loops": 1,
                  "Output": ["views.view_id", "views.source_id", "a_2.mapbox_type", "a_2.mapbox_paint_style", "c.mapbox_type", "c.mapbox_paint_style", "c.mapbox_symbology"],
                  "Inner Unique": true,
                  "Shared Hit Blocks": 3143988,
                  "Shared Read Blocks": 0,
                  "Shared Dirtied Blocks": 0,
                  "Shared Written Blocks": 0,
                  "Local Hit Blocks": 0,
                  "Local Read Blocks": 0,
                  "Local Dirtied Blocks": 0,
                  "Local Written Blocks": 0,
                  "Temp Read Blocks": 0,
                  "Temp Written Blocks": 0,
                  "Plans": [
                    {
                      "Node Type": "Nested Loop",
                      "Parent Relationship": "Outer",
                      "Parallel Aware": false,
                      "Join Type": "Left",
                      "Startup Cost": 200766.97,
                      "Total Cost": 1883920.64,
                      "Plan Rows": 1,
                      "Plan Width": 72,
                      "Actual Startup Time": 7602.393,
                      "Actual Total Time": 7602.411,
                      "Actual Rows": 1,
                      "Actual Loops": 1,
                      "Output": ["views.view_id", "views.source_id", "a_2.mapbox_type", "a_2.mapbox_paint_style"],
                      "Inner Unique": false,
                      "Join Filter": "((views.view_id = a_1.view_id) AND (views.source_id = a_1.source_id))",
                      "Rows Removed by Join Filter": 0,
                      "Shared Hit Blocks": 3143987,
                      "Shared Read Blocks": 0,
                      "Shared Dirtied Blocks": 0,
                      "Shared Written Blocks": 0,
                      "Local Hit Blocks": 0,
                      "Local Read Blocks": 0,
                      "Local Dirtied Blocks": 0,
                      "Local Written Blocks": 0,
                      "Temp Read Blocks": 0,
                      "Temp Written Blocks": 0,
                      "Plans": [
                        {
                          "Node Type": "Nested Loop",
                          "Parent Relationship": "Outer",
                          "Parallel Aware": false,
                          "Join Type": "Left",
                          "Startup Cost": 200766.12,
                          "Total Cost": 1644230.72,
                          "Plan Rows": 1,
                          "Plan Width": 72,
                          "Actual Startup Time": 6840.425,
                          "Actual Total Time": 6840.443,
                          "Actual Rows": 1,
                          "Actual Loops": 1,
                          "Output": ["views.view_id", "views.source_id", "a_2.mapbox_type", "a_2.mapbox_paint_style"],
                          "Inner Unique": false,
                          "Join Filter": "(views.view_id = t_2.view_id)",
                          "Rows Removed by Join Filter": 0,
                          "Shared Hit Blocks": 2900283,
                          "Shared Read Blocks": 0,
                          "Shared Dirtied Blocks": 0,
                          "Shared Written Blocks": 0,
                          "Local Hit Blocks": 0,
                          "Local Read Blocks": 0,
                          "Local Dirtied Blocks": 0,
                          "Local Written Blocks": 0,
                          "Temp Read Blocks": 0,
                          "Temp Written Blocks": 0,
                          "Plans": [
                            {
                              "Node Type": "Nested Loop",
                              "Parent Relationship": "Outer",
                              "Parallel Aware": false,
                              "Join Type": "Left",
                              "Startup Cost": 87167.92,
                              "Total Cost": 1530591.14,
                              "Plan Rows": 1,
                              "Plan Width": 8,
                              "Actual Startup Time": 6799.093,
                              "Actual Total Time": 6799.098,
                              "Actual Rows": 1,
                              "Actual Loops": 1,
                              "Output": ["views.view_id", "views.source_id"],
                              "Inner Unique": false,
                              "Join Filter": "((views.view_id = v.view_id) AND (views.source_id = v.source_id) AND (views.table_schema = v.table_schema) AND (views.table_name = v.table_name))",
                              "Rows Removed by Join Filter": 0,
                              "Shared Hit Blocks": 2895611,
                              "Shared Read Blocks": 0,
                              "Shared Dirtied Blocks": 0,
                              "Shared Written Blocks": 0,
                              "Local Hit Blocks": 0,
                              "Local Read Blocks": 0,
                              "Local Dirtied Blocks": 0,
                              "Local Written Blocks": 0,
                              "Temp Read Blocks": 0,
                              "Temp Written Blocks": 0,
                              "Plans": [
                                {
                                  "Node Type": "Index Scan",
                                  "Parent Relationship": "Outer",
                                  "Parallel Aware": false,
                                  "Scan Direction": "Forward",
                                  "Index Name": "views_pkey",
                                  "Relation Name": "views",
                                  "Schema": "data_manager",
                                  "Alias": "views",
                                  "Startup Cost": 0.15,
                                  "Total Cost": 2.37,
                                  "Plan Rows": 1,
                                  "Plan Width": 47,
                                  "Actual Startup Time": 0.041,
                                  "Actual Total Time": 0.044,
                                  "Actual Rows": 1,
                                  "Actual Loops": 1,
                                  "Output": ["views.view_id", "views.source_id", "views.data_type", "views.interval_version", "views.geography_version", "views.version", "views.source_url", "views.publisher", "views.table_schema", "views.table_name", "views.data_table", "views.download_url", "views.tiles_url", "views.start_date", "views.end_date", "views.last_updated", "views.statistics", "views.metadata", "views.user_id", "views.root_etl_context_id", "views.etl_context_id", "views._created_timestamp", "views._modified_timestamp"],
                                  "Index Cond": "(views.view_id = 348)",
                                  "Rows Removed by Index Recheck": 0,
                                  "Shared Hit Blocks": 2,
                                  "Shared Read Blocks": 0,
                                  "Shared Dirtied Blocks": 0,
                                  "Shared Written Blocks": 0,
                                  "Local Hit Blocks": 0,
                                  "Local Read Blocks": 0,
                                  "Local Dirtied Blocks": 0,
                                  "Local Written Blocks": 0,
                                  "Temp Read Blocks": 0,
                                  "Temp Written Blocks": 0
                                },
                                {
                                  "Node Type": "Nested Loop",
                                  "Parent Relationship": "Inner",
                                  "Parallel Aware": false,
                                  "Join Type": "Left",
                                  "Startup Cost": 87167.77,
                                  "Total Cost": 1530588.76,
                                  "Plan Rows": 1,
                                  "Plan Width": 47,
                                  "Actual Startup Time": 6799.037,
                                  "Actual Total Time": 6799.038,
                                  "Actual Rows": 1,
                                  "Actual Loops": 1,
                                  "Output": ["v.table_schema", "v.table_name", "v.view_id", "v.source_id"],
                                  "Inner Unique": false,
                                  "Join Filter": "((v.table_schema = ((nc.nspname)::information_schema.sql_identifier)::text) AND (v.table_name = ((c_1.relname)::information_schema.sql_identifier)::text))",
                                  "Rows Removed by Join Filter": 0,
                                  "Shared Hit Blocks": 2895609,
                                  "Shared Read Blocks": 0,
                                  "Shared Dirtied Blocks": 0,
                                  "Shared Written Blocks": 0,
                                  "Local Hit Blocks": 0,
                                  "Local Read Blocks": 0,
                                  "Local Dirtied Blocks": 0,
                                  "Local Written Blocks": 0,
                                  "Temp Read Blocks": 0,
                                  "Temp Written Blocks": 0,
                                  "Plans": [
                                    {
                                      "Node Type": "Aggregate",
                                      "Strategy": "Sorted",
                                      "Partial Mode": "Simple",
                                      "Parent Relationship": "Outer",
                                      "Parallel Aware": false,
                                      "Startup Cost": 87165.14,
                                      "Total Cost": 1075659.33,
                                      "Plan Rows": 1,
                                      "Plan Width": 79,
                                      "Actual Startup Time": 5677.644,
                                      "Actual Total Time": 5677.645,
                                      "Actual Rows": 1,
                                      "Actual Loops": 1,
                                      "Output": ["v.source_id", "v.view_id", "v.table_schema", "v.table_name", "NULL::jsonb"],
                                      "Group Key": ["v.view_id"],
                                      "Shared Hit Blocks": 2454185,
                                      "Shared Read Blocks": 0,
                                      "Shared Dirtied Blocks": 0,
                                      "Shared Written Blocks": 0,
                                      "Local Hit Blocks": 0,
                                      "Local Read Blocks": 0,
                                      "Local Dirtied Blocks": 0,
                                      "Local Written Blocks": 0,
                                      "Temp Read Blocks": 0,
                                      "Temp Written Blocks": 0,
                                      "Plans": [
                                        {
                                          "Node Type": "Nested Loop",
                                          "Parent Relationship": "Outer",
                                          "Parallel Aware": false,
                                          "Join Type": "Left",
                                          "Startup Cost": 87165.14,
                                          "Total Cost": 1075659.32,
                                          "Plan Rows": 1,
                                          "Plan Width": 47,
                                          "Actual Startup Time": 2182.446,
                                          "Actual Total Time": 5677.630,
                                          "Actual Rows": 1,
                                          "Actual Loops": 1,
                                          "Output": ["v.view_id", "v.source_id", "v.table_schema", "v.table_name"],
                                          "Inner Unique": false,
                                          "Shared Hit Blocks": 2454185,
                                          "Shared Read Blocks": 0,
                                          "Shared Dirtied Blocks": 0,
                                          "Shared Written Blocks": 0,
                                          "Local Hit Blocks": 0,
                                          "Local Read Blocks": 0,
                                          "Local Dirtied Blocks": 0,
                                          "Local Written Blocks": 0,
                                          "Temp Read Blocks": 0,
                                          "Temp Written Blocks": 0,
                                          "Plans": [
                                            {
                                              "Node Type": "Nested Loop",
                                              "Parent Relationship": "Outer",
                                              "Parallel Aware": false,
                                              "Join Type": "Inner",
                                              "Startup Cost": 87164.72,
                                              "Total Cost": 1075658.82,
                                              "Plan Rows": 1,
                                              "Plan Width": 51,
                                              "Actual Startup Time": 2182.376,
                                              "Actual Total Time": 5677.559,
                                              "Actual Rows": 1,
                                              "Actual Loops": 1,
                                              "Output": ["a_3.attcollation", "v.source_id", "v.view_id", "v.table_schema", "v.table_name"],
                                              "Inner Unique": false,
                                              "Join Filter": "(((\"*SELECT* 1\".constraint_schema)::text = ((\"*SELECT* 1_1\".nspname_1)::information_schema.sql_identifier)::text) AND ((\"*SELECT* 1\".constraint_name)::text = ((\"*SELECT* 1_1\".conname)::information_schema.sql_identifier)::text) AND (((a_3.attname)::information_schema.sql_identifier)::text = ((\"*SELECT* 1_1\".attname)::information_schema.sql_identifier)::text))",
                                              "Rows Removed by Join Filter": 262394,
                                              "Shared Hit Blocks": 2454183,
                                              "Shared Read Blocks": 0,
                                              "Shared Dirtied Blocks": 0,
                                              "Shared Written Blocks": 0,
                                              "Local Hit Blocks": 0,
                                              "Local Read Blocks": 0,
                                              "Local Dirtied Blocks": 0,
                                              "Local Written Blocks": 0,
                                              "Temp Read Blocks": 0,
                                              "Temp Written Blocks": 0,
                                              "Plans": [
                                                {
                                                  "Node Type": "Nested Loop",
                                                  "Parent Relationship": "Outer",
                                                  "Parallel Aware": false,
                                                  "Join Type": "Left",
                                                  "Startup Cost": 49358.39,
                                                  "Total Cost": 995785.91,
                                                  "Plan Rows": 1,
                                                  "Plan Width": 243,
                                                  "Actual Startup Time": 1020.920,
                                                  "Actual Total Time": 1096.078,
                                                  "Actual Rows": 35,
                                                  "Actual Loops": 1,
                                                  "Output": ["a_3.attcollation", "a_3.attname", "nc_2.nspname", "v.source_id", "v.view_id", "v.table_schema", "v.table_name", "\"*SELECT* 1\".constraint_schema", "\"*SELECT* 1\".constraint_name"],
                                                  "Inner Unique": false,
                                                  "Shared Hit Blocks": 443331,
                                                  "Shared Read Blocks": 0,
                                                  "Shared Dirtied Blocks": 0,
                                                  "Shared Written Blocks": 0,
                                                  "Local Hit Blocks": 0,
                                                  "Local Read Blocks": 0,
                                                  "Local Dirtied Blocks": 0,
                                                  "Local Written Blocks": 0,
                                                  "Temp Read Blocks": 0,
                                                  "Temp Written Blocks": 0,
                                                  "Plans": [
                                                    {
                                                      "Node Type": "Nested Loop",
                                                      "Parent Relationship": "Outer",
                                                      "Parallel Aware": false,
                                                      "Join Type": "Inner",
                                                      "Startup Cost": 49357.70,
                                                      "Total Cost": 995780.95,
                                                      "Plan Rows": 1,
                                                      "Plan Width": 249,
                                                      "Actual Startup Time": 1020.779,
                                                      "Actual Total Time": 1094.990,
                                                      "Actual Rows": 35,
                                                      "Actual Loops": 1,
                                                      "Output": ["v.source_id", "v.view_id", "v.table_schema", "v.table_name", "\"*SELECT* 1\".constraint_schema", "\"*SELECT* 1\".constraint_name", "a_3.attnum", "a_3.attcollation", "a_3.attname", "c_3.oid", "nc_2.nspname"],
                                                      "Inner Unique": false,
                                                      "Join Filter": "((v.table_name = ((c_3.relname)::information_schema.sql_identifier)::text) AND ((\"*SELECT* 1\".constraint_schema)::text = ((nc_2.nspname)::information_schema.sql_identifier)::text))",
                                                      "Rows Removed by Join Filter": 96686,
                                                      "Shared Hit Blocks": 443183,
                                                      "Shared Read Blocks": 0,
                                                      "Shared Dirtied Blocks": 0,
                                                      "Shared Written Blocks": 0,
                                                      "Local Hit Blocks": 0,
                                                      "Local Read Blocks": 0,
                                                      "Local Dirtied Blocks": 0,
                                                      "Local Written Blocks": 0,
                                                      "Temp Read Blocks": 0,
                                                      "Temp Written Blocks": 0,
                                                      "Plans": [
                                                        {
                                                          "Node Type": "Nested Loop",
                                                          "Parent Relationship": "Outer",
                                                          "Parallel Aware": false,
                                                          "Join Type": "Inner",
                                                          "Startup Cost": 0.56,
                                                          "Total Cost": 411582.71,
                                                          "Plan Rows": 1,
                                                          "Plan Width": 143,
                                                          "Actual Startup Time": 312.230,
                                                          "Actual Total Time": 315.514,
                                                          "Actual Rows": 1,
                                                          "Actual Loops": 1,
                                                          "Output": ["v.source_id", "v.view_id", "v.table_schema", "v.table_name", "\"*SELECT* 1\".table_name", "\"*SELECT* 1\".constraint_schema", "\"*SELECT* 1\".constraint_name"],
                                                          "Inner Unique": false,
                                                          "Join Filter": "((v.table_schema = (\"*SELECT* 1\".table_schema)::text) AND (v.table_name = (\"*SELECT* 1\".table_name)::text))",
                                                          "Rows Removed by Join Filter": 2252,
                                                          "Shared Hit Blocks": 19807,
                                                          "Shared Read Blocks": 0,
                                                          "Shared Dirtied Blocks": 0,
                                                          "Shared Written Blocks": 0,
                                                          "Local Hit Blocks": 0,
                                                          "Local Read Blocks": 0,
                                                          "Local Dirtied Blocks": 0,
                                                          "Local Written Blocks": 0,
                                                          "Temp Read Blocks": 0,
                                                          "Temp Written Blocks": 0,
                                                          "Plans": [
                                                            {
                                                              "Node Type": "Index Scan",
                                                              "Parent Relationship": "Outer",
                                                              "Parallel Aware": false,
                                                              "Scan Direction": "Forward",
                                                              "Index Name": "views_pkey",
                                                              "Relation Name": "views",
                                                              "Schema": "data_manager",
                                                              "Alias": "v",
                                                              "Startup Cost": 0.15,
                                                              "Total Cost": 2.37,
                                                              "Plan Rows": 1,
                                                              "Plan Width": 47,
                                                              "Actual Startup Time": 0.012,
                                                              "Actual Total Time": 0.015,
                                                              "Actual Rows": 1,
                                                              "Actual Loops": 1,
                                                              "Output": ["v.view_id", "v.source_id", "v.data_type", "v.interval_version", "v.geography_version", "v.version", "v.source_url", "v.publisher", "v.table_schema", "v.table_name", "v.data_table", "v.download_url", "v.tiles_url", "v.start_date", "v.end_date", "v.last_updated", "v.statistics", "v.metadata", "v.user_id", "v.root_etl_context_id", "v.etl_context_id", "v._created_timestamp", "v._modified_timestamp"],
                                                              "Index Cond": "(v.view_id = 348)",
                                                              "Rows Removed by Index Recheck": 0,
                                                              "Shared Hit Blocks": 2,
                                                              "Shared Read Blocks": 0,
                                                              "Shared Dirtied Blocks": 0,
                                                              "Shared Written Blocks": 0,
                                                              "Local Hit Blocks": 0,
                                                              "Local Read Blocks": 0,
                                                              "Local Dirtied Blocks": 0,
                                                              "Local Written Blocks": 0,
                                                              "Temp Read Blocks": 0,
                                                              "Temp Written Blocks": 0
                                                            },
                                                            {
                                                              "Node Type": "Append",
                                                              "Parent Relationship": "Inner",
                                                              "Parallel Aware": false,
                                                              "Startup Cost": 0.41,
                                                              "Total Cost": 411348.46,
                                                              "Plan Rows": 15459,
                                                              "Plan Width": 128,
                                                              "Actual Startup Time": 135.212,
                                                              "Actual Total Time": 315.049,
                                                              "Actual Rows": 2253,
                                                              "Actual Loops": 1,
                                                              "Shared Hit Blocks": 19805,
                                                              "Shared Read Blocks": 0,
                                                              "Shared Dirtied Blocks": 0,
                                                              "Shared Written Blocks": 0,
                                                              "Local Hit Blocks": 0,
                                                              "Local Read Blocks": 0,
                                                              "Local Dirtied Blocks": 0,
                                                              "Local Written Blocks": 0,
                                                              "Temp Read Blocks": 0,
                                                              "Temp Written Blocks": 0,
                                                              "Plans": [
                                                                {
                                                                  "Node Type": "Subquery Scan",
                                                                  "Parent Relationship": "Member",
                                                                  "Parallel Aware": false,
                                                                  "Alias": "*SELECT* 1",
                                                                  "Startup Cost": 0.41,
                                                                  "Total Cost": 10696.99,
                                                                  "Plan Rows": 5,
                                                                  "Plan Width": 128,
                                                                  "Actual Startup Time": 135.210,
                                                                  "Actual Total Time": 314.603,
                                                                  "Actual Rows": 2253,
                                                                  "Actual Loops": 1,
                                                                  "Output": ["\"*SELECT* 1\".table_schema", "\"*SELECT* 1\".table_name", "\"*SELECT* 1\".constraint_schema", "\"*SELECT* 1\".constraint_name"],
                                                                  "Shared Hit Blocks": 19805,
                                                                  "Shared Read Blocks": 0,
                                                                  "Shared Dirtied Blocks": 0,
                                                                  "Shared Written Blocks": 0,
                                                                  "Local Hit Blocks": 0,
                                                                  "Local Read Blocks": 0,
                                                                  "Local Dirtied Blocks": 0,
                                                                  "Local Written Blocks": 0,
                                                                  "Temp Read Blocks": 0,
                                                                  "Temp Written Blocks": 0,
                                                                  "Plans": [
                                                                    {
                                                                      "Node Type": "Nested Loop",
                                                                      "Parent Relationship": "Subquery",
                                                                      "Parallel Aware": false,
                                                                      "Join Type": "Inner",
                                                                      "Startup Cost": 0.41,
                                                                      "Total Cost": 10696.94,
                                                                      "Plan Rows": 5,
                                                                      "Plan Width": 320,
                                                                      "Actual Startup Time": 135.208,
                                                                      "Actual Total Time": 314.051,
                                                                      "Actual Rows": 2253,
                                                                      "Actual Loops": 1,
                                                                      "Output": ["NULL::information_schema.sql_identifier", "(nc_3.nspname)::information_schema.sql_identifier", "(c_4.conname)::information_schema.sql_identifier", "NULL::information_schema.sql_identifier", "(nr.nspname)::information_schema.sql_identifier", "(r.relname)::information_schema.sql_identifier", "NULL::information_schema.character_data", "NULL::information_schema.yes_or_no", "NULL::information_schema.yes_or_no", "NULL::information_schema.yes_or_no"],
                                                                      "Inner Unique": false,
                                                                      "Join Filter": "(c_4.connamespace = nc_3.oid)",
                                                                      "Rows Removed by Join Filter": 707442,
                                                                      "Shared Hit Blocks": 19805,
                                                                      "Shared Read Blocks": 0,
                                                                      "Shared Dirtied Blocks": 0,
                                                                      "Shared Written Blocks": 0,
                                                                      "Local Hit Blocks": 0,
                                                                      "Local Read Blocks": 0,
                                                                      "Local Dirtied Blocks": 0,
                                                                      "Local Written Blocks": 0,
                                                                      "Temp Read Blocks": 0,
                                                                      "Temp Written Blocks": 0,
                                                                      "Plans": [
                                                                        {
                                                                          "Node Type": "Seq Scan",
                                                                          "Parent Relationship": "Outer",
                                                                          "Parallel Aware": false,
                                                                          "Relation Name": "pg_namespace",
                                                                          "Schema": "pg_catalog",
                                                                          "Alias": "nc_3",
                                                                          "Startup Cost": 0.00,
                                                                          "Total Cost": 8.15,
                                                                          "Plan Rows": 315,
                                                                          "Plan Width": 68,
                                                                          "Actual Startup Time": 0.021,
                                                                          "Actual Total Time": 0.125,
                                                                          "Actual Rows": 315,
                                                                          "Actual Loops": 1,
                                                                          "Output": ["nc_3.nspname", "nc_3.oid"],
                                                                          "Shared Hit Blocks": 5,
                                                                          "Shared Read Blocks": 0,
                                                                          "Shared Dirtied Blocks": 0,
                                                                          "Shared Written Blocks": 0,
                                                                          "Local Hit Blocks": 0,
                                                                          "Local Read Blocks": 0,
                                                                          "Local Dirtied Blocks": 0,
                                                                          "Local Written Blocks": 0,
                                                                          "Temp Read Blocks": 0,
                                                                          "Temp Written Blocks": 0
                                                                        },
                                                                        {
                                                                          "Node Type": "Materialize",
                                                                          "Parent Relationship": "Inner",
                                                                          "Parallel Aware": false,
                                                                          "Startup Cost": 0.41,
                                                                          "Total Cost": 10665.08,
                                                                          "Plan Rows": 5,
                                                                          "Plan Width": 196,
                                                                          "Actual Startup Time": 0.302,
                                                                          "Actual Total Time": 0.647,
                                                                          "Actual Rows": 2253,
                                                                          "Actual Loops": 315,
                                                                          "Output": ["nr.nspname", "r.relname", "c_4.conname", "c_4.connamespace"],
                                                                          "Shared Hit Blocks": 19800,
                                                                          "Shared Read Blocks": 0,
                                                                          "Shared Dirtied Blocks": 0,
                                                                          "Shared Written Blocks": 0,
                                                                          "Local Hit Blocks": 0,
                                                                          "Local Read Blocks": 0,
                                                                          "Local Dirtied Blocks": 0,
                                                                          "Local Written Blocks": 0,
                                                                          "Temp Read Blocks": 0,
                                                                          "Temp Written Blocks": 0,
                                                                          "Plans": [
                                                                            {
                                                                              "Node Type": "Nested Loop",
                                                                              "Parent Relationship": "Outer",
                                                                              "Parallel Aware": false,
                                                                              "Join Type": "Inner",
                                                                              "Startup Cost": 0.41,
                                                                              "Total Cost": 10665.05,
                                                                              "Plan Rows": 5,
                                                                              "Plan Width": 196,
                                                                              "Actual Startup Time": 94.982,
                                                                              "Actual Total Time": 129.869,
                                                                              "Actual Rows": 2253,
                                                                              "Actual Loops": 1,
                                                                              "Output": ["nr.nspname", "r.relname", "c_4.conname", "c_4.connamespace"],
                                                                              "Inner Unique": false,
                                                                              "Join Filter": "(r.relnamespace = nr.oid)",
                                                                              "Rows Removed by Join Filter": 135180,
                                                                              "Shared Hit Blocks": 19800,
                                                                              "Shared Read Blocks": 0,
                                                                              "Shared Dirtied Blocks": 0,
                                                                              "Shared Written Blocks": 0,
                                                                              "Local Hit Blocks": 0,
                                                                              "Local Read Blocks": 0,
                                                                              "Local Dirtied Blocks": 0,
                                                                              "Local Written Blocks": 0,
                                                                              "Temp Read Blocks": 0,
                                                                              "Temp Written Blocks": 0,
                                                                              "Plans": [
                                                                                {
                                                                                  "Node Type": "Seq Scan",
                                                                                  "Parent Relationship": "Outer",
                                                                                  "Parallel Aware": false,
                                                                                  "Relation Name": "pg_namespace",
                                                                                  "Schema": "pg_catalog",
                                                                                  "Alias": "nr",
                                                                                  "Startup Cost": 0.00,
                                                                                  "Total Cost": 8.94,
                                                                                  "Plan Rows": 210,
                                                                                  "Plan Width": 68,
                                                                                  "Actual Startup Time": 0.064,
                                                                                  "Actual Total Time": 1.732,
                                                                                  "Actual Rows": 61,
                                                                                  "Actual Loops": 1,
                                                                                  "Output": ["nr.nspname", "nr.oid"],
                                                                                  "Filter": "(NOT pg_is_other_temp_schema(nr.oid))",
                                                                                  "Rows Removed by Filter": 254,
                                                                                  "Shared Hit Blocks": 635,
                                                                                  "Shared Read Blocks": 0,
                                                                                  "Shared Dirtied Blocks": 0,
                                                                                  "Shared Written Blocks": 0,
                                                                                  "Local Hit Blocks": 0,
                                                                                  "Local Read Blocks": 0,
                                                                                  "Local Dirtied Blocks": 0,
                                                                                  "Local Written Blocks": 0,
                                                                                  "Temp Read Blocks": 0,
                                                                                  "Temp Written Blocks": 0
                                                                                },
                                                                                {
                                                                                  "Node Type": "Materialize",
                                                                                  "Parent Relationship": "Inner",
                                                                                  "Parallel Aware": false,
                                                                                  "Startup Cost": 0.41,
                                                                                  "Total Cost": 10630.94,
                                                                                  "Plan Rows": 8,
                                                                                  "Plan Width": 136,
                                                                                  "Actual Startup Time": 0.002,
                                                                                  "Actual Total Time": 1.741,
                                                                                  "Actual Rows": 2253,
                                                                                  "Actual Loops": 61,
                                                                                  "Output": ["c_4.conname", "c_4.connamespace", "r.relname", "r.relnamespace"],
                                                                                  "Shared Hit Blocks": 19165,
                                                                                  "Shared Read Blocks": 0,
                                                                                  "Shared Dirtied Blocks": 0,
                                                                                  "Shared Written Blocks": 0,
                                                                                  "Local Hit Blocks": 0,
                                                                                  "Local Read Blocks": 0,
                                                                                  "Local Dirtied Blocks": 0,
                                                                                  "Local Written Blocks": 0,
                                                                                  "Temp Read Blocks": 0,
                                                                                  "Temp Written Blocks": 0,
                                                                                  "Plans": [
                                                                                    {
                                                                                      "Node Type": "Nested Loop",
                                                                                      "Parent Relationship": "Outer",
                                                                                      "Parallel Aware": false,
                                                                                      "Join Type": "Inner",
                                                                                      "Startup Cost": 0.41,
                                                                                      "Total Cost": 10630.90,
                                                                                      "Plan Rows": 8,
                                                                                      "Plan Width": 136,
                                                                                      "Actual Startup Time": 0.089,
                                                                                      "Actual Total Time": 90.186,
                                                                                      "Actual Rows": 2253,
                                                                                      "Actual Loops": 1,
                                                                                      "Output": ["c_4.conname", "c_4.connamespace", "r.relname", "r.relnamespace"],
                                                                                      "Inner Unique": true,
                                                                                      "Shared Hit Blocks": 19165,
                                                                                      "Shared Read Blocks": 0,
                                                                                      "Shared Dirtied Blocks": 0,
                                                                                      "Shared Written Blocks": 0,
                                                                                      "Local Hit Blocks": 0,
                                                                                      "Local Read Blocks": 0,
                                                                                      "Local Dirtied Blocks": 0,
                                                                                      "Local Written Blocks": 0,
                                                                                      "Temp Read Blocks": 0,
                                                                                      "Temp Written Blocks": 0,
                                                                                      "Plans": [
                                                                                        {
                                                                                          "Node Type": "Seq Scan",
                                                                                          "Parent Relationship": "Outer",
                                                                                          "Parallel Aware": false,
                                                                                          "Relation Name": "pg_constraint",
                                                                                          "Schema": "pg_catalog",
                                                                                          "Alias": "c_4",
                                                                                          "Startup Cost": 0.00,
                                                                                          "Total Cost": 10380.47,
                                                                                          "Plan Rows": 42,
                                                                                          "Plan Width": 72,
                                                                                          "Actual Startup Time": 0.015,
                                                                                          "Actual Total Time": 66.332,
                                                                                          "Actual Rows": 2253,
                                                                                          "Actual Loops": 1,
                                                                                          "Output": ["c_4.conname", "c_4.connamespace", "c_4.contype", "c_4.condeferrable", "c_4.condeferred", "c_4.convalidated", "c_4.conrelid", "c_4.contypid", "c_4.conindid", "c_4.conparentid", "c_4.confrelid", "c_4.confupdtype", "c_4.confdeltype", "c_4.confmatchtype", "c_4.conislocal", "c_4.coninhcount", "c_4.connoinherit", "c_4.conkey", "c_4.confkey", "c_4.conpfeqop", "c_4.conppeqop", "c_4.conffeqop", "c_4.conexclop", "c_4.conbin", "c_4.consrc"],
                                                                                          "Filter": "((c_4.contype <> ALL ('{t,x}'::\"char\"[])) AND (((CASE c_4.contype WHEN 'c'::\"char\" THEN 'CHECK'::text WHEN 'f'::\"char\" THEN 'FOREIGN KEY'::text WHEN 'p'::\"char\" THEN 'PRIMARY KEY'::text WHEN 'u'::\"char\" THEN 'UNIQUE'::text ELSE NULL::text END)::information_schema.character_data)::text = 'PRIMARY KEY'::text))",
                                                                                          "Rows Removed by Filter": 3519,
                                                                                          "Shared Hit Blocks": 10152,
                                                                                          "Shared Read Blocks": 0,
                                                                                          "Shared Dirtied Blocks": 0,
                                                                                          "Shared Written Blocks": 0,
                                                                                          "Local Hit Blocks": 0,
                                                                                          "Local Read Blocks": 0,
                                                                                          "Local Dirtied Blocks": 0,
                                                                                          "Local Written Blocks": 0,
                                                                                          "Temp Read Blocks": 0,
                                                                                          "Temp Written Blocks": 0
                                                                                        },
                                                                                        {
                                                                                          "Node Type": "Index Scan",
                                                                                          "Parent Relationship": "Inner",
                                                                                          "Parallel Aware": false,
                                                                                          "Scan Direction": "Forward",
                                                                                          "Index Name": "pg_class_oid_index",
                                                                                          "Relation Name": "pg_class",
                                                                                          "Schema": "pg_catalog",
                                                                                          "Alias": "r",
                                                                                          "Startup Cost": 0.41,
                                                                                          "Total Cost": 5.96,
                                                                                          "Plan Rows": 1,
                                                                                          "Plan Width": 72,
                                                                                          "Actual Startup Time": 0.009,
                                                                                          "Actual Total Time": 0.009,
                                                                                          "Actual Rows": 1,
                                                                                          "Actual Loops": 2253,
                                                                                          "Output": ["r.relname", "r.relnamespace", "r.oid"],
                                                                                          "Index Cond": "(r.oid = c_4.conrelid)",
                                                                                          "Rows Removed by Index Recheck": 0,
                                                                                          "Filter": "((r.relkind = ANY ('{r,p}'::\"char\"[])) AND (pg_has_role(r.relowner, 'USAGE'::text) OR has_table_privilege(r.oid, 'INSERT, UPDATE, DELETE, TRUNCATE, REFERENCES, TRIGGER'::text) OR has_any_column_privilege(r.oid, 'INSERT, UPDATE, REFERENCES'::text)))",
                                                                                          "Rows Removed by Filter": 0,
                                                                                          "Shared Hit Blocks": 9013,
                                                                                          "Shared Read Blocks": 0,
                                                                                          "Shared Dirtied Blocks": 0,
                                                                                          "Shared Written Blocks": 0,
                                                                                          "Local Hit Blocks": 0,
                                                                                          "Local Read Blocks": 0,
                                                                                          "Local Dirtied Blocks": 0,
                                                                                          "Local Written Blocks": 0,
                                                                                          "Temp Read Blocks": 0,
                                                                                          "Temp Written Blocks": 0
                                                                                        }
                                                                                      ]
                                                                                    }
                                                                                  ]
                                                                                }
                                                                              ]
                                                                            }
                                                                          ]
                                                                        }
                                                                      ]
                                                                    }
                                                                  ]
                                                                },
                                                                {
                                                                  "Node Type": "Subquery Scan",
                                                                  "Parent Relationship": "Member",
                                                                  "Parallel Aware": false,
                                                                  "Alias": "*SELECT* 2",
                                                                  "Startup Cost": 1.11,
                                                                  "Total Cost": 400574.17,
                                                                  "Plan Rows": 15454,
                                                                  "Plan Width": 128,
                                                                  "Actual Startup Time": 0.004,
                                                                  "Actual Total Time": 0.005,
                                                                  "Actual Rows": 0,
                                                                  "Actual Loops": 1,
                                                                  "Output": ["\"*SELECT* 2\".table_schema", "\"*SELECT* 2\".table_name", "\"*SELECT* 2\".constraint_schema", "\"*SELECT* 2\".constraint_name"],
                                                                  "Shared Hit Blocks": 0,
                                                                  "Shared Read Blocks": 0,
                                                                  "Shared Dirtied Blocks": 0,
                                                                  "Shared Written Blocks": 0,
                                                                  "Local Hit Blocks": 0,
                                                                  "Local Read Blocks": 0,
                                                                  "Local Dirtied Blocks": 0,
                                                                  "Local Written Blocks": 0,
                                                                  "Temp Read Blocks": 0,
                                                                  "Temp Written Blocks": 0,
                                                                  "Plans": [
                                                                    {
                                                                      "Node Type": "Result",
                                                                      "Parent Relationship": "Subquery",
                                                                      "Parallel Aware": false,
                                                                      "Startup Cost": 1.11,
                                                                      "Total Cost": 400419.63,
                                                                      "Plan Rows": 15454,
                                                                      "Plan Width": 320,
                                                                      "Actual Startup Time": 0.003,
                                                                      "Actual Total Time": 0.003,
                                                                      "Actual Rows": 0,
                                                                      "Actual Loops": 1,
                                                                      "Output": ["NULL::information_schema.sql_identifier", "(nr_1.nspname)::information_schema.sql_identifier", "(((((((nr_1.oid)::text || '_'::text) || (r_1.oid)::text) || '_'::text) || (a_4.attnum)::text) || '_not_null'::text))::information_schema.sql_identifier", "NULL::information_schema.sql_identifier", "(nr_1.nspname)::information_schema.sql_identifier", "(r_1.relname)::information_schema.sql_identifier", "NULL::information_schema.character_data", "NULL::information_schema.yes_or_no", "NULL::information_schema.yes_or_no", "NULL::information_schema.yes_or_no"],
                                                                      "One-Time Filter": "((('CHECK'::character varying)::information_schema.character_data)::text = 'PRIMARY KEY'::text)",
                                                                      "Shared Hit Blocks": 0,
                                                                      "Shared Read Blocks": 0,
                                                                      "Shared Dirtied Blocks": 0,
                                                                      "Shared Written Blocks": 0,
                                                                      "Local Hit Blocks": 0,
                                                                      "Local Read Blocks": 0,
                                                                      "Local Dirtied Blocks": 0,
                                                                      "Local Written Blocks": 0,
                                                                      "Temp Read Blocks": 0,
                                                                      "Temp Written Blocks": 0,
                                                                      "Plans": [
                                                                        {
                                                                          "Node Type": "Nested Loop",
                                                                          "Parent Relationship": "Outer",
                                                                          "Parallel Aware": false,
                                                                          "Join Type": "Inner",
                                                                          "Startup Cost": 1.11,
                                                                          "Total Cost": 399724.20,
                                                                          "Plan Rows": 15454,
                                                                          "Plan Width": 138,
                                                                          "Actual Startup Time": 0.000,
                                                                          "Actual Total Time": 0.000,
                                                                          "Actual Rows": 0,
                                                                          "Actual Loops": 0,
                                                                          "Output": ["nr_1.nspname", "nr_1.oid", "r_1.oid", "r_1.relname", "a_4.attnum"],
                                                                          "Inner Unique": false,
                                                                          "Shared Hit Blocks": 0,
                                                                          "Shared Read Blocks": 0,
                                                                          "Shared Dirtied Blocks": 0,
                                                                          "Shared Written Blocks": 0,
                                                                          "Local Hit Blocks": 0,
                                                                          "Local Read Blocks": 0,
                                                                          "Local Dirtied Blocks": 0,
                                                                          "Local Written Blocks": 0,
                                                                          "Temp Read Blocks": 0,
                                                                          "Temp Written Blocks": 0,
                                                                          "Plans": [
                                                                            {
                                                                              "Node Type": "Nested Loop",
                                                                              "Parent Relationship": "Outer",
                                                                              "Parallel Aware": false,
                                                                              "Join Type": "Inner",
                                                                              "Startup Cost": 0.56,
                                                                              "Total Cost": 114174.07,
                                                                              "Plan Rows": 3149,
                                                                              "Plan Width": 136,
                                                                              "Actual Startup Time": 0.000,
                                                                              "Actual Total Time": 0.000,
                                                                              "Actual Rows": 0,
                                                                              "Actual Loops": 0,
                                                                              "Output": ["nr_1.nspname", "nr_1.oid", "r_1.oid", "r_1.relname"],
                                                                              "Inner Unique": true,
                                                                              "Shared Hit Blocks": 0,
                                                                              "Shared Read Blocks": 0,
                                                                              "Shared Dirtied Blocks": 0,
                                                                              "Shared Written Blocks": 0,
                                                                              "Local Hit Blocks": 0,
                                                                              "Local Read Blocks": 0,
                                                                              "Local Dirtied Blocks": 0,
                                                                              "Local Written Blocks": 0,
                                                                              "Temp Read Blocks": 0,
                                                                              "Temp Written Blocks": 0,
                                                                              "Plans": [
                                                                                {
                                                                                  "Node Type": "Index Scan",
                                                                                  "Parent Relationship": "Outer",
                                                                                  "Parallel Aware": false,
                                                                                  "Scan Direction": "Forward",
                                                                                  "Index Name": "pg_class_oid_index",
                                                                                  "Relation Name": "pg_class",
                                                                                  "Schema": "pg_catalog",
                                                                                  "Alias": "r_1",
                                                                                  "Startup Cost": 0.41,
                                                                                  "Total Cost": 113375.59,
                                                                                  "Plan Rows": 4723,
                                                                                  "Plan Width": 72,
                                                                                  "Actual Startup Time": 0.000,
                                                                                  "Actual Total Time": 0.000,
                                                                                  "Actual Rows": 0,
                                                                                  "Actual Loops": 0,
                                                                                  "Output": ["r_1.oid", "r_1.relname", "r_1.relnamespace"],
                                                                                  "Filter": "((r_1.relkind = ANY ('{r,p}'::\"char\"[])) AND (pg_has_role(r_1.relowner, 'USAGE'::text) OR has_table_privilege(r_1.oid, 'INSERT, UPDATE, DELETE, TRUNCATE, REFERENCES, TRIGGER'::text) OR has_any_column_privilege(r_1.oid, 'INSERT, UPDATE, REFERENCES'::text)))",
                                                                                  "Rows Removed by Filter": 0,
                                                                                  "Shared Hit Blocks": 0,
                                                                                  "Shared Read Blocks": 0,
                                                                                  "Shared Dirtied Blocks": 0,
                                                                                  "Shared Written Blocks": 0,
                                                                                  "Local Hit Blocks": 0,
                                                                                  "Local Read Blocks": 0,
                                                                                  "Local Dirtied Blocks": 0,
                                                                                  "Local Written Blocks": 0,
                                                                                  "Temp Read Blocks": 0,
                                                                                  "Temp Written Blocks": 0
                                                                                },
                                                                                {
                                                                                  "Node Type": "Index Scan",
                                                                                  "Parent Relationship": "Inner",
                                                                                  "Parallel Aware": false,
                                                                                  "Scan Direction": "Forward",
                                                                                  "Index Name": "pg_namespace_oid_index",
                                                                                  "Relation Name": "pg_namespace",
                                                                                  "Schema": "pg_catalog",
                                                                                  "Alias": "nr_1",
                                                                                  "Startup Cost": 0.15,
                                                                                  "Total Cost": 0.17,
                                                                                  "Plan Rows": 1,
                                                                                  "Plan Width": 68,
                                                                                  "Actual Startup Time": 0.000,
                                                                                  "Actual Total Time": 0.000,
                                                                                  "Actual Rows": 0,
                                                                                  "Actual Loops": 0,
                                                                                  "Output": ["nr_1.nspname", "nr_1.oid"],
                                                                                  "Index Cond": "(nr_1.oid = r_1.relnamespace)",
                                                                                  "Rows Removed by Index Recheck": 0,
                                                                                  "Filter": "(NOT pg_is_other_temp_schema(nr_1.oid))",
                                                                                  "Rows Removed by Filter": 0,
                                                                                  "Shared Hit Blocks": 0,
                                                                                  "Shared Read Blocks": 0,
                                                                                  "Shared Dirtied Blocks": 0,
                                                                                  "Shared Written Blocks": 0,
                                                                                  "Local Hit Blocks": 0,
                                                                                  "Local Read Blocks": 0,
                                                                                  "Local Dirtied Blocks": 0,
                                                                                  "Local Written Blocks": 0,
                                                                                  "Temp Read Blocks": 0,
                                                                                  "Temp Written Blocks": 0
                                                                                }
                                                                              ]
                                                                            },
                                                                            {
                                                                              "Node Type": "Index Scan",
                                                                              "Parent Relationship": "Inner",
                                                                              "Parallel Aware": false,
                                                                              "Scan Direction": "Forward",
                                                                              "Index Name": "pg_attribute_relid_attnum_index",
                                                                              "Relation Name": "pg_attribute",
                                                                              "Schema": "pg_catalog",
                                                                              "Alias": "a_4",
                                                                              "Startup Cost": 0.55,
                                                                              "Total Cost": 90.45,
                                                                              "Plan Rows": 23,
                                                                              "Plan Width": 6,
                                                                              "Actual Startup Time": 0.000,
                                                                              "Actual Total Time": 0.000,
                                                                              "Actual Rows": 0,
                                                                              "Actual Loops": 0,
                                                                              "Output": ["a_4.attrelid", "a_4.attname", "a_4.atttypid", "a_4.attstattarget", "a_4.attlen", "a_4.attnum", "a_4.attndims", "a_4.attcacheoff", "a_4.atttypmod", "a_4.attbyval", "a_4.attstorage", "a_4.attalign", "a_4.attnotnull", "a_4.atthasdef", "a_4.atthasmissing", "a_4.attidentity", "a_4.attisdropped", "a_4.attislocal", "a_4.attinhcount", "a_4.attcollation", "a_4.attacl", "a_4.attoptions", "a_4.attfdwoptions", "a_4.attmissingval"],
                                                                              "Index Cond": "((a_4.attrelid = r_1.oid) AND (a_4.attnum > 0))",
                                                                              "Rows Removed by Index Recheck": 0,
                                                                              "Filter": "(a_4.attnotnull AND (NOT a_4.attisdropped))",
                                                                              "Rows Removed by Filter": 0,
                                                                              "Shared Hit Blocks": 0,
                                                                              "Shared Read Blocks": 0,
                                                                              "Shared Dirtied Blocks": 0,
                                                                              "Shared Written Blocks": 0,
                                                                              "Local Hit Blocks": 0,
                                                                              "Local Read Blocks": 0,
                                                                              "Local Dirtied Blocks": 0,
                                                                              "Local Written Blocks": 0,
                                                                              "Temp Read Blocks": 0,
                                                                              "Temp Written Blocks": 0
                                                                            }
                                                                          ]
                                                                        }
                                                                      ]
                                                                    }
                                                                  ]
                                                                }
                                                              ]
                                                            }
                                                          ]
                                                        },
                                                        {
                                                          "Node Type": "Hash Join",
                                                          "Parent Relationship": "Inner",
                                                          "Parallel Aware": false,
                                                          "Join Type": "Inner",
                                                          "Startup Cost": 49357.14,
                                                          "Total Cost": 583000.57,
                                                          "Plan Rows": 47907,
                                                          "Plan Width": 202,
                                                          "Actual Startup Time": 16.396,
                                                          "Actual Total Time": 747.470,
                                                          "Actual Rows": 96721,
                                                          "Actual Loops": 1,
                                                          "Output": ["a_3.attnum", "a_3.attcollation", "a_3.attname", "c_3.oid", "c_3.relname", "nc_2.nspname"],
                                                          "Inner Unique": true,
                                                          "Hash Cond": "(t_4.typnamespace = nt_2.oid)",
                                                          "Shared Hit Blocks": 423376,
                                                          "Shared Read Blocks": 0,
                                                          "Shared Dirtied Blocks": 0,
                                                          "Shared Written Blocks": 0,
                                                          "Local Hit Blocks": 0,
                                                          "Local Read Blocks": 0,
                                                          "Local Dirtied Blocks": 0,
                                                          "Local Written Blocks": 0,
                                                          "Temp Read Blocks": 0,
                                                          "Temp Written Blocks": 0,
                                                          "Plans": [
                                                            {
                                                              "Node Type": "Hash Join",
                                                              "Parent Relationship": "Outer",
                                                              "Parallel Aware": false,
                                                              "Join Type": "Left",
                                                              "Startup Cost": 49345.05,
                                                              "Total Cost": 582861.03,
                                                              "Plan Rows": 47907,
                                                              "Plan Width": 206,
                                                              "Actual Startup Time": 16.115,
                                                              "Actual Total Time": 696.752,
                                                              "Actual Rows": 96721,
                                                              "Actual Loops": 1,
                                                              "Output": ["t_4.typnamespace", "a_3.attnum", "a_3.attcollation", "a_3.attname", "c_3.oid", "c_3.relname", "nc_2.nspname"],
                                                              "Inner Unique": false,
                                                              "Hash Cond": "(t_4.typbasetype = bt_1.oid)",
                                                              "Join Filter": "(t_4.typtype = 'd'::\"char\")",
                                                              "Rows Removed by Join Filter": 0,
                                                              "Shared Hit Blocks": 423368,
                                                              "Shared Read Blocks": 0,
                                                              "Shared Dirtied Blocks": 0,
                                                              "Shared Written Blocks": 0,
                                                              "Local Hit Blocks": 0,
                                                              "Local Read Blocks": 0,
                                                              "Local Dirtied Blocks": 0,
                                                              "Local Written Blocks": 0,
                                                              "Temp Read Blocks": 0,
                                                              "Temp Written Blocks": 0,
                                                              "Plans": [
                                                                {
                                                                  "Node Type": "Nested Loop",
                                                                  "Parent Relationship": "Outer",
                                                                  "Parallel Aware": false,
                                                                  "Join Type": "Inner",
                                                                  "Startup Cost": 1.52,
                                                                  "Total Cost": 532739.02,
                                                                  "Plan Rows": 47907,
                                                                  "Plan Width": 211,
                                                                  "Actual Startup Time": 0.151,
                                                                  "Actual Total Time": 635.963,
                                                                  "Actual Rows": 96721,
                                                                  "Actual Loops": 1,
                                                                  "Output": ["a_3.attnum", "a_3.attcollation", "a_3.attname", "c_3.oid", "c_3.relname", "nc_2.nspname", "t_4.typnamespace", "t_4.typtype", "t_4.typbasetype"],
                                                                  "Inner Unique": true,
                                                                  "Shared Hit Blocks": 421205,
                                                                  "Shared Read Blocks": 0,
                                                                  "Shared Dirtied Blocks": 0,
                                                                  "Shared Written Blocks": 0,
                                                                  "Local Hit Blocks": 0,
                                                                  "Local Read Blocks": 0,
                                                                  "Local Dirtied Blocks": 0,
                                                                  "Local Written Blocks": 0,
                                                                  "Temp Read Blocks": 0,
                                                                  "Temp Written Blocks": 0,
                                                                  "Plans": [
                                                                    {
                                                                      "Node Type": "Nested Loop",
                                                                      "Parent Relationship": "Outer",
                                                                      "Parallel Aware": false,
                                                                      "Join Type": "Inner",
                                                                      "Startup Cost": 1.11,
                                                                      "Total Cost": 501180.39,
                                                                      "Plan Rows": 47907,
                                                                      "Plan Width": 206,
                                                                      "Actual Startup Time": 0.122,
                                                                      "Actual Total Time": 208.530,
                                                                      "Actual Rows": 96721,
                                                                      "Actual Loops": 1,
                                                                      "Output": ["a_3.attnum", "a_3.atttypid", "a_3.attcollation", "a_3.attname", "c_3.oid", "c_3.relname", "nc_2.nspname"],
                                                                      "Inner Unique": false,
                                                                      "Shared Hit Blocks": 34321,
                                                                      "Shared Read Blocks": 0,
                                                                      "Shared Dirtied Blocks": 0,
                                                                      "Shared Written Blocks": 0,
                                                                      "Local Hit Blocks": 0,
                                                                      "Local Read Blocks": 0,
                                                                      "Local Dirtied Blocks": 0,
                                                                      "Local Written Blocks": 0,
                                                                      "Temp Read Blocks": 0,
                                                                      "Temp Written Blocks": 0,
                                                                      "Plans": [
                                                                        {
                                                                          "Node Type": "Nested Loop",
                                                                          "Parent Relationship": "Outer",
                                                                          "Parallel Aware": false,
                                                                          "Join Type": "Inner",
                                                                          "Startup Cost": 0.56,
                                                                          "Total Cost": 113905.66,
                                                                          "Plan Rows": 4845,
                                                                          "Plan Width": 136,
                                                                          "Actual Startup Time": 0.059,
                                                                          "Actual Total Time": 29.277,
                                                                          "Actual Rows": 3634,
                                                                          "Actual Loops": 1,
                                                                          "Output": ["c_3.oid", "c_3.relowner", "c_3.relname", "nc_2.nspname"],
                                                                          "Inner Unique": true,
                                                                          "Shared Hit Blocks": 11896,
                                                                          "Shared Read Blocks": 0,
                                                                          "Shared Dirtied Blocks": 0,
                                                                          "Shared Written Blocks": 0,
                                                                          "Local Hit Blocks": 0,
                                                                          "Local Read Blocks": 0,
                                                                          "Local Dirtied Blocks": 0,
                                                                          "Local Written Blocks": 0,
                                                                          "Temp Read Blocks": 0,
                                                                          "Temp Written Blocks": 0,
                                                                          "Plans": [
                                                                            {
                                                                              "Node Type": "Index Scan",
                                                                              "Parent Relationship": "Outer",
                                                                              "Parallel Aware": false,
                                                                              "Scan Direction": "Forward",
                                                                              "Index Name": "pg_class_oid_index",
                                                                              "Relation Name": "pg_class",
                                                                              "Schema": "pg_catalog",
                                                                              "Alias": "c_3",
                                                                              "Startup Cost": 0.41,
                                                                              "Total Cost": 112681.21,
                                                                              "Plan Rows": 7267,
                                                                              "Plan Width": 76,
                                                                              "Actual Startup Time": 0.039,
                                                                              "Actual Total Time": 15.214,
                                                                              "Actual Rows": 3634,
                                                                              "Actual Loops": 1,
                                                                              "Output": ["c_3.relnamespace", "c_3.oid", "c_3.relowner", "c_3.relname"],
                                                                              "Filter": "(c_3.relkind = ANY ('{r,v,f,p}'::\"char\"[]))",
                                                                              "Rows Removed by Filter": 9190,
                                                                              "Shared Hit Blocks": 4628,
                                                                              "Shared Read Blocks": 0,
                                                                              "Shared Dirtied Blocks": 0,
                                                                              "Shared Written Blocks": 0,
                                                                              "Local Hit Blocks": 0,
                                                                              "Local Read Blocks": 0,
                                                                              "Local Dirtied Blocks": 0,
                                                                              "Local Written Blocks": 0,
                                                                              "Temp Read Blocks": 0,
                                                                              "Temp Written Blocks": 0
                                                                            },
                                                                            {
                                                                              "Node Type": "Index Scan",
                                                                              "Parent Relationship": "Inner",
                                                                              "Parallel Aware": false,
                                                                              "Scan Direction": "Forward",
                                                                              "Index Name": "pg_namespace_oid_index",
                                                                              "Relation Name": "pg_namespace",
                                                                              "Schema": "pg_catalog",
                                                                              "Alias": "nc_2",
                                                                              "Startup Cost": 0.15,
                                                                              "Total Cost": 0.17,
                                                                              "Plan Rows": 1,
                                                                              "Plan Width": 68,
                                                                              "Actual Startup Time": 0.003,
                                                                              "Actual Total Time": 0.003,
                                                                              "Actual Rows": 1,
                                                                              "Actual Loops": 3634,
                                                                              "Output": ["nc_2.oid", "nc_2.nspname"],
                                                                              "Index Cond": "(nc_2.oid = c_3.relnamespace)",
                                                                              "Rows Removed by Index Recheck": 0,
                                                                              "Filter": "(NOT pg_is_other_temp_schema(nc_2.oid))",
                                                                              "Rows Removed by Filter": 0,
                                                                              "Shared Hit Blocks": 7268,
                                                                              "Shared Read Blocks": 0,
                                                                              "Shared Dirtied Blocks": 0,
                                                                              "Shared Written Blocks": 0,
                                                                              "Local Hit Blocks": 0,
                                                                              "Local Read Blocks": 0,
                                                                              "Local Dirtied Blocks": 0,
                                                                              "Local Written Blocks": 0,
                                                                              "Temp Read Blocks": 0,
                                                                              "Temp Written Blocks": 0
                                                                            }
                                                                          ]
                                                                        },
                                                                        {
                                                                          "Node Type": "Index Scan",
                                                                          "Parent Relationship": "Inner",
                                                                          "Parallel Aware": false,
                                                                          "Scan Direction": "Forward",
                                                                          "Index Name": "pg_attribute_relid_attnum_index",
                                                                          "Relation Name": "pg_attribute",
                                                                          "Schema": "pg_catalog",
                                                                          "Alias": "a_3",
                                                                          "Startup Cost": 0.55,
                                                                          "Total Cost": 79.46,
                                                                          "Plan Rows": 47,
                                                                          "Plan Width": 78,
                                                                          "Actual Startup Time": 0.009,
                                                                          "Actual Total Time": 0.039,
                                                                          "Actual Rows": 27,
                                                                          "Actual Loops": 3634,
                                                                          "Output": ["a_3.attrelid", "a_3.attname", "a_3.atttypid", "a_3.attstattarget", "a_3.attlen", "a_3.attnum", "a_3.attndims", "a_3.attcacheoff", "a_3.atttypmod", "a_3.attbyval", "a_3.attstorage", "a_3.attalign", "a_3.attnotnull", "a_3.atthasdef", "a_3.atthasmissing", "a_3.attidentity", "a_3.attisdropped", "a_3.attislocal", "a_3.attinhcount", "a_3.attcollation", "a_3.attacl", "a_3.attoptions", "a_3.attfdwoptions", "a_3.attmissingval"],
                                                                          "Index Cond": "((a_3.attrelid = c_3.oid) AND (a_3.attnum > 0))",
                                                                          "Rows Removed by Index Recheck": 0,
                                                                          "Filter": "((NOT a_3.attisdropped) AND (pg_has_role(c_3.relowner, 'USAGE'::text) OR has_column_privilege(c_3.oid, a_3.attnum, 'SELECT, INSERT, UPDATE, REFERENCES'::text)))",
                                                                          "Rows Removed by Filter": 0,
                                                                          "Shared Hit Blocks": 22425,
                                                                          "Shared Read Blocks": 0,
                                                                          "Shared Dirtied Blocks": 0,
                                                                          "Shared Written Blocks": 0,
                                                                          "Local Hit Blocks": 0,
                                                                          "Local Read Blocks": 0,
                                                                          "Local Dirtied Blocks": 0,
                                                                          "Local Written Blocks": 0,
                                                                          "Temp Read Blocks": 0,
                                                                          "Temp Written Blocks": 0
                                                                        }
                                                                      ]
                                                                    },
                                                                    {
                                                                      "Node Type": "Index Scan",
                                                                      "Parent Relationship": "Inner",
                                                                      "Parallel Aware": false,
                                                                      "Scan Direction": "Forward",
                                                                      "Index Name": "pg_type_oid_index",
                                                                      "Relation Name": "pg_type",
                                                                      "Schema": "pg_catalog",
                                                                      "Alias": "t_4",
                                                                      "Startup Cost": 0.41,
                                                                      "Total Cost": 0.66,
                                                                      "Plan Rows": 1,
                                                                      "Plan Width": 13,
                                                                      "Actual Startup Time": 0.003,
                                                                      "Actual Total Time": 0.003,
                                                                      "Actual Rows": 1,
                                                                      "Actual Loops": 96721,
                                                                      "Output": ["t_4.typnamespace", "t_4.oid", "t_4.typtype", "t_4.typbasetype"],
                                                                      "Index Cond": "(t_4.oid = a_3.atttypid)",
                                                                      "Rows Removed by Index Recheck": 0,
                                                                      "Shared Hit Blocks": 386884,
                                                                      "Shared Read Blocks": 0,
                                                                      "Shared Dirtied Blocks": 0,
                                                                      "Shared Written Blocks": 0,
                                                                      "Local Hit Blocks": 0,
                                                                      "Local Read Blocks": 0,
                                                                      "Local Dirtied Blocks": 0,
                                                                      "Local Written Blocks": 0,
                                                                      "Temp Read Blocks": 0,
                                                                      "Temp Written Blocks": 0
                                                                    }
                                                                  ]
                                                                },
                                                                {
                                                                  "Node Type": "Hash",
                                                                  "Parent Relationship": "Inner",
                                                                  "Parallel Aware": false,
                                                                  "Startup Cost": 49124.07,
                                                                  "Total Cost": 49124.07,
                                                                  "Plan Rows": 17557,
                                                                  "Plan Width": 4,
                                                                  "Actual Startup Time": 15.717,
                                                                  "Actual Total Time": 15.717,
                                                                  "Actual Rows": 9853,
                                                                  "Actual Loops": 1,
                                                                  "Output": ["bt_1.oid"],
                                                                  "Hash Buckets": 32768,
                                                                  "Original Hash Buckets": 32768,
                                                                  "Hash Batches": 1,
                                                                  "Original Hash Batches": 1,
                                                                  "Peak Memory Usage": 603,
                                                                  "Shared Hit Blocks": 2163,
                                                                  "Shared Read Blocks": 0,
                                                                  "Shared Dirtied Blocks": 0,
                                                                  "Shared Written Blocks": 0,
                                                                  "Local Hit Blocks": 0,
                                                                  "Local Read Blocks": 0,
                                                                  "Local Dirtied Blocks": 0,
                                                                  "Local Written Blocks": 0,
                                                                  "Temp Read Blocks": 0,
                                                                  "Temp Written Blocks": 0,
                                                                  "Plans": [
                                                                    {
                                                                      "Node Type": "Hash Join",
                                                                      "Parent Relationship": "Outer",
                                                                      "Parallel Aware": false,
                                                                      "Join Type": "Inner",
                                                                      "Startup Cost": 12.50,
                                                                      "Total Cost": 49124.07,
                                                                      "Plan Rows": 17557,
                                                                      "Plan Width": 4,
                                                                      "Actual Startup Time": 0.219,
                                                                      "Actual Total Time": 12.730,
                                                                      "Actual Rows": 9853,
                                                                      "Actual Loops": 1,
                                                                      "Output": ["bt_1.oid"],
                                                                      "Inner Unique": true,
                                                                      "Hash Cond": "(bt_1.typnamespace = nbt_1.oid)",
                                                                      "Shared Hit Blocks": 2163,
                                                                      "Shared Read Blocks": 0,
                                                                      "Shared Dirtied Blocks": 0,
                                                                      "Shared Written Blocks": 0,
                                                                      "Local Hit Blocks": 0,
                                                                      "Local Read Blocks": 0,
                                                                      "Local Dirtied Blocks": 0,
                                                                      "Local Written Blocks": 0,
                                                                      "Temp Read Blocks": 0,
                                                                      "Temp Written Blocks": 0,
                                                                      "Plans": [
                                                                        {
                                                                          "Node Type": "Index Scan",
                                                                          "Parent Relationship": "Outer",
                                                                          "Parallel Aware": false,
                                                                          "Scan Direction": "Forward",
                                                                          "Index Name": "pg_type_oid_index",
                                                                          "Relation Name": "pg_type",
                                                                          "Schema": "pg_catalog",
                                                                          "Alias": "bt_1",
                                                                          "Startup Cost": 0.41,
                                                                          "Total Cost": 49065.27,
                                                                          "Plan Rows": 17557,
                                                                          "Plan Width": 8,
                                                                          "Actual Startup Time": 0.019,
                                                                          "Actual Total Time": 8.845,
                                                                          "Actual Rows": 9853,
                                                                          "Actual Loops": 1,
                                                                          "Output": ["bt_1.typnamespace", "bt_1.oid"],
                                                                          "Shared Hit Blocks": 2158,
                                                                          "Shared Read Blocks": 0,
                                                                          "Shared Dirtied Blocks": 0,
                                                                          "Shared Written Blocks": 0,
                                                                          "Local Hit Blocks": 0,
                                                                          "Local Read Blocks": 0,
                                                                          "Local Dirtied Blocks": 0,
                                                                          "Local Written Blocks": 0,
                                                                          "Temp Read Blocks": 0,
                                                                          "Temp Written Blocks": 0
                                                                        },
                                                                        {
                                                                          "Node Type": "Hash",
                                                                          "Parent Relationship": "Inner",
                                                                          "Parallel Aware": false,
                                                                          "Startup Cost": 8.15,
                                                                          "Total Cost": 8.15,
                                                                          "Plan Rows": 315,
                                                                          "Plan Width": 4,
                                                                          "Actual Startup Time": 0.164,
                                                                          "Actual Total Time": 0.164,
                                                                          "Actual Rows": 315,
                                                                          "Actual Loops": 1,
                                                                          "Output": ["nbt_1.oid"],
                                                                          "Hash Buckets": 1024,
                                                                          "Original Hash Buckets": 1024,
                                                                          "Hash Batches": 1,
                                                                          "Original Hash Batches": 1,
                                                                          "Peak Memory Usage": 20,
                                                                          "Shared Hit Blocks": 5,
                                                                          "Shared Read Blocks": 0,
                                                                          "Shared Dirtied Blocks": 0,
                                                                          "Shared Written Blocks": 0,
                                                                          "Local Hit Blocks": 0,
                                                                          "Local Read Blocks": 0,
                                                                          "Local Dirtied Blocks": 0,
                                                                          "Local Written Blocks": 0,
                                                                          "Temp Read Blocks": 0,
                                                                          "Temp Written Blocks": 0,
                                                                          "Plans": [
                                                                            {
                                                                              "Node Type": "Seq Scan",
                                                                              "Parent Relationship": "Outer",
                                                                              "Parallel Aware": false,
                                                                              "Relation Name": "pg_namespace",
                                                                              "Schema": "pg_catalog",
                                                                              "Alias": "nbt_1",
                                                                              "Startup Cost": 0.00,
                                                                              "Total Cost": 8.15,
                                                                              "Plan Rows": 315,
                                                                              "Plan Width": 4,
                                                                              "Actual Startup Time": 0.007,
                                                                              "Actual Total Time": 0.074,
                                                                              "Actual Rows": 315,
                                                                              "Actual Loops": 1,
                                                                              "Output": ["nbt_1.oid"],
                                                                              "Shared Hit Blocks": 5,
                                                                              "Shared Read Blocks": 0,
                                                                              "Shared Dirtied Blocks": 0,
                                                                              "Shared Written Blocks": 0,
                                                                              "Local Hit Blocks": 0,
                                                                              "Local Read Blocks": 0,
                                                                              "Local Dirtied Blocks": 0,
                                                                              "Local Written Blocks": 0,
                                                                              "Temp Read Blocks": 0,
                                                                              "Temp Written Blocks": 0
                                                                            }
                                                                          ]
                                                                        }
                                                                      ]
                                                                    }
                                                                  ]
                                                                }
                                                              ]
                                                            },
                                                            {
                                                              "Node Type": "Hash",
                                                              "Parent Relationship": "Inner",
                                                              "Parallel Aware": false,
                                                              "Startup Cost": 8.15,
                                                              "Total Cost": 8.15,
                                                              "Plan Rows": 315,
                                                              "Plan Width": 4,
                                                              "Actual Startup Time": 0.177,
                                                              "Actual Total Time": 0.177,
                                                              "Actual Rows": 315,
                                                              "Actual Loops": 1,
                                                              "Output": ["nt_2.oid"],
                                                              "Hash Buckets": 1024,
                                                              "Original Hash Buckets": 1024,
                                                              "Hash Batches": 1,
                                                              "Original Hash Batches": 1,
                                                              "Peak Memory Usage": 20,
                                                              "Shared Hit Blocks": 5,
                                                              "Shared Read Blocks": 0,
                                                              "Shared Dirtied Blocks": 0,
                                                              "Shared Written Blocks": 0,
                                                              "Local Hit Blocks": 0,
                                                              "Local Read Blocks": 0,
                                                              "Local Dirtied Blocks": 0,
                                                              "Local Written Blocks": 0,
                                                              "Temp Read Blocks": 0,
                                                              "Temp Written Blocks": 0,
                                                              "Plans": [
                                                                {
                                                                  "Node Type": "Seq Scan",
                                                                  "Parent Relationship": "Outer",
                                                                  "Parallel Aware": false,
                                                                  "Relation Name": "pg_namespace",
                                                                  "Schema": "pg_catalog",
                                                                  "Alias": "nt_2",
                                                                  "Startup Cost": 0.00,
                                                                  "Total Cost": 8.15,
                                                                  "Plan Rows": 315,
                                                                  "Plan Width": 4,
                                                                  "Actual Startup Time": 0.018,
                                                                  "Actual Total Time": 0.082,
                                                                  "Actual Rows": 315,
                                                                  "Actual Loops": 1,
                                                                  "Output": ["nt_2.oid"],
                                                                  "Shared Hit Blocks": 5,
                                                                  "Shared Read Blocks": 0,
                                                                  "Shared Dirtied Blocks": 0,
                                                                  "Shared Written Blocks": 0,
                                                                  "Local Hit Blocks": 0,
                                                                  "Local Read Blocks": 0,
                                                                  "Local Dirtied Blocks": 0,
                                                                  "Local Written Blocks": 0,
                                                                  "Temp Read Blocks": 0,
                                                                  "Temp Written Blocks": 0
                                                                }
                                                              ]
                                                            }
                                                          ]
                                                        }
                                                      ]
                                                    },
                                                    {
                                                      "Node Type": "Nested Loop",
                                                      "Parent Relationship": "Inner",
                                                      "Parallel Aware": false,
                                                      "Join Type": "Inner",
                                                      "Startup Cost": 0.69,
                                                      "Total Cost": 4.95,
                                                      "Plan Rows": 1,
                                                      "Plan Width": 8,
                                                      "Actual Startup Time": 0.025,
                                                      "Actual Total Time": 0.025,
                                                      "Actual Rows": 0,
                                                      "Actual Loops": 35,
                                                      "Output": ["dep_1.refobjid", "dep_1.refobjsubid"],
                                                      "Inner Unique": true,
                                                      "Shared Hit Blocks": 148,
                                                      "Shared Read Blocks": 0,
                                                      "Shared Dirtied Blocks": 0,
                                                      "Shared Written Blocks": 0,
                                                      "Local Hit Blocks": 0,
                                                      "Local Read Blocks": 0,
                                                      "Local Dirtied Blocks": 0,
                                                      "Local Written Blocks": 0,
                                                      "Temp Read Blocks": 0,
                                                      "Temp Written Blocks": 0,
                                                      "Plans": [
                                                        {
                                                          "Node Type": "Index Scan",
                                                          "Parent Relationship": "Outer",
                                                          "Parallel Aware": false,
                                                          "Scan Direction": "Forward",
                                                          "Index Name": "pg_depend_reference_index",
                                                          "Relation Name": "pg_depend",
                                                          "Schema": "pg_catalog",
                                                          "Alias": "dep_1",
                                                          "Startup Cost": 0.54,
                                                          "Total Cost": 4.79,
                                                          "Plan Rows": 1,
                                                          "Plan Width": 12,
                                                          "Actual Startup Time": 0.021,
                                                          "Actual Total Time": 0.021,
                                                          "Actual Rows": 0,
                                                          "Actual Loops": 35,
                                                          "Output": ["dep_1.classid", "dep_1.objid", "dep_1.objsubid", "dep_1.refclassid", "dep_1.refobjid", "dep_1.refobjsubid", "dep_1.deptype"],
                                                          "Index Cond": "((dep_1.refclassid = '1259'::oid) AND (dep_1.refobjid = c_3.oid) AND (dep_1.refobjsubid = a_3.attnum))",
                                                          "Rows Removed by Index Recheck": 0,
                                                          "Filter": "((dep_1.classid = '1259'::oid) AND (dep_1.deptype = 'i'::\"char\"))",
                                                          "Rows Removed by Filter": 0,
                                                          "Shared Hit Blocks": 148,
                                                          "Shared Read Blocks": 0,
                                                          "Shared Dirtied Blocks": 0,
                                                          "Shared Written Blocks": 0,
                                                          "Local Hit Blocks": 0,
                                                          "Local Read Blocks": 0,
                                                          "Local Dirtied Blocks": 0,
                                                          "Local Written Blocks": 0,
                                                          "Temp Read Blocks": 0,
                                                          "Temp Written Blocks": 0
                                                        },
                                                        {
                                                          "Node Type": "Index Only Scan",
                                                          "Parent Relationship": "Inner",
                                                          "Parallel Aware": false,
                                                          "Scan Direction": "Forward",
                                                          "Index Name": "pg_sequence_seqrelid_index",
                                                          "Relation Name": "pg_sequence",
                                                          "Schema": "pg_catalog",
                                                          "Alias": "seq_1",
                                                          "Startup Cost": 0.14,
                                                          "Total Cost": 0.16,
                                                          "Plan Rows": 1,
                                                          "Plan Width": 4,
                                                          "Actual Startup Time": 0.000,
                                                          "Actual Total Time": 0.000,
                                                          "Actual Rows": 0,
                                                          "Actual Loops": 0,
                                                          "Output": ["seq_1.seqrelid"],
                                                          "Index Cond": "(seq_1.seqrelid = dep_1.objid)",
                                                          "Rows Removed by Index Recheck": 0,
                                                          "Heap Fetches": 0,
                                                          "Shared Hit Blocks": 0,
                                                          "Shared Read Blocks": 0,
                                                          "Shared Dirtied Blocks": 0,
                                                          "Shared Written Blocks": 0,
                                                          "Local Hit Blocks": 0,
                                                          "Local Read Blocks": 0,
                                                          "Local Dirtied Blocks": 0,
                                                          "Local Written Blocks": 0,
                                                          "Temp Read Blocks": 0,
                                                          "Temp Written Blocks": 0
                                                        }
                                                      ]
                                                    }
                                                  ]
                                                },
                                                {
                                                  "Node Type": "Append",
                                                  "Parent Relationship": "Inner",
                                                  "Parallel Aware": false,
                                                  "Startup Cost": 37806.33,
                                                  "Total Cost": 79855.81,
                                                  "Plan Rows": 456,
                                                  "Plan Width": 192,
                                                  "Actual Startup Time": 31.064,
                                                  "Actual Total Time": 128.644,
                                                  "Actual Rows": 7497,
                                                  "Actual Loops": 35,
                                                  "Shared Hit Blocks": 2010852,
                                                  "Shared Read Blocks": 0,
                                                  "Shared Dirtied Blocks": 0,
                                                  "Shared Written Blocks": 0,
                                                  "Local Hit Blocks": 0,
                                                  "Local Read Blocks": 0,
                                                  "Local Dirtied Blocks": 0,
                                                  "Local Written Blocks": 0,
                                                  "Temp Read Blocks": 0,
                                                  "Temp Written Blocks": 0,
                                                  "Plans": [
                                                    {
                                                      "Node Type": "Subquery Scan",
                                                      "Parent Relationship": "Member",
                                                      "Parallel Aware": false,
                                                      "Alias": "*SELECT* 1_1",
                                                      "Startup Cost": 37806.33,
                                                      "Total Cost": 37807.29,
                                                      "Plan Rows": 35,
                                                      "Plan Width": 192,
                                                      "Actual Startup Time": 31.063,
                                                      "Actual Total Time": 36.663,
                                                      "Actual Rows": 2842,
                                                      "Actual Loops": 35,
                                                      "Output": ["\"*SELECT* 1_1\".nspname_1", "\"*SELECT* 1_1\".conname", "\"*SELECT* 1_1\".attname"],
                                                      "Shared Hit Blocks": 75663,
                                                      "Shared Read Blocks": 0,
                                                      "Shared Dirtied Blocks": 0,
                                                      "Shared Written Blocks": 0,
                                                      "Local Hit Blocks": 0,
                                                      "Local Read Blocks": 0,
                                                      "Local Dirtied Blocks": 0,
                                                      "Local Written Blocks": 0,
                                                      "Temp Read Blocks": 0,
                                                      "Temp Written Blocks": 0,
                                                      "Plans": [
                                                        {
                                                          "Node Type": "Unique",
                                                          "Parent Relationship": "Subquery",
                                                          "Parallel Aware": false,
                                                          "Startup Cost": 37806.33,
                                                          "Total Cost": 37806.94,
                                                          "Plan Rows": 35,
                                                          "Plan Width": 324,
                                                          "Actual Startup Time": 31.061,
                                                          "Actual Total Time": 35.902,
                                                          "Actual Rows": 2842,
                                                          "Actual Loops": 35,
                                                          "Output": ["nr_2.nspname", "r_2.relname", "r_2.relowner", "a_5.attname", "nc_4.nspname", "c_5.conname"],
                                                          "Shared Hit Blocks": 75663,
                                                          "Shared Read Blocks": 0,
                                                          "Shared Dirtied Blocks": 0,
                                                          "Shared Written Blocks": 0,
                                                          "Local Hit Blocks": 0,
                                                          "Local Read Blocks": 0,
                                                          "Local Dirtied Blocks": 0,
                                                          "Local Written Blocks": 0,
                                                          "Temp Read Blocks": 0,
                                                          "Temp Written Blocks": 0,
                                                          "Plans": [
                                                            {
                                                              "Node Type": "Sort",
                                                              "Parent Relationship": "Outer",
                                                              "Parallel Aware": false,
                                                              "Startup Cost": 37806.33,
                                                              "Total Cost": 37806.42,
                                                              "Plan Rows": 35,
                                                              "Plan Width": 324,
                                                              "Actual Startup Time": 31.058,
                                                              "Actual Total Time": 32.246,
                                                              "Actual Rows": 5684,
                                                              "Actual Loops": 35,
                                                              "Output": ["nr_2.nspname", "r_2.relname", "r_2.relowner", "a_5.attname", "nc_4.nspname", "c_5.conname"],
                                                              "Sort Key": ["nr_2.nspname", "r_2.relname", "r_2.relowner", "a_5.attname", "nc_4.nspname", "c_5.conname"],
                                                              "Sort Method": "quicksort",
                                                              "Sort Space Used": 3123,
                                                              "Sort Space Type": "Memory",
                                                              "Shared Hit Blocks": 75663,
                                                              "Shared Read Blocks": 0,
                                                              "Shared Dirtied Blocks": 0,
                                                              "Shared Written Blocks": 0,
                                                              "Local Hit Blocks": 0,
                                                              "Local Read Blocks": 0,
                                                              "Local Dirtied Blocks": 0,
                                                              "Local Written Blocks": 0,
                                                              "Temp Read Blocks": 0,
                                                              "Temp Written Blocks": 0,
                                                              "Plans": [
                                                                {
                                                                  "Node Type": "Nested Loop",
                                                                  "Parent Relationship": "Outer",
                                                                  "Parallel Aware": false,
                                                                  "Join Type": "Inner",
                                                                  "Startup Cost": 1.50,
                                                                  "Total Cost": 37805.43,
                                                                  "Plan Rows": 35,
                                                                  "Plan Width": 324,
                                                                  "Actual Startup Time": 596.330,
                                                                  "Actual Total Time": 1075.739,
                                                                  "Actual Rows": 5684,
                                                                  "Actual Loops": 1,
                                                                  "Output": ["nr_2.nspname", "r_2.relname", "r_2.relowner", "a_5.attname", "nc_4.nspname", "c_5.conname"],
                                                                  "Inner Unique": false,
                                                                  "Join Filter": "(c_5.connamespace = nc_4.oid)",
                                                                  "Rows Removed by Join Filter": 1784776,
                                                                  "Shared Hit Blocks": 75657,
                                                                  "Shared Read Blocks": 0,
                                                                  "Shared Dirtied Blocks": 0,
                                                                  "Shared Written Blocks": 0,
                                                                  "Local Hit Blocks": 0,
                                                                  "Local Read Blocks": 0,
                                                                  "Local Dirtied Blocks": 0,
                                                                  "Local Written Blocks": 0,
                                                                  "Temp Read Blocks": 0,
                                                                  "Temp Written Blocks": 0,
                                                                  "Plans": [
                                                                    {
                                                                      "Node Type": "Seq Scan",
                                                                      "Parent Relationship": "Outer",
                                                                      "Parallel Aware": false,
                                                                      "Relation Name": "pg_namespace",
                                                                      "Schema": "pg_catalog",
                                                                      "Alias": "nc_4",
                                                                      "Startup Cost": 0.00,
                                                                      "Total Cost": 8.15,
                                                                      "Plan Rows": 315,
                                                                      "Plan Width": 68,
                                                                      "Actual Startup Time": 0.018,
                                                                      "Actual Total Time": 0.201,
                                                                      "Actual Rows": 315,
                                                                      "Actual Loops": 1,
                                                                      "Output": ["nc_4.nspname", "nc_4.oid"],
                                                                      "Shared Hit Blocks": 5,
                                                                      "Shared Read Blocks": 0,
                                                                      "Shared Dirtied Blocks": 0,
                                                                      "Shared Written Blocks": 0,
                                                                      "Local Hit Blocks": 0,
                                                                      "Local Read Blocks": 0,
                                                                      "Local Dirtied Blocks": 0,
                                                                      "Local Written Blocks": 0,
                                                                      "Temp Read Blocks": 0,
                                                                      "Temp Written Blocks": 0
                                                                    },
                                                                    {
                                                                      "Node Type": "Materialize",
                                                                      "Parent Relationship": "Inner",
                                                                      "Parallel Aware": false,
                                                                      "Startup Cost": 1.50,
                                                                      "Total Cost": 37632.00,
                                                                      "Plan Rows": 35,
                                                                      "Plan Width": 264,
                                                                      "Actual Startup Time": 0.415,
                                                                      "Actual Total Time": 2.434,
                                                                      "Actual Rows": 5684,
                                                                      "Actual Loops": 315,
                                                                      "Output": ["nr_2.nspname", "r_2.relname", "r_2.relowner", "a_5.attname", "c_5.conname", "c_5.connamespace"],
                                                                      "Shared Hit Blocks": 75652,
                                                                      "Shared Read Blocks": 0,
                                                                      "Shared Dirtied Blocks": 0,
                                                                      "Shared Written Blocks": 0,
                                                                      "Local Hit Blocks": 0,
                                                                      "Local Read Blocks": 0,
                                                                      "Local Dirtied Blocks": 0,
                                                                      "Local Written Blocks": 0,
                                                                      "Temp Read Blocks": 0,
                                                                      "Temp Written Blocks": 0,
                                                                      "Plans": [
                                                                        {
                                                                          "Node Type": "Nested Loop",
                                                                          "Parent Relationship": "Outer",
                                                                          "Parallel Aware": false,
                                                                          "Join Type": "Inner",
                                                                          "Startup Cost": 1.50,
                                                                          "Total Cost": 37631.82,
                                                                          "Plan Rows": 35,
                                                                          "Plan Width": 264,
                                                                          "Actual Startup Time": 130.765,
                                                                          "Actual Total Time": 573.919,
                                                                          "Actual Rows": 5684,
                                                                          "Actual Loops": 1,
                                                                          "Output": ["nr_2.nspname", "r_2.relname", "r_2.relowner", "a_5.attname", "c_5.conname", "c_5.connamespace"],
                                                                          "Inner Unique": false,
                                                                          "Join Filter": "(r_2.relnamespace = nr_2.oid)",
                                                                          "Rows Removed by Join Filter": 1784776,
                                                                          "Shared Hit Blocks": 75652,
                                                                          "Shared Read Blocks": 0,
                                                                          "Shared Dirtied Blocks": 0,
                                                                          "Shared Written Blocks": 0,
                                                                          "Local Hit Blocks": 0,
                                                                          "Local Read Blocks": 0,
                                                                          "Local Dirtied Blocks": 0,
                                                                          "Local Written Blocks": 0,
                                                                          "Temp Read Blocks": 0,
                                                                          "Temp Written Blocks": 0,
                                                                          "Plans": [
                                                                            {
                                                                              "Node Type": "Seq Scan",
                                                                              "Parent Relationship": "Outer",
                                                                              "Parallel Aware": false,
                                                                              "Relation Name": "pg_namespace",
                                                                              "Schema": "pg_catalog",
                                                                              "Alias": "nr_2",
                                                                              "Startup Cost": 0.00,
                                                                              "Total Cost": 8.15,
                                                                              "Plan Rows": 315,
                                                                              "Plan Width": 68,
                                                                              "Actual Startup Time": 0.006,
                                                                              "Actual Total Time": 0.225,
                                                                              "Actual Rows": 315,
                                                                              "Actual Loops": 1,
                                                                              "Output": ["nr_2.nspname", "nr_2.oid"],
                                                                              "Shared Hit Blocks": 5,
                                                                              "Shared Read Blocks": 0,
                                                                              "Shared Dirtied Blocks": 0,
                                                                              "Shared Written Blocks": 0,
                                                                              "Local Hit Blocks": 0,
                                                                              "Local Read Blocks": 0,
                                                                              "Local Dirtied Blocks": 0,
                                                                              "Local Written Blocks": 0,
                                                                              "Temp Read Blocks": 0,
                                                                              "Temp Written Blocks": 0
                                                                            },
                                                                            {
                                                                              "Node Type": "Materialize",
                                                                              "Parent Relationship": "Inner",
                                                                              "Parallel Aware": false,
                                                                              "Startup Cost": 1.50,
                                                                              "Total Cost": 37458.38,
                                                                              "Plan Rows": 35,
                                                                              "Plan Width": 204,
                                                                              "Actual Startup Time": 0.001,
                                                                              "Actual Total Time": 0.954,
                                                                              "Actual Rows": 5684,
                                                                              "Actual Loops": 315,
                                                                              "Output": ["r_2.relname", "r_2.relowner", "r_2.relnamespace", "a_5.attname", "c_5.conname", "c_5.connamespace"],
                                                                              "Shared Hit Blocks": 75647,
                                                                              "Shared Read Blocks": 0,
                                                                              "Shared Dirtied Blocks": 0,
                                                                              "Shared Written Blocks": 0,
                                                                              "Local Hit Blocks": 0,
                                                                              "Local Read Blocks": 0,
                                                                              "Local Dirtied Blocks": 0,
                                                                              "Local Written Blocks": 0,
                                                                              "Temp Read Blocks": 0,
                                                                              "Temp Written Blocks": 0,
                                                                              "Plans": [
                                                                                {
                                                                                  "Node Type": "Nested Loop",
                                                                                  "Parent Relationship": "Outer",
                                                                                  "Parallel Aware": false,
                                                                                  "Join Type": "Inner",
                                                                                  "Startup Cost": 1.50,
                                                                                  "Total Cost": 37458.21,
                                                                                  "Plan Rows": 35,
                                                                                  "Plan Width": 204,
                                                                                  "Actual Startup Time": 0.160,
                                                                                  "Actual Total Time": 110.472,
                                                                                  "Actual Rows": 5684,
                                                                                  "Actual Loops": 1,
                                                                                  "Output": ["r_2.relname", "r_2.relowner", "r_2.relnamespace", "a_5.attname", "c_5.conname", "c_5.connamespace"],
                                                                                  "Inner Unique": true,
                                                                                  "Shared Hit Blocks": 75647,
                                                                                  "Shared Read Blocks": 0,
                                                                                  "Shared Dirtied Blocks": 0,
                                                                                  "Shared Written Blocks": 0,
                                                                                  "Local Hit Blocks": 0,
                                                                                  "Local Read Blocks": 0,
                                                                                  "Local Dirtied Blocks": 0,
                                                                                  "Local Written Blocks": 0,
                                                                                  "Temp Read Blocks": 0,
                                                                                  "Temp Written Blocks": 0,
                                                                                  "Plans": [
                                                                                    {
                                                                                      "Node Type": "Nested Loop",
                                                                                      "Parent Relationship": "Outer",
                                                                                      "Parallel Aware": false,
                                                                                      "Join Type": "Inner",
                                                                                      "Startup Cost": 1.09,
                                                                                      "Total Cost": 36911.97,
                                                                                      "Plan Rows": 542,
                                                                                      "Plan Width": 140,
                                                                                      "Actual Startup Time": 0.122,
                                                                                      "Actual Total Time": 80.744,
                                                                                      "Actual Rows": 5684,
                                                                                      "Actual Loops": 1,
                                                                                      "Output": ["a_5.attname", "a_5.attrelid", "d_1.refobjid", "c_5.conname", "c_5.connamespace"],
                                                                                      "Inner Unique": true,
                                                                                      "Shared Hit Blocks": 52901,
                                                                                      "Shared Read Blocks": 0,
                                                                                      "Shared Dirtied Blocks": 0,
                                                                                      "Shared Written Blocks": 0,
                                                                                      "Local Hit Blocks": 0,
                                                                                      "Local Read Blocks": 0,
                                                                                      "Local Dirtied Blocks": 0,
                                                                                      "Local Written Blocks": 0,
                                                                                      "Temp Read Blocks": 0,
                                                                                      "Temp Written Blocks": 0,
                                                                                      "Plans": [
                                                                                        {
                                                                                          "Node Type": "Nested Loop",
                                                                                          "Parent Relationship": "Outer",
                                                                                          "Parallel Aware": false,
                                                                                          "Join Type": "Inner",
                                                                                          "Startup Cost": 0.54,
                                                                                          "Total Cost": 34540.80,
                                                                                          "Plan Rows": 867,
                                                                                          "Plan Width": 76,
                                                                                          "Actual Startup Time": 0.092,
                                                                                          "Actual Total Time": 43.414,
                                                                                          "Actual Rows": 5684,
                                                                                          "Actual Loops": 1,
                                                                                          "Output": ["d_1.refobjid", "d_1.refobjsubid", "c_5.conname", "c_5.connamespace"],
                                                                                          "Inner Unique": false,
                                                                                          "Shared Hit Blocks": 24471,
                                                                                          "Shared Read Blocks": 0,
                                                                                          "Shared Dirtied Blocks": 0,
                                                                                          "Shared Written Blocks": 0,
                                                                                          "Local Hit Blocks": 0,
                                                                                          "Local Read Blocks": 0,
                                                                                          "Local Dirtied Blocks": 0,
                                                                                          "Local Written Blocks": 0,
                                                                                          "Temp Read Blocks": 0,
                                                                                          "Temp Written Blocks": 0,
                                                                                          "Plans": [
                                                                                            {
                                                                                              "Node Type": "Seq Scan",
                                                                                              "Parent Relationship": "Outer",
                                                                                              "Parallel Aware": false,
                                                                                              "Relation Name": "pg_constraint",
                                                                                              "Schema": "pg_catalog",
                                                                                              "Alias": "c_5",
                                                                                              "Startup Cost": 0.00,
                                                                                              "Total Cost": 10255.85,
                                                                                              "Plan Rows": 4102,
                                                                                              "Plan Width": 72,
                                                                                              "Actual Startup Time": 0.009,
                                                                                              "Actual Total Time": 19.821,
                                                                                              "Actual Rows": 2847,
                                                                                              "Actual Loops": 1,
                                                                                              "Output": ["c_5.conname", "c_5.oid", "c_5.connamespace"],
                                                                                              "Filter": "(c_5.contype = 'c'::\"char\")",
                                                                                              "Rows Removed by Filter": 2925,
                                                                                              "Shared Hit Blocks": 10152,
                                                                                              "Shared Read Blocks": 0,
                                                                                              "Shared Dirtied Blocks": 0,
                                                                                              "Shared Written Blocks": 0,
                                                                                              "Local Hit Blocks": 0,
                                                                                              "Local Read Blocks": 0,
                                                                                              "Local Dirtied Blocks": 0,
                                                                                              "Local Written Blocks": 0,
                                                                                              "Temp Read Blocks": 0,
                                                                                              "Temp Written Blocks": 0
                                                                                            },
                                                                                            {
                                                                                              "Node Type": "Index Scan",
                                                                                              "Parent Relationship": "Inner",
                                                                                              "Parallel Aware": false,
                                                                                              "Scan Direction": "Forward",
                                                                                              "Index Name": "pg_depend_depender_index",
                                                                                              "Relation Name": "pg_depend",
                                                                                              "Schema": "pg_catalog",
                                                                                              "Alias": "d_1",
                                                                                              "Startup Cost": 0.54,
                                                                                              "Total Cost": 5.91,
                                                                                              "Plan Rows": 1,
                                                                                              "Plan Width": 12,
                                                                                              "Actual Startup Time": 0.006,
                                                                                              "Actual Total Time": 0.007,
                                                                                              "Actual Rows": 2,
                                                                                              "Actual Loops": 2847,
                                                                                              "Output": ["d_1.classid", "d_1.objid", "d_1.objsubid", "d_1.refclassid", "d_1.refobjid", "d_1.refobjsubid", "d_1.deptype"],
                                                                                              "Index Cond": "((d_1.classid = '2606'::oid) AND (d_1.objid = c_5.oid))",
                                                                                              "Rows Removed by Index Recheck": 0,
                                                                                              "Filter": "(d_1.refclassid = '1259'::oid)",
                                                                                              "Rows Removed by Filter": 0,
                                                                                              "Shared Hit Blocks": 14319,
                                                                                              "Shared Read Blocks": 0,
                                                                                              "Shared Dirtied Blocks": 0,
                                                                                              "Shared Written Blocks": 0,
                                                                                              "Local Hit Blocks": 0,
                                                                                              "Local Read Blocks": 0,
                                                                                              "Local Dirtied Blocks": 0,
                                                                                              "Local Written Blocks": 0,
                                                                                              "Temp Read Blocks": 0,
                                                                                              "Temp Written Blocks": 0
                                                                                            }
                                                                                          ]
                                                                                        },
                                                                                        {
                                                                                          "Node Type": "Index Scan",
                                                                                          "Parent Relationship": "Inner",
                                                                                          "Parallel Aware": false,
                                                                                          "Scan Direction": "Forward",
                                                                                          "Index Name": "pg_attribute_relid_attnum_index",
                                                                                          "Relation Name": "pg_attribute",
                                                                                          "Schema": "pg_catalog",
                                                                                          "Alias": "a_5",
                                                                                          "Startup Cost": 0.55,
                                                                                          "Total Cost": 2.73,
                                                                                          "Plan Rows": 1,
                                                                                          "Plan Width": 70,
                                                                                          "Actual Startup Time": 0.006,
                                                                                          "Actual Total Time": 0.006,
                                                                                          "Actual Rows": 1,
                                                                                          "Actual Loops": 5684,
                                                                                          "Output": ["a_5.attrelid", "a_5.attname", "a_5.atttypid", "a_5.attstattarget", "a_5.attlen", "a_5.attnum", "a_5.attndims", "a_5.attcacheoff", "a_5.atttypmod", "a_5.attbyval", "a_5.attstorage", "a_5.attalign", "a_5.attnotnull", "a_5.atthasdef", "a_5.atthasmissing", "a_5.attidentity", "a_5.attisdropped", "a_5.attislocal", "a_5.attinhcount", "a_5.attcollation", "a_5.attacl", "a_5.attoptions", "a_5.attfdwoptions", "a_5.attmissingval"],
                                                                                          "Index Cond": "((a_5.attrelid = d_1.refobjid) AND (a_5.attnum = d_1.refobjsubid))",
                                                                                          "Rows Removed by Index Recheck": 0,
                                                                                          "Filter": "(NOT a_5.attisdropped)",
                                                                                          "Rows Removed by Filter": 0,
                                                                                          "Shared Hit Blocks": 28430,
                                                                                          "Shared Read Blocks": 0,
                                                                                          "Shared Dirtied Blocks": 0,
                                                                                          "Shared Written Blocks": 0,
                                                                                          "Local Hit Blocks": 0,
                                                                                          "Local Read Blocks": 0,
                                                                                          "Local Dirtied Blocks": 0,
                                                                                          "Local Written Blocks": 0,
                                                                                          "Temp Read Blocks": 0,
                                                                                          "Temp Written Blocks": 0
                                                                                        }
                                                                                      ]
                                                                                    },
                                                                                    {
                                                                                      "Node Type": "Index Scan",
                                                                                      "Parent Relationship": "Inner",
                                                                                      "Parallel Aware": false,
                                                                                      "Scan Direction": "Forward",
                                                                                      "Index Name": "pg_class_oid_index",
                                                                                      "Relation Name": "pg_class",
                                                                                      "Schema": "pg_catalog",
                                                                                      "Alias": "r_2",
                                                                                      "Startup Cost": 0.41,
                                                                                      "Total Cost": 1.01,
                                                                                      "Plan Rows": 1,
                                                                                      "Plan Width": 76,
                                                                                      "Actual Startup Time": 0.004,
                                                                                      "Actual Total Time": 0.004,
                                                                                      "Actual Rows": 1,
                                                                                      "Actual Loops": 5684,
                                                                                      "Output": ["r_2.relname", "r_2.relowner", "r_2.relnamespace", "r_2.oid"],
                                                                                      "Index Cond": "(r_2.oid = a_5.attrelid)",
                                                                                      "Rows Removed by Index Recheck": 0,
                                                                                      "Filter": "((r_2.relkind = ANY ('{r,p}'::\"char\"[])) AND pg_has_role(r_2.relowner, 'USAGE'::text))",
                                                                                      "Rows Removed by Filter": 0,
                                                                                      "Shared Hit Blocks": 22746,
                                                                                      "Shared Read Blocks": 0,
                                                                                      "Shared Dirtied Blocks": 0,
                                                                                      "Shared Written Blocks": 0,
                                                                                      "Local Hit Blocks": 0,
                                                                                      "Local Read Blocks": 0,
                                                                                      "Local Dirtied Blocks": 0,
                                                                                      "Local Written Blocks": 0,
                                                                                      "Temp Read Blocks": 0,
                                                                                      "Temp Written Blocks": 0
                                                                                    }
                                                                                  ]
                                                                                }
                                                                              ]
                                                                            }
                                                                          ]
                                                                        }
                                                                      ]
                                                                    }
                                                                  ]
                                                                }
                                                              ]
                                                            }
                                                          ]
                                                        }
                                                      ]
                                                    },
                                                    {
                                                      "Node Type": "Subquery Scan",
                                                      "Parent Relationship": "Member",
                                                      "Parallel Aware": false,
                                                      "Alias": "*SELECT* 2_1",
                                                      "Startup Cost": 1.27,
                                                      "Total Cost": 42046.24,
                                                      "Plan Rows": 421,
                                                      "Plan Width": 192,
                                                      "Actual Startup Time": 0.108,
                                                      "Actual Total Time": 90.342,
                                                      "Actual Rows": 4655,
                                                      "Actual Loops": 35,
                                                      "Output": ["\"*SELECT* 2_1\".nspname_1", "\"*SELECT* 2_1\".conname", "\"*SELECT* 2_1\".attname"],
                                                      "Shared Hit Blocks": 1935189,
                                                      "Shared Read Blocks": 0,
                                                      "Shared Dirtied Blocks": 0,
                                                      "Shared Written Blocks": 0,
                                                      "Local Hit Blocks": 0,
                                                      "Local Read Blocks": 0,
                                                      "Local Dirtied Blocks": 0,
                                                      "Local Written Blocks": 0,
                                                      "Temp Read Blocks": 0,
                                                      "Temp Written Blocks": 0,
                                                      "Plans": [
                                                        {
                                                          "Node Type": "Nested Loop",
                                                          "Parent Relationship": "Subquery",
                                                          "Parallel Aware": false,
                                                          "Join Type": "Inner",
                                                          "Startup Cost": 1.27,
                                                          "Total Cost": 42042.03,
                                                          "Plan Rows": 421,
                                                          "Plan Width": 324,
                                                          "Actual Startup Time": 0.107,
                                                          "Actual Total Time": 88.961,
                                                          "Actual Rows": 4655,
                                                          "Actual Loops": 35,
                                                          "Output": ["NULL::name", "NULL::name", "NULL::oid", "a_6.attname", "nc_5.nspname", "c_6.conname"],
                                                          "Inner Unique": false,
                                                          "Join Filter": "(r_3.oid = a_6.attrelid)",
                                                          "Rows Removed by Join Filter": 0,
                                                          "Shared Hit Blocks": 1935189,
                                                          "Shared Read Blocks": 0,
                                                          "Shared Dirtied Blocks": 0,
                                                          "Shared Written Blocks": 0,
                                                          "Local Hit Blocks": 0,
                                                          "Local Read Blocks": 0,
                                                          "Local Dirtied Blocks": 0,
                                                          "Local Written Blocks": 0,
                                                          "Temp Read Blocks": 0,
                                                          "Temp Written Blocks": 0,
                                                          "Plans": [
                                                            {
                                                              "Node Type": "Nested Loop",
                                                              "Parent Relationship": "Outer",
                                                              "Parallel Aware": false,
                                                              "Join Type": "Inner",
                                                              "Startup Cost": 0.71,
                                                              "Total Cost": 33522.80,
                                                              "Plan Rows": 373,
                                                              "Plan Width": 187,
                                                              "Actual Startup Time": 0.078,
                                                              "Actual Total Time": 55.617,
                                                              "Actual Rows": 2925,
                                                              "Actual Loops": 35,
                                                              "Output": ["r_3.oid", "c_6.conname", "c_6.contype", "c_6.confrelid", "c_6.conrelid", "c_6.confkey", "c_6.conkey", "nc_5.nspname"],
                                                              "Inner Unique": true,
                                                              "Shared Hit Blocks": 1174356,
                                                              "Shared Read Blocks": 0,
                                                              "Shared Dirtied Blocks": 0,
                                                              "Shared Written Blocks": 0,
                                                              "Local Hit Blocks": 0,
                                                              "Local Read Blocks": 0,
                                                              "Local Dirtied Blocks": 0,
                                                              "Local Written Blocks": 0,
                                                              "Temp Read Blocks": 0,
                                                              "Temp Written Blocks": 0,
                                                              "Plans": [
                                                                {
                                                                  "Node Type": "Nested Loop",
                                                                  "Parent Relationship": "Outer",
                                                                  "Parallel Aware": false,
                                                                  "Join Type": "Inner",
                                                                  "Startup Cost": 0.56,
                                                                  "Total Cost": 33460.59,
                                                                  "Plan Rows": 373,
                                                                  "Plan Width": 127,
                                                                  "Actual Startup Time": 0.071,
                                                                  "Actual Total Time": 47.862,
                                                                  "Actual Rows": 2925,
                                                                  "Actual Loops": 35,
                                                                  "Output": ["r_3.oid", "c_6.conname", "c_6.connamespace", "c_6.contype", "c_6.confrelid", "c_6.conrelid", "c_6.confkey", "c_6.conkey"],
                                                                  "Inner Unique": true,
                                                                  "Shared Hit Blocks": 969606,
                                                                  "Shared Read Blocks": 0,
                                                                  "Shared Dirtied Blocks": 0,
                                                                  "Shared Written Blocks": 0,
                                                                  "Local Hit Blocks": 0,
                                                                  "Local Read Blocks": 0,
                                                                  "Local Dirtied Blocks": 0,
                                                                  "Local Written Blocks": 0,
                                                                  "Temp Read Blocks": 0,
                                                                  "Temp Written Blocks": 0,
                                                                  "Plans": [
                                                                    {
                                                                      "Node Type": "Nested Loop",
                                                                      "Parent Relationship": "Outer",
                                                                      "Parallel Aware": false,
                                                                      "Join Type": "Inner",
                                                                      "Startup Cost": 0.41,
                                                                      "Total Cost": 33397.96,
                                                                      "Plan Rows": 373,
                                                                      "Plan Width": 131,
                                                                      "Actual Startup Time": 0.055,
                                                                      "Actual Total Time": 38.549,
                                                                      "Actual Rows": 2925,
                                                                      "Actual Loops": 35,
                                                                      "Output": ["r_3.relnamespace", "r_3.oid", "c_6.conname", "c_6.connamespace", "c_6.contype", "c_6.confrelid", "c_6.conrelid", "c_6.confkey", "c_6.conkey"],
                                                                      "Inner Unique": true,
                                                                      "Shared Hit Blocks": 764855,
                                                                      "Shared Read Blocks": 0,
                                                                      "Shared Dirtied Blocks": 0,
                                                                      "Shared Written Blocks": 0,
                                                                      "Local Hit Blocks": 0,
                                                                      "Local Read Blocks": 0,
                                                                      "Local Dirtied Blocks": 0,
                                                                      "Local Written Blocks": 0,
                                                                      "Temp Read Blocks": 0,
                                                                      "Temp Written Blocks": 0,
                                                                      "Plans": [
                                                                        {
                                                                          "Node Type": "Seq Scan",
                                                                          "Parent Relationship": "Outer",
                                                                          "Parallel Aware": false,
                                                                          "Relation Name": "pg_constraint",
                                                                          "Schema": "pg_catalog",
                                                                          "Alias": "c_6",
                                                                          "Startup Cost": 0.00,
                                                                          "Total Cost": 10266.24,
                                                                          "Plan Rows": 4206,
                                                                          "Plan Width": 123,
                                                                          "Actual Startup Time": 0.016,
                                                                          "Actual Total Time": 19.862,
                                                                          "Actual Rows": 2925,
                                                                          "Actual Loops": 35,
                                                                          "Output": ["c_6.conname", "c_6.connamespace", "c_6.contype", "c_6.condeferrable", "c_6.condeferred", "c_6.convalidated", "c_6.conrelid", "c_6.contypid", "c_6.conindid", "c_6.conparentid", "c_6.confrelid", "c_6.confupdtype", "c_6.confdeltype", "c_6.confmatchtype", "c_6.conislocal", "c_6.coninhcount", "c_6.connoinherit", "c_6.conkey", "c_6.confkey", "c_6.conpfeqop", "c_6.conppeqop", "c_6.conffeqop", "c_6.conexclop", "c_6.conbin", "c_6.consrc"],
                                                                          "Filter": "(c_6.contype = ANY ('{p,u,f}'::\"char\"[]))",
                                                                          "Rows Removed by Filter": 2847,
                                                                          "Shared Hit Blocks": 355320,
                                                                          "Shared Read Blocks": 0,
                                                                          "Shared Dirtied Blocks": 0,
                                                                          "Shared Written Blocks": 0,
                                                                          "Local Hit Blocks": 0,
                                                                          "Local Read Blocks": 0,
                                                                          "Local Dirtied Blocks": 0,
                                                                          "Local Written Blocks": 0,
                                                                          "Temp Read Blocks": 0,
                                                                          "Temp Written Blocks": 0
                                                                        },
                                                                        {
                                                                          "Node Type": "Index Scan",
                                                                          "Parent Relationship": "Inner",
                                                                          "Parallel Aware": false,
                                                                          "Scan Direction": "Forward",
                                                                          "Index Name": "pg_class_oid_index",
                                                                          "Relation Name": "pg_class",
                                                                          "Schema": "pg_catalog",
                                                                          "Alias": "r_3",
                                                                          "Startup Cost": 0.41,
                                                                          "Total Cost": 5.50,
                                                                          "Plan Rows": 1,
                                                                          "Plan Width": 8,
                                                                          "Actual Startup Time": 0.005,
                                                                          "Actual Total Time": 0.005,
                                                                          "Actual Rows": 1,
                                                                          "Actual Loops": 102375,
                                                                          "Output": ["r_3.relnamespace", "r_3.oid"],
                                                                          "Index Cond": "(r_3.oid = CASE c_6.contype WHEN 'f'::\"char\" THEN c_6.confrelid ELSE c_6.conrelid END)",
                                                                          "Rows Removed by Index Recheck": 0,
                                                                          "Filter": "((r_3.relkind = ANY ('{r,p}'::\"char\"[])) AND pg_has_role(r_3.relowner, 'USAGE'::text))",
                                                                          "Rows Removed by Filter": 0,
                                                                          "Shared Hit Blocks": 409535,
                                                                          "Shared Read Blocks": 0,
                                                                          "Shared Dirtied Blocks": 0,
                                                                          "Shared Written Blocks": 0,
                                                                          "Local Hit Blocks": 0,
                                                                          "Local Read Blocks": 0,
                                                                          "Local Dirtied Blocks": 0,
                                                                          "Local Written Blocks": 0,
                                                                          "Temp Read Blocks": 0,
                                                                          "Temp Written Blocks": 0
                                                                        }
                                                                      ]
                                                                    },
                                                                    {
                                                                      "Node Type": "Index Only Scan",
                                                                      "Parent Relationship": "Inner",
                                                                      "Parallel Aware": false,
                                                                      "Scan Direction": "Forward",
                                                                      "Index Name": "pg_namespace_oid_index",
                                                                      "Relation Name": "pg_namespace",
                                                                      "Schema": "pg_catalog",
                                                                      "Alias": "nr_3",
                                                                      "Startup Cost": 0.15,
                                                                      "Total Cost": 0.17,
                                                                      "Plan Rows": 1,
                                                                      "Plan Width": 4,
                                                                      "Actual Startup Time": 0.002,
                                                                      "Actual Total Time": 0.002,
                                                                      "Actual Rows": 1,
                                                                      "Actual Loops": 102375,
                                                                      "Output": ["nr_3.oid"],
                                                                      "Index Cond": "(nr_3.oid = r_3.relnamespace)",
                                                                      "Rows Removed by Index Recheck": 0,
                                                                      "Heap Fetches": 102375,
                                                                      "Shared Hit Blocks": 204751,
                                                                      "Shared Read Blocks": 0,
                                                                      "Shared Dirtied Blocks": 0,
                                                                      "Shared Written Blocks": 0,
                                                                      "Local Hit Blocks": 0,
                                                                      "Local Read Blocks": 0,
                                                                      "Local Dirtied Blocks": 0,
                                                                      "Local Written Blocks": 0,
                                                                      "Temp Read Blocks": 0,
                                                                      "Temp Written Blocks": 0
                                                                    }
                                                                  ]
                                                                },
                                                                {
                                                                  "Node Type": "Index Scan",
                                                                  "Parent Relationship": "Inner",
                                                                  "Parallel Aware": false,
                                                                  "Scan Direction": "Forward",
                                                                  "Index Name": "pg_namespace_oid_index",
                                                                  "Relation Name": "pg_namespace",
                                                                  "Schema": "pg_catalog",
                                                                  "Alias": "nc_5",
                                                                  "Startup Cost": 0.15,
                                                                  "Total Cost": 0.17,
                                                                  "Plan Rows": 1,
                                                                  "Plan Width": 68,
                                                                  "Actual Startup Time": 0.002,
                                                                  "Actual Total Time": 0.002,
                                                                  "Actual Rows": 1,
                                                                  "Actual Loops": 102375,
                                                                  "Output": ["nc_5.nspname", "nc_5.oid"],
                                                                  "Index Cond": "(nc_5.oid = c_6.connamespace)",
                                                                  "Rows Removed by Index Recheck": 0,
                                                                  "Shared Hit Blocks": 204750,
                                                                  "Shared Read Blocks": 0,
                                                                  "Shared Dirtied Blocks": 0,
                                                                  "Shared Written Blocks": 0,
                                                                  "Local Hit Blocks": 0,
                                                                  "Local Read Blocks": 0,
                                                                  "Local Dirtied Blocks": 0,
                                                                  "Local Written Blocks": 0,
                                                                  "Temp Read Blocks": 0,
                                                                  "Temp Written Blocks": 0
                                                                }
                                                              ]
                                                            },
                                                            {
                                                              "Node Type": "Index Scan",
                                                              "Parent Relationship": "Inner",
                                                              "Parallel Aware": false,
                                                              "Scan Direction": "Forward",
                                                              "Index Name": "pg_attribute_relid_attnum_index",
                                                              "Relation Name": "pg_attribute",
                                                              "Schema": "pg_catalog",
                                                              "Alias": "a_6",
                                                              "Startup Cost": 0.56,
                                                              "Total Cost": 22.75,
                                                              "Plan Rows": 7,
                                                              "Plan Width": 70,
                                                              "Actual Startup Time": 0.006,
                                                              "Actual Total Time": 0.009,
                                                              "Actual Rows": 2,
                                                              "Actual Loops": 102375,
                                                              "Output": ["a_6.attrelid", "a_6.attname", "a_6.atttypid", "a_6.attstattarget", "a_6.attlen", "a_6.attnum", "a_6.attndims", "a_6.attcacheoff", "a_6.atttypmod", "a_6.attbyval", "a_6.attstorage", "a_6.attalign", "a_6.attnotnull", "a_6.atthasdef", "a_6.atthasmissing", "a_6.attidentity", "a_6.attisdropped", "a_6.attislocal", "a_6.attinhcount", "a_6.attcollation", "a_6.attacl", "a_6.attoptions", "a_6.attfdwoptions", "a_6.attmissingval"],
                                                              "Index Cond": "((a_6.attrelid = CASE c_6.contype WHEN 'f'::\"char\" THEN c_6.confrelid ELSE c_6.conrelid END) AND (a_6.attnum = ANY (CASE c_6.contype WHEN 'f'::\"char\" THEN c_6.confkey ELSE c_6.conkey END)))",
                                                              "Rows Removed by Index Recheck": 0,
                                                              "Filter": "(NOT a_6.attisdropped)",
                                                              "Rows Removed by Filter": 0,
                                                              "Shared Hit Blocks": 760830,
                                                              "Shared Read Blocks": 0,
                                                              "Shared Dirtied Blocks": 0,
                                                              "Shared Written Blocks": 0,
                                                              "Local Hit Blocks": 0,
                                                              "Local Read Blocks": 0,
                                                              "Local Dirtied Blocks": 0,
                                                              "Local Written Blocks": 0,
                                                              "Temp Read Blocks": 0,
                                                              "Temp Written Blocks": 0
                                                            }
                                                          ]
                                                        }
                                                      ]
                                                    }
                                                  ]
                                                }
                                              ]
                                            },
                                            {
                                              "Node Type": "Nested Loop",
                                              "Parent Relationship": "Inner",
                                              "Parallel Aware": false,
                                              "Join Type": "Inner",
                                              "Startup Cost": 0.42,
                                              "Total Cost": 0.48,
                                              "Plan Rows": 1,
                                              "Plan Width": 4,
                                              "Actual Startup Time": 0.064,
                                              "Actual Total Time": 0.064,
                                              "Actual Rows": 0,
                                              "Actual Loops": 1,
                                              "Output": ["co_1.oid"],
                                              "Inner Unique": true,
                                              "Shared Hit Blocks": 2,
                                              "Shared Read Blocks": 0,
                                              "Shared Dirtied Blocks": 0,
                                              "Shared Written Blocks": 0,
                                              "Local Hit Blocks": 0,
                                              "Local Read Blocks": 0,
                                              "Local Dirtied Blocks": 0,
                                              "Local Written Blocks": 0,
                                              "Temp Read Blocks": 0,
                                              "Temp Written Blocks": 0,
                                              "Plans": [
                                                {
                                                  "Node Type": "Index Scan",
                                                  "Parent Relationship": "Outer",
                                                  "Parallel Aware": false,
                                                  "Scan Direction": "Forward",
                                                  "Index Name": "pg_collation_oid_index",
                                                  "Relation Name": "pg_collation",
                                                  "Schema": "pg_catalog",
                                                  "Alias": "co_1",
                                                  "Startup Cost": 0.28,
                                                  "Total Cost": 0.29,
                                                  "Plan Rows": 1,
                                                  "Plan Width": 72,
                                                  "Actual Startup Time": 0.062,
                                                  "Actual Total Time": 0.062,
                                                  "Actual Rows": 0,
                                                  "Actual Loops": 1,
                                                  "Output": ["co_1.collnamespace", "co_1.oid", "co_1.collname"],
                                                  "Index Cond": "(a_3.attcollation = co_1.oid)",
                                                  "Rows Removed by Index Recheck": 0,
                                                  "Shared Hit Blocks": 2,
                                                  "Shared Read Blocks": 0,
                                                  "Shared Dirtied Blocks": 0,
                                                  "Shared Written Blocks": 0,
                                                  "Local Hit Blocks": 0,
                                                  "Local Read Blocks": 0,
                                                  "Local Dirtied Blocks": 0,
                                                  "Local Written Blocks": 0,
                                                  "Temp Read Blocks": 0,
                                                  "Temp Written Blocks": 0
                                                },
                                                {
                                                  "Node Type": "Index Scan",
                                                  "Parent Relationship": "Inner",
                                                  "Parallel Aware": false,
                                                  "Scan Direction": "Forward",
                                                  "Index Name": "pg_namespace_oid_index",
                                                  "Relation Name": "pg_namespace",
                                                  "Schema": "pg_catalog",
                                                  "Alias": "nco_1",
                                                  "Startup Cost": 0.15,
                                                  "Total Cost": 0.18,
                                                  "Plan Rows": 1,
                                                  "Plan Width": 68,
                                                  "Actual Startup Time": 0.000,
                                                  "Actual Total Time": 0.000,
                                                  "Actual Rows": 0,
                                                  "Actual Loops": 0,
                                                  "Output": ["nco_1.oid", "nco_1.nspname"],
                                                  "Index Cond": "(nco_1.oid = co_1.collnamespace)",
                                                  "Rows Removed by Index Recheck": 0,
                                                  "Filter": "((nco_1.nspname <> 'pg_catalog'::name) OR (co_1.collname <> 'default'::name))",
                                                  "Rows Removed by Filter": 0,
                                                  "Shared Hit Blocks": 0,
                                                  "Shared Read Blocks": 0,
                                                  "Shared Dirtied Blocks": 0,
                                                  "Shared Written Blocks": 0,
                                                  "Local Hit Blocks": 0,
                                                  "Local Read Blocks": 0,
                                                  "Local Dirtied Blocks": 0,
                                                  "Local Written Blocks": 0,
                                                  "Temp Read Blocks": 0,
                                                  "Temp Written Blocks": 0
                                                }
                                              ]
                                            }
                                          ]
                                        }
                                      ]
                                    },
                                    {
                                      "Node Type": "Nested Loop",
                                      "Parent Relationship": "Inner",
                                      "Parallel Aware": false,
                                      "Join Type": "Left",
                                      "Startup Cost": 2.63,
                                      "Total Cost": 454929.40,
                                      "Plan Rows": 1,
                                      "Plan Width": 128,
                                      "Actual Startup Time": 1121.383,
                                      "Actual Total Time": 1121.384,
                                      "Actual Rows": 0,
                                      "Actual Loops": 1,
                                      "Output": ["c_1.relname", "nc.nspname"],
                                      "Inner Unique": false,
                                      "Shared Hit Blocks": 441424,
                                      "Shared Read Blocks": 0,
                                      "Shared Dirtied Blocks": 0,
                                      "Shared Written Blocks": 0,
                                      "Local Hit Blocks": 0,
                                      "Local Read Blocks": 0,
                                      "Local Dirtied Blocks": 0,
                                      "Local Written Blocks": 0,
                                      "Temp Read Blocks": 0,
                                      "Temp Written Blocks": 0,
                                      "Plans": [
                                        {
                                          "Node Type": "Nested Loop",
                                          "Parent Relationship": "Outer",
                                          "Parallel Aware": false,
                                          "Join Type": "Left",
                                          "Startup Cost": 2.21,
                                          "Total Cost": 454928.89,
                                          "Plan Rows": 1,
                                          "Plan Width": 132,
                                          "Actual Startup Time": 1121.382,
                                          "Actual Total Time": 1121.383,
                                          "Actual Rows": 0,
                                          "Actual Loops": 1,
                                          "Output": ["a.attcollation", "c_1.relname", "nc.nspname"],
                                          "Inner Unique": false,
                                          "Join Filter": "((dep.refobjid = c_1.oid) AND (dep.refobjsubid = a.attnum))",
                                          "Rows Removed by Join Filter": 0,
                                          "Shared Hit Blocks": 441424,
                                          "Shared Read Blocks": 0,
                                          "Shared Dirtied Blocks": 0,
                                          "Shared Written Blocks": 0,
                                          "Local Hit Blocks": 0,
                                          "Local Read Blocks": 0,
                                          "Local Dirtied Blocks": 0,
                                          "Local Written Blocks": 0,
                                          "Temp Read Blocks": 0,
                                          "Temp Written Blocks": 0,
                                          "Plans": [
                                            {
                                              "Node Type": "Nested Loop",
                                              "Parent Relationship": "Outer",
                                              "Parallel Aware": false,
                                              "Join Type": "Inner",
                                              "Startup Cost": 1.67,
                                              "Total Cost": 454122.14,
                                              "Plan Rows": 1,
                                              "Plan Width": 138,
                                              "Actual Startup Time": 1121.382,
                                              "Actual Total Time": 1121.382,
                                              "Actual Rows": 0,
                                              "Actual Loops": 1,
                                              "Output": ["a.attnum", "a.attcollation", "c_1.oid", "c_1.relname", "nc.nspname"],
                                              "Inner Unique": true,
                                              "Join Filter": "(t.typnamespace = nt.oid)",
                                              "Rows Removed by Join Filter": 0,
                                              "Shared Hit Blocks": 441424,
                                              "Shared Read Blocks": 0,
                                              "Shared Dirtied Blocks": 0,
                                              "Shared Written Blocks": 0,
                                              "Local Hit Blocks": 0,
                                              "Local Read Blocks": 0,
                                              "Local Dirtied Blocks": 0,
                                              "Local Written Blocks": 0,
                                              "Temp Read Blocks": 0,
                                              "Temp Written Blocks": 0,
                                              "Plans": [
                                                {
                                                  "Node Type": "Nested Loop",
                                                  "Parent Relationship": "Outer",
                                                  "Parallel Aware": false,
                                                  "Join Type": "Inner",
                                                  "Startup Cost": 1.67,
                                                  "Total Cost": 454110.06,
                                                  "Plan Rows": 1,
                                                  "Plan Width": 142,
                                                  "Actual Startup Time": 1121.381,
                                                  "Actual Total Time": 1121.381,
                                                  "Actual Rows": 0,
                                                  "Actual Loops": 1,
                                                  "Output": ["t.typnamespace", "a.attnum", "a.attcollation", "c_1.oid", "c_1.relname", "nc.nspname"],
                                                  "Inner Unique": true,
                                                  "Join Filter": "(c_1.relnamespace = nc.oid)",
                                                  "Rows Removed by Join Filter": 0,
                                                  "Shared Hit Blocks": 441424,
                                                  "Shared Read Blocks": 0,
                                                  "Shared Dirtied Blocks": 0,
                                                  "Shared Written Blocks": 0,
                                                  "Local Hit Blocks": 0,
                                                  "Local Read Blocks": 0,
                                                  "Local Dirtied Blocks": 0,
                                                  "Local Written Blocks": 0,
                                                  "Temp Read Blocks": 0,
                                                  "Temp Written Blocks": 0,
                                                  "Plans": [
                                                    {
                                                      "Node Type": "Nested Loop",
                                                      "Parent Relationship": "Outer",
                                                      "Parallel Aware": false,
                                                      "Join Type": "Inner",
                                                      "Startup Cost": 1.67,
                                                      "Total Cost": 454098.49,
                                                      "Plan Rows": 1,
                                                      "Plan Width": 82,
                                                      "Actual Startup Time": 1121.380,
                                                      "Actual Total Time": 1121.380,
                                                      "Actual Rows": 0,
                                                      "Actual Loops": 1,
                                                      "Output": ["t.typnamespace", "a.attnum", "a.attcollation", "c_1.relnamespace", "c_1.oid", "c_1.relname"],
                                                      "Inner Unique": true,
                                                      "Shared Hit Blocks": 441424,
                                                      "Shared Read Blocks": 0,
                                                      "Shared Dirtied Blocks": 0,
                                                      "Shared Written Blocks": 0,
                                                      "Local Hit Blocks": 0,
                                                      "Local Read Blocks": 0,
                                                      "Local Dirtied Blocks": 0,
                                                      "Local Written Blocks": 0,
                                                      "Temp Read Blocks": 0,
                                                      "Temp Written Blocks": 0,
                                                      "Plans": [
                                                        {
                                                          "Node Type": "Nested Loop",
                                                          "Parent Relationship": "Outer",
                                                          "Parallel Aware": false,
                                                          "Join Type": "Left",
                                                          "Startup Cost": 1.25,
                                                          "Total Cost": 454092.79,
                                                          "Plan Rows": 1,
                                                          "Plan Width": 14,
                                                          "Actual Startup Time": 1121.379,
                                                          "Actual Total Time": 1121.379,
                                                          "Actual Rows": 0,
                                                          "Actual Loops": 1,
                                                          "Output": ["t.typnamespace", "a.attrelid", "a.attnum", "a.attcollation"],
                                                          "Inner Unique": false,
                                                          "Join Filter": "(t.typtype = 'd'::\"char\")",
                                                          "Rows Removed by Join Filter": 0,
                                                          "Shared Hit Blocks": 441424,
                                                          "Shared Read Blocks": 0,
                                                          "Shared Dirtied Blocks": 0,
                                                          "Shared Written Blocks": 0,
                                                          "Local Hit Blocks": 0,
                                                          "Local Read Blocks": 0,
                                                          "Local Dirtied Blocks": 0,
                                                          "Local Written Blocks": 0,
                                                          "Temp Read Blocks": 0,
                                                          "Temp Written Blocks": 0,
                                                          "Plans": [
                                                            {
                                                              "Node Type": "Nested Loop",
                                                              "Parent Relationship": "Outer",
                                                              "Parallel Aware": false,
                                                              "Join Type": "Inner",
                                                              "Startup Cost": 0.69,
                                                              "Total Cost": 454089.84,
                                                              "Plan Rows": 1,
                                                              "Plan Width": 19,
                                                              "Actual Startup Time": 1121.378,
                                                              "Actual Total Time": 1121.378,
                                                              "Actual Rows": 0,
                                                              "Actual Loops": 1,
                                                              "Output": ["a.attrelid", "a.attnum", "a.attcollation", "t.typnamespace", "t.typtype", "t.typbasetype"],
                                                              "Inner Unique": true,
                                                              "Shared Hit Blocks": 441424,
                                                              "Shared Read Blocks": 0,
                                                              "Shared Dirtied Blocks": 0,
                                                              "Shared Written Blocks": 0,
                                                              "Local Hit Blocks": 0,
                                                              "Local Read Blocks": 0,
                                                              "Local Dirtied Blocks": 0,
                                                              "Local Written Blocks": 0,
                                                              "Temp Read Blocks": 0,
                                                              "Temp Written Blocks": 0,
                                                              "Plans": [
                                                                {
                                                                  "Node Type": "Nested Loop",
                                                                  "Parent Relationship": "Outer",
                                                                  "Parallel Aware": false,
                                                                  "Join Type": "Left",
                                                                  "Startup Cost": 0.28,
                                                                  "Total Cost": 454050.54,
                                                                  "Plan Rows": 11,
                                                                  "Plan Width": 15,
                                                                  "Actual Startup Time": 1121.376,
                                                                  "Actual Total Time": 1121.377,
                                                                  "Actual Rows": 0,
                                                                  "Actual Loops": 1,
                                                                  "Output": ["a.attrelid", "a.attnum", "a.atttypid", "a.attcollation", "a.attnotnull"],
                                                                  "Inner Unique": true,
                                                                  "Filter": "(((pg_get_expr(ad.adbin, ad.adrelid))::information_schema.character_data)::text ~~ 'nextval(%'::text)",
                                                                  "Rows Removed by Filter": 0,
                                                                  "Shared Hit Blocks": 441424,
                                                                  "Shared Read Blocks": 0,
                                                                  "Shared Dirtied Blocks": 0,
                                                                  "Shared Written Blocks": 0,
                                                                  "Local Hit Blocks": 0,
                                                                  "Local Read Blocks": 0,
                                                                  "Local Dirtied Blocks": 0,
                                                                  "Local Written Blocks": 0,
                                                                  "Temp Read Blocks": 0,
                                                                  "Temp Written Blocks": 0,
                                                                  "Plans": [
                                                                    {
                                                                      "Node Type": "Seq Scan",
                                                                      "Parent Relationship": "Outer",
                                                                      "Parallel Aware": false,
                                                                      "Relation Name": "pg_attribute",
                                                                      "Schema": "pg_catalog",
                                                                      "Alias": "a",
                                                                      "Startup Cost": 0.00,
                                                                      "Total Cost": 453084.12,
                                                                      "Plan Rows": 2247,
                                                                      "Plan Width": 15,
                                                                      "Actual Startup Time": 1121.373,
                                                                      "Actual Total Time": 1121.374,
                                                                      "Actual Rows": 0,
                                                                      "Actual Loops": 1,
                                                                      "Output": ["a.attrelid", "a.attname", "a.atttypid", "a.attstattarget", "a.attlen", "a.attnum", "a.attndims", "a.attcacheoff", "a.atttypmod", "a.attbyval", "a.attstorage", "a.attalign", "a.attnotnull", "a.atthasdef", "a.atthasmissing", "a.attidentity", "a.attisdropped", "a.attislocal", "a.attinhcount", "a.attcollation", "a.attacl", "a.attoptions", "a.attfdwoptions", "a.attmissingval"],
                                                                      "Filter": "((NOT a.attisdropped) AND (a.attnum > 0) AND (((a.attname)::information_schema.sql_identifier)::text = '__id__'::text))",
                                                                      "Rows Removed by Filter": 152333,
                                                                      "Shared Hit Blocks": 441424,
                                                                      "Shared Read Blocks": 0,
                                                                      "Shared Dirtied Blocks": 0,
                                                                      "Shared Written Blocks": 0,
                                                                      "Local Hit Blocks": 0,
                                                                      "Local Read Blocks": 0,
                                                                      "Local Dirtied Blocks": 0,
                                                                      "Local Written Blocks": 0,
                                                                      "Temp Read Blocks": 0,
                                                                      "Temp Written Blocks": 0
                                                                    },
                                                                    {
                                                                      "Node Type": "Index Scan",
                                                                      "Parent Relationship": "Inner",
                                                                      "Parallel Aware": false,
                                                                      "Scan Direction": "Forward",
                                                                      "Index Name": "pg_attrdef_adrelid_adnum_index",
                                                                      "Relation Name": "pg_attrdef",
                                                                      "Schema": "pg_catalog",
                                                                      "Alias": "ad",
                                                                      "Startup Cost": 0.28,
                                                                      "Total Cost": 0.41,
                                                                      "Plan Rows": 1,
                                                                      "Plan Width": 367,
                                                                      "Actual Startup Time": 0.000,
                                                                      "Actual Total Time": 0.000,
                                                                      "Actual Rows": 0,
                                                                      "Actual Loops": 0,
                                                                      "Output": ["ad.adrelid", "ad.adnum", "ad.adbin", "ad.adsrc"],
                                                                      "Index Cond": "((a.attrelid = ad.adrelid) AND (a.attnum = ad.adnum))",
                                                                      "Rows Removed by Index Recheck": 0,
                                                                      "Shared Hit Blocks": 0,
                                                                      "Shared Read Blocks": 0,
                                                                      "Shared Dirtied Blocks": 0,
                                                                      "Shared Written Blocks": 0,
                                                                      "Local Hit Blocks": 0,
                                                                      "Local Read Blocks": 0,
                                                                      "Local Dirtied Blocks": 0,
                                                                      "Local Written Blocks": 0,
                                                                      "Temp Read Blocks": 0,
                                                                      "Temp Written Blocks": 0
                                                                    }
                                                                  ]
                                                                },
                                                                {
                                                                  "Node Type": "Index Scan",
                                                                  "Parent Relationship": "Inner",
                                                                  "Parallel Aware": false,
                                                                  "Scan Direction": "Forward",
                                                                  "Index Name": "pg_type_oid_index",
                                                                  "Relation Name": "pg_type",
                                                                  "Schema": "pg_catalog",
                                                                  "Alias": "t",
                                                                  "Startup Cost": 0.41,
                                                                  "Total Cost": 3.56,
                                                                  "Plan Rows": 1,
                                                                  "Plan Width": 14,
                                                                  "Actual Startup Time": 0.000,
                                                                  "Actual Total Time": 0.000,
                                                                  "Actual Rows": 0,
                                                                  "Actual Loops": 0,
                                                                  "Output": ["t.typnamespace", "t.oid", "t.typtype", "t.typbasetype", "t.typnotnull"],
                                                                  "Index Cond": "(t.oid = a.atttypid)",
                                                                  "Rows Removed by Index Recheck": 0,
                                                                  "Filter": "(((CASE WHEN (a.attnotnull OR ((t.typtype = 'd'::\"char\") AND t.typnotnull)) THEN 'NO'::text ELSE 'YES'::text END)::information_schema.yes_or_no)::text = 'NO'::text)",
                                                                  "Rows Removed by Filter": 0,
                                                                  "Shared Hit Blocks": 0,
                                                                  "Shared Read Blocks": 0,
                                                                  "Shared Dirtied Blocks": 0,
                                                                  "Shared Written Blocks": 0,
                                                                  "Local Hit Blocks": 0,
                                                                  "Local Read Blocks": 0,
                                                                  "Local Dirtied Blocks": 0,
                                                                  "Local Written Blocks": 0,
                                                                  "Temp Read Blocks": 0,
                                                                  "Temp Written Blocks": 0
                                                                }
                                                              ]
                                                            },
                                                            {
                                                              "Node Type": "Nested Loop",
                                                              "Parent Relationship": "Inner",
                                                              "Parallel Aware": false,
                                                              "Join Type": "Inner",
                                                              "Startup Cost": 0.56,
                                                              "Total Cost": 2.93,
                                                              "Plan Rows": 1,
                                                              "Plan Width": 4,
                                                              "Actual Startup Time": 0.000,
                                                              "Actual Total Time": 0.000,
                                                              "Actual Rows": 0,
                                                              "Actual Loops": 0,
                                                              "Output": ["bt.oid"],
                                                              "Inner Unique": true,
                                                              "Shared Hit Blocks": 0,
                                                              "Shared Read Blocks": 0,
                                                              "Shared Dirtied Blocks": 0,
                                                              "Shared Written Blocks": 0,
                                                              "Local Hit Blocks": 0,
                                                              "Local Read Blocks": 0,
                                                              "Local Dirtied Blocks": 0,
                                                              "Local Written Blocks": 0,
                                                              "Temp Read Blocks": 0,
                                                              "Temp Written Blocks": 0,
                                                              "Plans": [
                                                                {
                                                                  "Node Type": "Index Scan",
                                                                  "Parent Relationship": "Outer",
                                                                  "Parallel Aware": false,
                                                                  "Scan Direction": "Forward",
                                                                  "Index Name": "pg_type_oid_index",
                                                                  "Relation Name": "pg_type",
                                                                  "Schema": "pg_catalog",
                                                                  "Alias": "bt",
                                                                  "Startup Cost": 0.41,
                                                                  "Total Cost": 2.77,
                                                                  "Plan Rows": 1,
                                                                  "Plan Width": 8,
                                                                  "Actual Startup Time": 0.000,
                                                                  "Actual Total Time": 0.000,
                                                                  "Actual Rows": 0,
                                                                  "Actual Loops": 0,
                                                                  "Output": ["bt.typnamespace", "bt.oid"],
                                                                  "Index Cond": "(t.typbasetype = bt.oid)",
                                                                  "Rows Removed by Index Recheck": 0,
                                                                  "Shared Hit Blocks": 0,
                                                                  "Shared Read Blocks": 0,
                                                                  "Shared Dirtied Blocks": 0,
                                                                  "Shared Written Blocks": 0,
                                                                  "Local Hit Blocks": 0,
                                                                  "Local Read Blocks": 0,
                                                                  "Local Dirtied Blocks": 0,
                                                                  "Local Written Blocks": 0,
                                                                  "Temp Read Blocks": 0,
                                                                  "Temp Written Blocks": 0
                                                                },
                                                                {
                                                                  "Node Type": "Index Only Scan",
                                                                  "Parent Relationship": "Inner",
                                                                  "Parallel Aware": false,
                                                                  "Scan Direction": "Forward",
                                                                  "Index Name": "pg_namespace_oid_index",
                                                                  "Relation Name": "pg_namespace",
                                                                  "Schema": "pg_catalog",
                                                                  "Alias": "nbt",
                                                                  "Startup Cost": 0.15,
                                                                  "Total Cost": 0.17,
                                                                  "Plan Rows": 1,
                                                                  "Plan Width": 4,
                                                                  "Actual Startup Time": 0.000,
                                                                  "Actual Total Time": 0.000,
                                                                  "Actual Rows": 0,
                                                                  "Actual Loops": 0,
                                                                  "Output": ["nbt.oid"],
                                                                  "Index Cond": "(nbt.oid = bt.typnamespace)",
                                                                  "Rows Removed by Index Recheck": 0,
                                                                  "Heap Fetches": 0,
                                                                  "Shared Hit Blocks": 0,
                                                                  "Shared Read Blocks": 0,
                                                                  "Shared Dirtied Blocks": 0,
                                                                  "Shared Written Blocks": 0,
                                                                  "Local Hit Blocks": 0,
                                                                  "Local Read Blocks": 0,
                                                                  "Local Dirtied Blocks": 0,
                                                                  "Local Written Blocks": 0,
                                                                  "Temp Read Blocks": 0,
                                                                  "Temp Written Blocks": 0
                                                                }
                                                              ]
                                                            }
                                                          ]
                                                        },
                                                        {
                                                          "Node Type": "Index Scan",
                                                          "Parent Relationship": "Inner",
                                                          "Parallel Aware": false,
                                                          "Scan Direction": "Forward",
                                                          "Index Name": "pg_class_oid_index",
                                                          "Relation Name": "pg_class",
                                                          "Schema": "pg_catalog",
                                                          "Alias": "c_1",
                                                          "Startup Cost": 0.41,
                                                          "Total Cost": 5.70,
                                                          "Plan Rows": 1,
                                                          "Plan Width": 76,
                                                          "Actual Startup Time": 0.000,
                                                          "Actual Total Time": 0.000,
                                                          "Actual Rows": 0,
                                                          "Actual Loops": 0,
                                                          "Output": ["c_1.relnamespace", "c_1.oid", "c_1.relowner", "c_1.relname"],
                                                          "Index Cond": "(c_1.oid = a.attrelid)",
                                                          "Rows Removed by Index Recheck": 0,
                                                          "Filter": "((c_1.relkind = ANY ('{r,v,f,p}'::\"char\"[])) AND (pg_has_role(c_1.relowner, 'USAGE'::text) OR has_column_privilege(c_1.oid, a.attnum, 'SELECT, INSERT, UPDATE, REFERENCES'::text)))",
                                                          "Rows Removed by Filter": 0,
                                                          "Shared Hit Blocks": 0,
                                                          "Shared Read Blocks": 0,
                                                          "Shared Dirtied Blocks": 0,
                                                          "Shared Written Blocks": 0,
                                                          "Local Hit Blocks": 0,
                                                          "Local Read Blocks": 0,
                                                          "Local Dirtied Blocks": 0,
                                                          "Local Written Blocks": 0,
                                                          "Temp Read Blocks": 0,
                                                          "Temp Written Blocks": 0
                                                        }
                                                      ]
                                                    },
                                                    {
                                                      "Node Type": "Seq Scan",
                                                      "Parent Relationship": "Inner",
                                                      "Parallel Aware": false,
                                                      "Relation Name": "pg_namespace",
                                                      "Schema": "pg_catalog",
                                                      "Alias": "nc",
                                                      "Startup Cost": 0.00,
                                                      "Total Cost": 8.94,
                                                      "Plan Rows": 210,
                                                      "Plan Width": 68,
                                                      "Actual Startup Time": 0.000,
                                                      "Actual Total Time": 0.000,
                                                      "Actual Rows": 0,
                                                      "Actual Loops": 0,
                                                      "Output": ["nc.oid", "nc.nspname"],
                                                      "Filter": "(NOT pg_is_other_temp_schema(nc.oid))",
                                                      "Rows Removed by Filter": 0,
                                                      "Shared Hit Blocks": 0,
                                                      "Shared Read Blocks": 0,
                                                      "Shared Dirtied Blocks": 0,
                                                      "Shared Written Blocks": 0,
                                                      "Local Hit Blocks": 0,
                                                      "Local Read Blocks": 0,
                                                      "Local Dirtied Blocks": 0,
                                                      "Local Written Blocks": 0,
                                                      "Temp Read Blocks": 0,
                                                      "Temp Written Blocks": 0
                                                    }
                                                  ]
                                                },
                                                {
                                                  "Node Type": "Seq Scan",
                                                  "Parent Relationship": "Inner",
                                                  "Parallel Aware": false,
                                                  "Relation Name": "pg_namespace",
                                                  "Schema": "pg_catalog",
                                                  "Alias": "nt",
                                                  "Startup Cost": 0.00,
                                                  "Total Cost": 8.15,
                                                  "Plan Rows": 315,
                                                  "Plan Width": 4,
                                                  "Actual Startup Time": 0.000,
                                                  "Actual Total Time": 0.000,
                                                  "Actual Rows": 0,
                                                  "Actual Loops": 0,
                                                  "Output": ["nt.oid"],
                                                  "Shared Hit Blocks": 0,
                                                  "Shared Read Blocks": 0,
                                                  "Shared Dirtied Blocks": 0,
                                                  "Shared Written Blocks": 0,
                                                  "Local Hit Blocks": 0,
                                                  "Local Read Blocks": 0,
                                                  "Local Dirtied Blocks": 0,
                                                  "Local Written Blocks": 0,
                                                  "Temp Read Blocks": 0,
                                                  "Temp Written Blocks": 0
                                                }
                                              ]
                                            },
                                            {
                                              "Node Type": "Nested Loop",
                                              "Parent Relationship": "Inner",
                                              "Parallel Aware": false,
                                              "Join Type": "Inner",
                                              "Startup Cost": 0.54,
                                              "Total Cost": 806.55,
                                              "Plan Rows": 13,
                                              "Plan Width": 8,
                                              "Actual Startup Time": 0.000,
                                              "Actual Total Time": 0.000,
                                              "Actual Rows": 0,
                                              "Actual Loops": 0,
                                              "Output": ["dep.refobjid", "dep.refobjsubid"],
                                              "Inner Unique": false,
                                              "Shared Hit Blocks": 0,
                                              "Shared Read Blocks": 0,
                                              "Shared Dirtied Blocks": 0,
                                              "Shared Written Blocks": 0,
                                              "Local Hit Blocks": 0,
                                              "Local Read Blocks": 0,
                                              "Local Dirtied Blocks": 0,
                                              "Local Written Blocks": 0,
                                              "Temp Read Blocks": 0,
                                              "Temp Written Blocks": 0,
                                              "Plans": [
                                                {
                                                  "Node Type": "Seq Scan",
                                                  "Parent Relationship": "Outer",
                                                  "Parallel Aware": false,
                                                  "Relation Name": "pg_sequence",
                                                  "Schema": "pg_catalog",
                                                  "Alias": "seq",
                                                  "Startup Cost": 0.00,
                                                  "Total Cost": 4.32,
                                                  "Plan Rows": 132,
                                                  "Plan Width": 4,
                                                  "Actual Startup Time": 0.000,
                                                  "Actual Total Time": 0.000,
                                                  "Actual Rows": 0,
                                                  "Actual Loops": 0,
                                                  "Output": ["seq.seqrelid", "seq.seqtypid", "seq.seqstart", "seq.seqincrement", "seq.seqmax", "seq.seqmin", "seq.seqcache", "seq.seqcycle"],
                                                  "Shared Hit Blocks": 0,
                                                  "Shared Read Blocks": 0,
                                                  "Shared Dirtied Blocks": 0,
                                                  "Shared Written Blocks": 0,
                                                  "Local Hit Blocks": 0,
                                                  "Local Read Blocks": 0,
                                                  "Local Dirtied Blocks": 0,
                                                  "Local Written Blocks": 0,
                                                  "Temp Read Blocks": 0,
                                                  "Temp Written Blocks": 0
                                                },
                                                {
                                                  "Node Type": "Index Scan",
                                                  "Parent Relationship": "Inner",
                                                  "Parallel Aware": false,
                                                  "Scan Direction": "Forward",
                                                  "Index Name": "pg_depend_depender_index",
                                                  "Relation Name": "pg_depend",
                                                  "Schema": "pg_catalog",
                                                  "Alias": "dep",
                                                  "Startup Cost": 0.54,
                                                  "Total Cost": 6.07,
                                                  "Plan Rows": 1,
                                                  "Plan Width": 12,
                                                  "Actual Startup Time": 0.000,
                                                  "Actual Total Time": 0.000,
                                                  "Actual Rows": 0,
                                                  "Actual Loops": 0,
                                                  "Output": ["dep.classid", "dep.objid", "dep.objsubid", "dep.refclassid", "dep.refobjid", "dep.refobjsubid", "dep.deptype"],
                                                  "Index Cond": "((dep.classid = '1259'::oid) AND (dep.objid = seq.seqrelid))",
                                                  "Rows Removed by Index Recheck": 0,
                                                  "Filter": "((dep.deptype = 'i'::\"char\") AND (dep.refclassid = '1259'::oid))",
                                                  "Rows Removed by Filter": 0,
                                                  "Shared Hit Blocks": 0,
                                                  "Shared Read Blocks": 0,
                                                  "Shared Dirtied Blocks": 0,
                                                  "Shared Written Blocks": 0,
                                                  "Local Hit Blocks": 0,
                                                  "Local Read Blocks": 0,
                                                  "Local Dirtied Blocks": 0,
                                                  "Local Written Blocks": 0,
                                                  "Temp Read Blocks": 0,
                                                  "Temp Written Blocks": 0
                                                }
                                              ]
                                            }
                                          ]
                                        },
                                        {
                                          "Node Type": "Nested Loop",
                                          "Parent Relationship": "Inner",
                                          "Parallel Aware": false,
                                          "Join Type": "Inner",
                                          "Startup Cost": 0.42,
                                          "Total Cost": 0.50,
                                          "Plan Rows": 1,
                                          "Plan Width": 4,
                                          "Actual Startup Time": 0.000,
                                          "Actual Total Time": 0.000,
                                          "Actual Rows": 0,
                                          "Actual Loops": 0,
                                          "Output": ["co.oid"],
                                          "Inner Unique": true,
                                          "Shared Hit Blocks": 0,
                                          "Shared Read Blocks": 0,
                                          "Shared Dirtied Blocks": 0,
                                          "Shared Written Blocks": 0,
                                          "Local Hit Blocks": 0,
                                          "Local Read Blocks": 0,
                                          "Local Dirtied Blocks": 0,
                                          "Local Written Blocks": 0,
                                          "Temp Read Blocks": 0,
                                          "Temp Written Blocks": 0,
                                          "Plans": [
                                            {
                                              "Node Type": "Index Scan",
                                              "Parent Relationship": "Outer",
                                              "Parallel Aware": false,
                                              "Scan Direction": "Forward",
                                              "Index Name": "pg_collation_oid_index",
                                              "Relation Name": "pg_collation",
                                              "Schema": "pg_catalog",
                                              "Alias": "co",
                                              "Startup Cost": 0.28,
                                              "Total Cost": 0.31,
                                              "Plan Rows": 1,
                                              "Plan Width": 72,
                                              "Actual Startup Time": 0.000,
                                              "Actual Total Time": 0.000,
                                              "Actual Rows": 0,
                                              "Actual Loops": 0,
                                              "Output": ["co.collnamespace", "co.oid", "co.collname"],
                                              "Index Cond": "(a.attcollation = co.oid)",
                                              "Rows Removed by Index Recheck": 0,
                                              "Shared Hit Blocks": 0,
                                              "Shared Read Blocks": 0,
                                              "Shared Dirtied Blocks": 0,
                                              "Shared Written Blocks": 0,
                                              "Local Hit Blocks": 0,
                                              "Local Read Blocks": 0,
                                              "Local Dirtied Blocks": 0,
                                              "Local Written Blocks": 0,
                                              "Temp Read Blocks": 0,
                                              "Temp Written Blocks": 0
                                            },
                                            {
                                              "Node Type": "Index Scan",
                                              "Parent Relationship": "Inner",
                                              "Parallel Aware": false,
                                              "Scan Direction": "Forward",
                                              "Index Name": "pg_namespace_oid_index",
                                              "Relation Name": "pg_namespace",
                                              "Schema": "pg_catalog",
                                              "Alias": "nco",
                                              "Startup Cost": 0.15,
                                              "Total Cost": 0.18,
                                              "Plan Rows": 1,
                                              "Plan Width": 68,
                                              "Actual Startup Time": 0.000,
                                              "Actual Total Time": 0.000,
                                              "Actual Rows": 0,
                                              "Actual Loops": 0,
                                              "Output": ["nco.oid", "nco.nspname"],
                                              "Index Cond": "(nco.oid = co.collnamespace)",
                                              "Rows Removed by Index Recheck": 0,
                                              "Filter": "((nco.nspname <> 'pg_catalog'::name) OR (co.collname <> 'default'::name))",
                                              "Rows Removed by Filter": 0,
                                              "Shared Hit Blocks": 0,
                                              "Shared Read Blocks": 0,
                                              "Shared Dirtied Blocks": 0,
                                              "Shared Written Blocks": 0,
                                              "Local Hit Blocks": 0,
                                              "Local Read Blocks": 0,
                                              "Local Dirtied Blocks": 0,
                                              "Local Written Blocks": 0,
                                              "Temp Read Blocks": 0,
                                              "Temp Written Blocks": 0
                                            }
                                          ]
                                        }
                                      ]
                                    }
                                  ]
                                }
                              ]
                            },
                            {
                              "Node Type": "Nested Loop",
                              "Parent Relationship": "Inner",
                              "Parallel Aware": false,
                              "Join Type": "Left",
                              "Startup Cost": 113598.20,
                              "Total Cost": 113639.57,
                              "Plan Rows": 1,
                              "Plan Width": 68,
                              "Actual Startup Time": 41.322,
                              "Actual Total Time": 41.333,
                              "Actual Rows": 1,
                              "Actual Loops": 1,
                              "Output": ["t_2.view_id", "a_2.mapbox_type", "a_2.mapbox_paint_style"],
                              "Inner Unique": false,
                              "Shared Hit Blocks": 4672,
                              "Shared Read Blocks": 0,
                              "Shared Dirtied Blocks": 0,
                              "Shared Written Blocks": 0,
                              "Local Hit Blocks": 0,
                              "Local Read Blocks": 0,
                              "Local Dirtied Blocks": 0,
                              "Local Written Blocks": 0,
                              "Temp Read Blocks": 0,
                              "Temp Written Blocks": 0,
                              "Plans": [
                                {
                                  "Node Type": "Subquery Scan",
                                  "Parent Relationship": "Outer",
                                  "Parallel Aware": false,
                                  "Alias": "t_2",
                                  "Startup Cost": 113597.90,
                                  "Total Cost": 113637.01,
                                  "Plan Rows": 1,
                                  "Plan Width": 36,
                                  "Actual Startup Time": 41.234,
                                  "Actual Total Time": 41.238,
                                  "Actual Rows": 1,
                                  "Actual Loops": 1,
                                  "Output": ["t_2.view_id", "t_2.geojson_type", "t_2.row_number", "b_2.attnum"],
                                  "Filter": "(t_2.row_number = 1)",
                                  "Rows Removed by Filter": 0,
                                  "Shared Hit Blocks": 4668,
                                  "Shared Read Blocks": 0,
                                  "Shared Dirtied Blocks": 0,
                                  "Shared Written Blocks": 0,
                                  "Local Hit Blocks": 0,
                                  "Local Read Blocks": 0,
                                  "Local Dirtied Blocks": 0,
                                  "Local Written Blocks": 0,
                                  "Temp Read Blocks": 0,
                                  "Temp Written Blocks": 0,
                                  "Plans": [
                                    {
                                      "Node Type": "WindowAgg",
                                      "Parent Relationship": "Subquery",
                                      "Parallel Aware": false,
                                      "Startup Cost": 113597.90,
                                      "Total Cost": 113636.02,
                                      "Plan Rows": 79,
                                      "Plan Width": 46,
                                      "Actual Startup Time": 41.231,
                                      "Actual Total Time": 41.234,
                                      "Actual Rows": 1,
                                      "Actual Loops": 1,
                                      "Output": ["a_7.view_id", "((((CASE WHEN (format_type(b_2.atttypid, b_2.atttypmod) ~~ '%[]'::text) THEN jsonb_build_object('type', 'array', 'items', CASE WHEN (b_1.json_schema IS NOT NULL) THEN b_1.json_schema WHEN (format_type(b_2.atttypid, b_2.atttypmod) = 'boolean'::text) THEN jsonb_build_object('type', 'boolean') WHEN starts_with(format_type(b_2.atttypid, b_2.atttypmod), '\"char\"'::text) THEN jsonb_build_object('type', 'string', 'minLength', 1, 'maxLength', 1) WHEN starts_with(format_type(b_2.atttypid, b_2.atttypmod), 'character('::text) THEN jsonb_build_object('type', 'string', 'minLength', (\"substring\"(format_type(b_2.atttypid, b_2.atttypmod), '\\d+'::text))::integer, 'maxLength', (\"substring\"(format_type(b_2.atttypid, b_2.atttypmod), '\\d+'::text))::integer, '$comment', regexp_replace(format_type(b_2.atttypid, b_2.atttypmod), '\\[\\]$'::text, ''::text)) WHEN starts_with(format_type(b_2.atttypid, b_2.atttypmod), 'character varying('::text) THEN jsonb_build_object('type', 'string', 'minLength', 0, 'maxLength', (\"substring\"(format_type(b_2.atttypid, b_2.atttypmod), '\\d+'::text))::integer, '$comment', regexp_replace(format_type(b_2.atttypid, b_2.atttypmod), '\\[\\]$'::text, ''::text)) WHEN (starts_with(format_type(b_2.atttypid, b_2.atttypmod), 'character varying'::text) OR starts_with(format_type(b_2.atttypid, b_2.atttypmod), 'text'::text)) THEN jsonb_build_object('type', 'string', 'minLength', 0, '$comment', regexp_replace(format_type(b_2.atttypid, b_2.atttypmod), '\\[\\]$'::text, ''::text)) WHEN starts_with(format_type(b_2.atttypid, b_2.atttypmod), 'smallint'::text) THEN jsonb_build_object('type', 'integer', 'minimum', '-32768'::integer, 'maximum', 32767, '$comment', regexp_replace(format_type(b_2.atttypid, b_2.atttypmod), '\\[\\]$'::text, ''::text)) WHEN starts_with(format_type(b_2.atttypid, b_2.atttypmod), 'integer'::text) THEN jsonb_build_object('type', 'integer', 'minimum', '-2147483648'::integer, 'maximum', 2147483647, '$comment', regexp_replace(format_type(b_2.atttypid, b_2.atttypmod), '\\[\\]$'::text, ''::text)) WHEN starts_with(format_type(b_2.atttypid, b_2.atttypmod), 'bigint'::text) THEN jsonb_build_object('type', 'integer', 'minimum', '-9223372036854775808'::bigint, 'maximum', '9223372036854775807'::bigint, '$comment', regexp_replace(format_type(b_2.atttypid, b_2.atttypmod), '\\[\\]$'::text, ''::text)) WHEN starts_with(format_type(b_2.atttypid, b_2.atttypmod), 'smallserial'::text) THEN jsonb_build_object('type', 'integer', 'minimum', 1, 'maximum', 32767, '$comment', regexp_replace(format_type(b_2.atttypid, b_2.atttypmod), '\\[\\]$'::text, ''::text)) WHEN starts_with(format_type(b_2.atttypid, b_2.atttypmod), 'serial'::text) THEN jsonb_build_object('type', 'integer', 'minimum', 1, 'maximum', 2147483647, '$comment', regexp_replace(format_type(b_2.atttypid, b_2.atttypmod), '\\[\\]$'::text, ''::text)) WHEN starts_with(format_type(b_2.atttypid, b_2.atttypmod), 'bigserial'::text) THEN jsonb_build_object('type', 'integer', 'minimum', 1, 'maximum', '9223372036854775807'::bigint, '$comment', regexp_replace(format_type(b_2.atttypid, b_2.atttypmod), '\\[\\]$'::text, ''::text)) WHEN (starts_with(format_type(b_2.atttypid, b_2.atttypmod), 'double precision'::text) OR starts_with(format_type(b_2.atttypid, b_2.atttypmod), 'numeric'::text) OR starts_with(format_type(b_2.atttypid, b_2.atttypmod), 'real'::text)) THEN jsonb_build_object('type', 'number', '$comment', regexp_replace(format_type(b_2.atttypid, b_2.atttypmod), '\\[\\]$'::text, ''::text)) WHEN starts_with(format_type(b_2.atttypid, b_2.atttypmod), 'json'::text) THEN jsonb_build_object('type', json_build_array('string', 'number', 'integer', 'object', 'array', 'boolean', 'null'), '$comment', regexp_replace(format_type(b_2.atttypid, b_2.atttypmod), '\\[\\]$'::text, ''::text)) WHEN (format_type(b_2.atttypid, b_2.atttypmod) = ANY ('{date,\"timestamp without time zone\",\"timestamp with time zone\"}'::text[])) THEN jsonb_build_object('type', 'string', 'format', 'date-time', 'description', format_type(b_2.atttypid, b_2.atttypmod)) ELSE jsonb_build_object('type', json_build_array('string', 'number', 'integer', 'object', 'array', 'boolean', 'null'), '$comment', regexp_replace(format_type(b_2.atttypid, b_2.atttypmod), '\\[\\]$'::text, ''::text)) END, '$comment', format_type(b_2.atttypid, b_2.atttypmod)) ELSE CASE WHEN (b_1.json_schema IS NOT NULL) THEN b_1.json_schema WHEN (format_type(b_2.atttypid, b_2.atttypmod) = 'boolean'::text) THEN jsonb_build_object('type', 'boolean') WHEN starts_with(format_type(b_2.atttypid, b_2.atttypmod), '\"char\"'::text) THEN jsonb_build_object('type', 'string', 'minLength', 1, 'maxLength', 1) WHEN starts_with(format_type(b_2.atttypid, b_2.atttypmod), 'character('::text) THEN jsonb_build_object('type', 'string', 'minLength', (\"substring\"(format_type(b_2.atttypid, b_2.atttypmod), '\\d+'::text))::integer, 'maxLength', (\"substring\"(format_type(b_2.atttypid, b_2.atttypmod), '\\d+'::text))::integer, '$comment', regexp_replace(format_type(b_2.atttypid, b_2.atttypmod), '\\[\\]$'::text, ''::text)) WHEN starts_with(format_type(b_2.atttypid, b_2.atttypmod), 'character varying('::text) THEN jsonb_build_object('type', 'string', 'minLength', 0, 'maxLength', (\"substring\"(format_type(b_2.atttypid, b_2.atttypmod), '\\d+'::text))::integer, '$comment', regexp_replace(format_type(b_2.atttypid, b_2.atttypmod), '\\[\\]$'::text, ''::text)) WHEN (starts_with(format_type(b_2.atttypid, b_2.atttypmod), 'character varying'::text) OR starts_with(format_type(b_2.atttypid, b_2.atttypmod), 'text'::text)) THEN jsonb_build_object('type', 'string', 'minLength', 0, '$comment', regexp_replace(format_type(b_2.atttypid, b_2.atttypmod), '\\[\\]$'::text, ''::text)) WHEN starts_with(format_type(b_2.atttypid, b_2.atttypmod), 'smallint'::text) THEN jsonb_build_object('type', 'integer', 'minimum', '-32768'::integer, 'maximum', 32767, '$comment', regexp_replace(format_type(b_2.atttypid, b_2.atttypmod), '\\[\\]$'::text, ''::text)) WHEN starts_with(format_type(b_2.atttypid, b_2.atttypmod), 'integer'::text) THEN jsonb_build_object('type', 'integer', 'minimum', '-2147483648'::integer, 'maximum', 2147483647, '$comment', regexp_replace(format_type(b_2.atttypid, b_2.atttypmod), '\\[\\]$'::text, ''::text)) WHEN starts_with(format_type(b_2.atttypid, b_2.atttypmod), 'bigint'::text) THEN jsonb_build_object('type', 'integer', 'minimum', '-9223372036854775808'::bigint, 'maximum', '9223372036854775807'::bigint, '$comment', regexp_replace(format_type(b_2.atttypid, b_2.atttypmod), '\\[\\]$'::text, ''::text)) WHEN starts_with(format_type(b_2.atttypid, b_2.atttypmod), 'smallserial'::text) THEN jsonb_build_object('type', 'integer', 'minimum', 1, 'maximum', 32767, '$comment', regexp_replace(format_type(b_2.atttypid, b_2.atttypmod), '\\[\\]$'::text, ''::text)) WHEN starts_with(format_type(b_2.atttypid, b_2.atttypmod), 'serial'::text) THEN jsonb_build_object('type', 'integer', 'minimum', 1, 'maximum', 2147483647, '$comment', regexp_replace(format_type(b_2.atttypid, b_2.atttypmod), '\\[\\]$'::text, ''::text)) WHEN starts_with(format_type(b_2.atttypid, b_2.atttypmod), 'bigserial'::text) THEN jsonb_build_object('type', 'integer', 'minimum', 1, 'maximum', '9223372036854775807'::bigint, '$comment', regexp_replace(format_type(b_2.atttypid, b_2.atttypmod), '\\[\\]$'::text, ''::text)) WHEN (starts_with(format_type(b_2.atttypid, b_2.atttypmod), 'double precision'::text) OR starts_with(format_type(b_2.atttypid, b_2.atttypmod), 'numeric'::text) OR starts_with(format_type(b_2.atttypid, b_2.atttypmod), 'real'::text)) THEN jsonb_build_object('type', 'number', '$comment', regexp_replace(format_type(b_2.atttypid, b_2.atttypmod), '\\[\\]$'::text, ''::text)) WHEN starts_with(format_type(b_2.atttypid, b_2.atttypmod), 'json'::text) THEN jsonb_build_object('type', json_build_array('string', 'number', 'integer', 'object', 'array', 'boolean', 'null'), '$comment', regexp_replace(format_type(b_2.atttypid, b_2.atttypmod), '\\[\\]$'::text, ''::text)) WHEN (format_type(b_2.atttypid, b_2.atttypmod) = ANY ('{date,\"timestamp without time zone\",\"timestamp with time zone\"}'::text[])) THEN jsonb_build_object('type', 'string', 'format', 'date-time', 'description', format_type(b_2.atttypid, b_2.atttypmod)) ELSE jsonb_build_object('type', json_build_array('string', 'number', 'integer', 'object', 'array', 'boolean', 'null'), '$comment', regexp_replace(format_type(b_2.atttypid, b_2.atttypmod), '\\[\\]$'::text, ''::text)) END END -> 'properties'::text) -> 'type'::text) -> 'enum'::text) ->> 0)", "row_number() OVER (?)", "b_2.attnum"],
                                      "Shared Hit Blocks": 4668,
                                      "Shared Read Blocks": 0,
                                      "Shared Dirtied Blocks": 0,
                                      "Shared Written Blocks": 0,
                                      "Local Hit Blocks": 0,
                                      "Local Read Blocks": 0,
                                      "Local Dirtied Blocks": 0,
                                      "Local Written Blocks": 0,
                                      "Temp Read Blocks": 0,
                                      "Temp Written Blocks": 0,
                                      "Plans": [
                                        {
                                          "Node Type": "Sort",
                                          "Parent Relationship": "Outer",
                                          "Parallel Aware": false,
                                          "Startup Cost": 113597.90,
                                          "Total Cost": 113598.10,
                                          "Plan Rows": 79,
                                          "Plan Width": 46,
                                          "Actual Startup Time": 41.158,
                                          "Actual Total Time": 41.158,
                                          "Actual Rows": 1,
                                          "Actual Loops": 1,
                                          "Output": ["a_7.view_id", "b_2.attnum", "b_2.atttypid", "b_2.atttypmod", "b_1.json_schema"],
                                          "Sort Key": ["b_2.attnum"],
                                          "Sort Method": "quicksort",
                                          "Sort Space Used": 26,
                                          "Sort Space Type": "Memory",
                                          "Shared Hit Blocks": 4668,
                                          "Shared Read Blocks": 0,
                                          "Shared Dirtied Blocks": 0,
                                          "Shared Written Blocks": 0,
                                          "Local Hit Blocks": 0,
                                          "Local Read Blocks": 0,
                                          "Local Dirtied Blocks": 0,
                                          "Local Written Blocks": 0,
                                          "Temp Read Blocks": 0,
                                          "Temp Written Blocks": 0,
                                          "Plans": [
                                            {
                                              "Node Type": "Nested Loop",
                                              "Parent Relationship": "Outer",
                                              "Parallel Aware": false,
                                              "Join Type": "Inner",
                                              "Startup Cost": 1.11,
                                              "Total Cost": 113595.41,
                                              "Plan Rows": 79,
                                              "Plan Width": 46,
                                              "Actual Startup Time": 39.898,
                                              "Actual Total Time": 41.052,
                                              "Actual Rows": 1,
                                              "Actual Loops": 1,
                                              "Output": ["a_7.view_id", "b_2.attnum", "b_2.atttypid", "b_2.atttypmod", "b_1.json_schema"],
                                              "Inner Unique": false,
                                              "Join Filter": "(format_type(b_2.atttypid, b_2.atttypmod) ~ (('.*geometry\\('::text || b_1.geojson_type) || '.*\\)$'::text))",
                                              "Rows Removed by Join Filter": 349,
                                              "Shared Hit Blocks": 4665,
                                              "Shared Read Blocks": 0,
                                              "Shared Dirtied Blocks": 0,
                                              "Shared Written Blocks": 0,
                                              "Local Hit Blocks": 0,
                                              "Local Read Blocks": 0,
                                              "Local Dirtied Blocks": 0,
                                              "Local Written Blocks": 0,
                                              "Temp Read Blocks": 0,
                                              "Temp Written Blocks": 0,
                                              "Plans": [
                                                {
                                                  "Node Type": "Seq Scan",
                                                  "Parent Relationship": "Outer",
                                                  "Parallel Aware": false,
                                                  "Relation Name": "geojson_json_schemas",
                                                  "Schema": "_data_manager_admin",
                                                  "Alias": "b_1",
                                                  "Startup Cost": 0.00,
                                                  "Total Cost": 18.80,
                                                  "Plan Rows": 876,
                                                  "Plan Width": 64,
                                                  "Actual Startup Time": 0.033,
                                                  "Actual Total Time": 0.045,
                                                  "Actual Rows": 10,
                                                  "Actual Loops": 1,
                                                  "Output": ["b_1.geojson_type", "b_1.json_schema"],
                                                  "Filter": "(b_1.json_schema IS NOT NULL)",
                                                  "Rows Removed by Filter": 0,
                                                  "Shared Hit Blocks": 1,
                                                  "Shared Read Blocks": 0,
                                                  "Shared Dirtied Blocks": 0,
                                                  "Shared Written Blocks": 0,
                                                  "Local Hit Blocks": 0,
                                                  "Local Read Blocks": 0,
                                                  "Local Dirtied Blocks": 0,
                                                  "Local Written Blocks": 0,
                                                  "Temp Read Blocks": 0,
                                                  "Temp Written Blocks": 0
                                                },
                                                {
                                                  "Node Type": "Materialize",
                                                  "Parent Relationship": "Inner",
                                                  "Parallel Aware": false,
                                                  "Startup Cost": 1.11,
                                                  "Total Cost": 113221.88,
                                                  "Plan Rows": 18,
                                                  "Plan Width": 14,
                                                  "Actual Startup Time": 1.702,
                                                  "Actual Total Time": 1.993,
                                                  "Actual Rows": 35,
                                                  "Actual Loops": 10,
                                                  "Output": ["a_7.view_id", "b_2.atttypid", "b_2.atttypmod", "b_2.attnum"],
                                                  "Shared Hit Blocks": 4645,
                                                  "Shared Read Blocks": 0,
                                                  "Shared Dirtied Blocks": 0,
                                                  "Shared Written Blocks": 0,
                                                  "Local Hit Blocks": 0,
                                                  "Local Read Blocks": 0,
                                                  "Local Dirtied Blocks": 0,
                                                  "Local Written Blocks": 0,
                                                  "Temp Read Blocks": 0,
                                                  "Temp Written Blocks": 0,
                                                  "Plans": [
                                                    {
                                                      "Node Type": "Nested Loop",
                                                      "Parent Relationship": "Outer",
                                                      "Parallel Aware": false,
                                                      "Join Type": "Inner",
                                                      "Startup Cost": 1.11,
                                                      "Total Cost": 113221.79,
                                                      "Plan Rows": 18,
                                                      "Plan Width": 14,
                                                      "Actual Startup Time": 17.007,
                                                      "Actual Total Time": 19.849,
                                                      "Actual Rows": 35,
                                                      "Actual Loops": 1,
                                                      "Output": ["a_7.view_id", "b_2.atttypid", "b_2.atttypmod", "b_2.attnum"],
                                                      "Inner Unique": false,
                                                      "Shared Hit Blocks": 4645,
                                                      "Shared Read Blocks": 0,
                                                      "Shared Dirtied Blocks": 0,
                                                      "Shared Written Blocks": 0,
                                                      "Local Hit Blocks": 0,
                                                      "Local Read Blocks": 0,
                                                      "Local Dirtied Blocks": 0,
                                                      "Local Written Blocks": 0,
                                                      "Temp Read Blocks": 0,
                                                      "Temp Written Blocks": 0,
                                                      "Plans": [
                                                        {
                                                          "Node Type": "Nested Loop",
                                                          "Parent Relationship": "Outer",
                                                          "Parallel Aware": false,
                                                          "Join Type": "Inner",
                                                          "Startup Cost": 0.56,
                                                          "Total Cost": 113188.58,
                                                          "Plan Rows": 1,
                                                          "Plan Width": 8,
                                                          "Actual Startup Time": 16.932,
                                                          "Actual Total Time": 19.709,
                                                          "Actual Rows": 1,
                                                          "Actual Loops": 1,
                                                          "Output": ["a_7.view_id", "a_8.oid"],
                                                          "Inner Unique": true,
                                                          "Join Filter": "((a_7.table_name = (a_8.relname)::text) AND (a_7.table_schema = ((a_8.relnamespace)::regnamespace)::text))",
                                                          "Rows Removed by Join Filter": 12823,
                                                          "Shared Hit Blocks": 4630,
                                                          "Shared Read Blocks": 0,
                                                          "Shared Dirtied Blocks": 0,
                                                          "Shared Written Blocks": 0,
                                                          "Local Hit Blocks": 0,
                                                          "Local Read Blocks": 0,
                                                          "Local Dirtied Blocks": 0,
                                                          "Local Written Blocks": 0,
                                                          "Temp Read Blocks": 0,
                                                          "Temp Written Blocks": 0,
                                                          "Plans": [
                                                            {
                                                              "Node Type": "Index Scan",
                                                              "Parent Relationship": "Outer",
                                                              "Parallel Aware": false,
                                                              "Scan Direction": "Forward",
                                                              "Index Name": "pg_class_oid_index",
                                                              "Relation Name": "pg_class",
                                                              "Schema": "pg_catalog",
                                                              "Alias": "a_8",
                                                              "Startup Cost": 0.41,
                                                              "Total Cost": 112554.96,
                                                              "Plan Rows": 25250,
                                                              "Plan Width": 72,
                                                              "Actual Startup Time": 0.022,
                                                              "Actual Total Time": 11.030,
                                                              "Actual Rows": 12824,
                                                              "Actual Loops": 1,
                                                              "Output": ["a_8.oid", "a_8.relnamespace", "a_8.relname"],
                                                              "Shared Hit Blocks": 4628,
                                                              "Shared Read Blocks": 0,
                                                              "Shared Dirtied Blocks": 0,
                                                              "Shared Written Blocks": 0,
                                                              "Local Hit Blocks": 0,
                                                              "Local Read Blocks": 0,
                                                              "Local Dirtied Blocks": 0,
                                                              "Local Written Blocks": 0,
                                                              "Temp Read Blocks": 0,
                                                              "Temp Written Blocks": 0
                                                            },
                                                            {
                                                              "Node Type": "Materialize",
                                                              "Parent Relationship": "Inner",
                                                              "Parallel Aware": false,
                                                              "Startup Cost": 0.15,
                                                              "Total Cost": 2.37,
                                                              "Plan Rows": 1,
                                                              "Plan Width": 43,
                                                              "Actual Startup Time": 0.000,
                                                              "Actual Total Time": 0.000,
                                                              "Actual Rows": 1,
                                                              "Actual Loops": 12824,
                                                              "Output": ["a_7.view_id", "a_7.table_schema", "a_7.table_name"],
                                                              "Shared Hit Blocks": 2,
                                                              "Shared Read Blocks": 0,
                                                              "Shared Dirtied Blocks": 0,
                                                              "Shared Written Blocks": 0,
                                                              "Local Hit Blocks": 0,
                                                              "Local Read Blocks": 0,
                                                              "Local Dirtied Blocks": 0,
                                                              "Local Written Blocks": 0,
                                                              "Temp Read Blocks": 0,
                                                              "Temp Written Blocks": 0,
                                                              "Plans": [
                                                                {
                                                                  "Node Type": "Index Scan",
                                                                  "Parent Relationship": "Outer",
                                                                  "Parallel Aware": false,
                                                                  "Scan Direction": "Forward",
                                                                  "Index Name": "views_pkey",
                                                                  "Relation Name": "views",
                                                                  "Schema": "data_manager",
                                                                  "Alias": "a_7",
                                                                  "Startup Cost": 0.15,
                                                                  "Total Cost": 2.37,
                                                                  "Plan Rows": 1,
                                                                  "Plan Width": 43,
                                                                  "Actual Startup Time": 0.019,
                                                                  "Actual Total Time": 0.021,
                                                                  "Actual Rows": 1,
                                                                  "Actual Loops": 1,
                                                                  "Output": ["a_7.view_id", "a_7.table_schema", "a_7.table_name"],
                                                                  "Index Cond": "(a_7.view_id = 348)",
                                                                  "Rows Removed by Index Recheck": 0,
                                                                  "Shared Hit Blocks": 2,
                                                                  "Shared Read Blocks": 0,
                                                                  "Shared Dirtied Blocks": 0,
                                                                  "Shared Written Blocks": 0,
                                                                  "Local Hit Blocks": 0,
                                                                  "Local Read Blocks": 0,
                                                                  "Local Dirtied Blocks": 0,
                                                                  "Local Written Blocks": 0,
                                                                  "Temp Read Blocks": 0,
                                                                  "Temp Written Blocks": 0
                                                                }
                                                              ]
                                                            }
                                                          ]
                                                        },
                                                        {
                                                          "Node Type": "Index Scan",
                                                          "Parent Relationship": "Inner",
                                                          "Parallel Aware": false,
                                                          "Scan Direction": "Forward",
                                                          "Index Name": "pg_attribute_relid_attnum_index",
                                                          "Relation Name": "pg_attribute",
                                                          "Schema": "pg_catalog",
                                                          "Alias": "b_2",
                                                          "Startup Cost": 0.55,
                                                          "Total Cost": 32.37,
                                                          "Plan Rows": 84,
                                                          "Plan Width": 14,
                                                          "Actual Startup Time": 0.047,
                                                          "Actual Total Time": 0.101,
                                                          "Actual Rows": 35,
                                                          "Actual Loops": 1,
                                                          "Output": ["b_2.attrelid", "b_2.attname", "b_2.atttypid", "b_2.attstattarget", "b_2.attlen", "b_2.attnum", "b_2.attndims", "b_2.attcacheoff", "b_2.atttypmod", "b_2.attbyval", "b_2.attstorage", "b_2.attalign", "b_2.attnotnull", "b_2.atthasdef", "b_2.atthasmissing", "b_2.attidentity", "b_2.attisdropped", "b_2.attislocal", "b_2.attinhcount", "b_2.attcollation", "b_2.attacl", "b_2.attoptions", "b_2.attfdwoptions", "b_2.attmissingval"],
                                                          "Index Cond": "((b_2.attrelid = a_8.oid) AND (b_2.attnum > 0))",
                                                          "Rows Removed by Index Recheck": 0,
                                                          "Filter": "(NOT b_2.attisdropped)",
                                                          "Rows Removed by Filter": 0,
                                                          "Shared Hit Blocks": 15,
                                                          "Shared Read Blocks": 0,
                                                          "Shared Dirtied Blocks": 0,
                                                          "Shared Written Blocks": 0,
                                                          "Local Hit Blocks": 0,
                                                          "Local Read Blocks": 0,
                                                          "Local Dirtied Blocks": 0,
                                                          "Local Written Blocks": 0,
                                                          "Temp Read Blocks": 0,
                                                          "Temp Written Blocks": 0
                                                        }
                                                      ]
                                                    }
                                                  ]
                                                }
                                              ]
                                            }
                                          ]
                                        }
                                      ]
                                    }
                                  ]
                                },
                                {
                                  "Node Type": "Nested Loop",
                                  "Parent Relationship": "Inner",
                                  "Parallel Aware": false,
                                  "Join Type": "Inner",
                                  "Startup Cost": 0.30,
                                  "Total Cost": 2.55,
                                  "Plan Rows": 1,
                                  "Plan Width": 96,
                                  "Actual Startup Time": 0.072,
                                  "Actual Total Time": 0.078,
                                  "Actual Rows": 1,
                                  "Actual Loops": 1,
                                  "Output": ["a_2.mapbox_type", "a_2.mapbox_paint_style", "b.geojson_type"],
                                  "Inner Unique": true,
                                  "Shared Hit Blocks": 4,
                                  "Shared Read Blocks": 0,
                                  "Shared Dirtied Blocks": 0,
                                  "Shared Written Blocks": 0,
                                  "Local Hit Blocks": 0,
                                  "Local Read Blocks": 0,
                                  "Local Dirtied Blocks": 0,
                                  "Local Written Blocks": 0,
                                  "Temp Read Blocks": 0,
                                  "Temp Written Blocks": 0,
                                  "Plans": [
                                    {
                                      "Node Type": "Index Scan",
                                      "Parent Relationship": "Outer",
                                      "Parallel Aware": false,
                                      "Scan Direction": "Forward",
                                      "Index Name": "geojson_type_to_mapbox_type_pkey",
                                      "Relation Name": "geojson_type_to_mapbox_type",
                                      "Schema": "_data_manager_admin",
                                      "Alias": "b",
                                      "Startup Cost": 0.15,
                                      "Total Cost": 2.37,
                                      "Plan Rows": 1,
                                      "Plan Width": 64,
                                      "Actual Startup Time": 0.045,
                                      "Actual Total Time": 0.049,
                                      "Actual Rows": 1,
                                      "Actual Loops": 1,
                                      "Output": ["b.geojson_type", "b.mapbox_type"],
                                      "Index Cond": "(t_2.geojson_type = b.geojson_type)",
                                      "Rows Removed by Index Recheck": 0,
                                      "Shared Hit Blocks": 2,
                                      "Shared Read Blocks": 0,
                                      "Shared Dirtied Blocks": 0,
                                      "Shared Written Blocks": 0,
                                      "Local Hit Blocks": 0,
                                      "Local Read Blocks": 0,
                                      "Local Dirtied Blocks": 0,
                                      "Local Written Blocks": 0,
                                      "Temp Read Blocks": 0,
                                      "Temp Written Blocks": 0
                                    },
                                    {
                                      "Node Type": "Index Scan",
                                      "Parent Relationship": "Inner",
                                      "Parallel Aware": false,
                                      "Scan Direction": "Forward",
                                      "Index Name": "default_mapbox_paint_styles_pkey",
                                      "Relation Name": "default_mapbox_paint_styles",
                                      "Schema": "_data_manager_admin",
                                      "Alias": "a_2",
                                      "Startup Cost": 0.15,
                                      "Total Cost": 0.18,
                                      "Plan Rows": 1,
                                      "Plan Width": 64,
                                      "Actual Startup Time": 0.018,
                                      "Actual Total Time": 0.018,
                                      "Actual Rows": 1,
                                      "Actual Loops": 1,
                                      "Output": ["a_2.mapbox_type", "a_2.mapbox_paint_style"],
                                      "Index Cond": "(a_2.mapbox_type = b.mapbox_type)",
                                      "Rows Removed by Index Recheck": 0,
                                      "Shared Hit Blocks": 2,
                                      "Shared Read Blocks": 0,
                                      "Shared Dirtied Blocks": 0,
                                      "Shared Written Blocks": 0,
                                      "Local Hit Blocks": 0,
                                      "Local Read Blocks": 0,
                                      "Local Dirtied Blocks": 0,
                                      "Local Written Blocks": 0,
                                      "Temp Read Blocks": 0,
                                      "Temp Written Blocks": 0
                                    }
                                  ]
                                }
                              ]
                            }
                          ]
                        },
                        {
                          "Node Type": "Nested Loop",
                          "Parent Relationship": "Inner",
                          "Parallel Aware": false,
                          "Join Type": "Left",
                          "Startup Cost": 0.85,
                          "Total Cost": 239689.90,
                          "Plan Rows": 1,
                          "Plan Width": 8,
                          "Actual Startup Time": 761.961,
                          "Actual Total Time": 761.961,
                          "Actual Rows": 0,
                          "Actual Loops": 1,
                          "Output": ["a_1.view_id", "a_1.source_id"],
                          "Inner Unique": false,
                          "Join Filter": "((a_1.table_schema = ((nc_1.nspname)::information_schema.sql_identifier)::text) AND (a_1.table_name = ((c_2.relname)::information_schema.sql_identifier)::text))",
                          "Rows Removed by Join Filter": 3633,
                          "Filter": "(((current_database())::information_schema.sql_identifier) IS NULL)",
                          "Rows Removed by Filter": 1,
                          "Shared Hit Blocks": 243704,
                          "Shared Read Blocks": 0,
                          "Shared Dirtied Blocks": 0,
                          "Shared Written Blocks": 0,
                          "Local Hit Blocks": 0,
                          "Local Read Blocks": 0,
                          "Local Dirtied Blocks": 0,
                          "Local Written Blocks": 0,
                          "Temp Read Blocks": 0,
                          "Temp Written Blocks": 0,
                          "Plans": [
                            {
                              "Node Type": "Index Scan",
                              "Parent Relationship": "Outer",
                              "Parallel Aware": false,
                              "Scan Direction": "Forward",
                              "Index Name": "views_pkey",
                              "Relation Name": "views",
                              "Schema": "data_manager",
                              "Alias": "a_1",
                              "Startup Cost": 0.15,
                              "Total Cost": 2.37,
                              "Plan Rows": 1,
                              "Plan Width": 47,
                              "Actual Startup Time": 0.019,
                              "Actual Total Time": 0.021,
                              "Actual Rows": 1,
                              "Actual Loops": 1,
                              "Output": ["a_1.view_id", "a_1.source_id", "a_1.data_type", "a_1.interval_version", "a_1.geography_version", "a_1.version", "a_1.source_url", "a_1.publisher", "a_1.table_schema", "a_1.table_name", "a_1.data_table", "a_1.download_url", "a_1.tiles_url", "a_1.start_date", "a_1.end_date", "a_1.last_updated", "a_1.statistics", "a_1.metadata", "a_1.user_id", "a_1.root_etl_context_id", "a_1.etl_context_id", "a_1._created_timestamp", "a_1._modified_timestamp"],
                              "Index Cond": "(a_1.view_id = 348)",
                              "Rows Removed by Index Recheck": 0,
                              "Shared Hit Blocks": 2,
                              "Shared Read Blocks": 0,
                              "Shared Dirtied Blocks": 0,
                              "Shared Written Blocks": 0,
                              "Local Hit Blocks": 0,
                              "Local Read Blocks": 0,
                              "Local Dirtied Blocks": 0,
                              "Local Written Blocks": 0,
                              "Temp Read Blocks": 0,
                              "Temp Written Blocks": 0
                            },
                            {
                              "Node Type": "Nested Loop",
                              "Parent Relationship": "Inner",
                              "Parallel Aware": false,
                              "Join Type": "Left",
                              "Startup Cost": 0.71,
                              "Total Cost": 239602.31,
                              "Plan Rows": 3409,
                              "Plan Width": 160,
                              "Actual Startup Time": 0.089,
                              "Actual Total Time": 760.626,
                              "Actual Rows": 3634,
                              "Actual Loops": 1,
                              "Output": ["c_2.relname", "nc_1.nspname", "(current_database())::information_schema.sql_identifier"],
                              "Inner Unique": false,
                              "Shared Hit Blocks": 243702,
                              "Shared Read Blocks": 0,
                              "Shared Dirtied Blocks": 0,
                              "Shared Written Blocks": 0,
                              "Local Hit Blocks": 0,
                              "Local Read Blocks": 0,
                              "Local Dirtied Blocks": 0,
                              "Local Written Blocks": 0,
                              "Temp Read Blocks": 0,
                              "Temp Written Blocks": 0,
                              "Plans": [
                                {
                                  "Node Type": "Nested Loop",
                                  "Parent Relationship": "Outer",
                                  "Parallel Aware": false,
                                  "Join Type": "Inner",
                                  "Startup Cost": 0.15,
                                  "Total Cost": 227532.21,
                                  "Plan Rows": 3409,
                                  "Plan Width": 132,
                                  "Actual Startup Time": 0.056,
                                  "Actual Total Time": 744.589,
                                  "Actual Rows": 3634,
                                  "Actual Loops": 1,
                                  "Output": ["nc_1.nspname", "c_2.reloftype", "c_2.relname"],
                                  "Inner Unique": true,
                                  "Shared Hit Blocks": 232800,
                                  "Shared Read Blocks": 0,
                                  "Shared Dirtied Blocks": 0,
                                  "Shared Written Blocks": 0,
                                  "Local Hit Blocks": 0,
                                  "Local Read Blocks": 0,
                                  "Local Dirtied Blocks": 0,
                                  "Local Written Blocks": 0,
                                  "Temp Read Blocks": 0,
                                  "Temp Written Blocks": 0,
                                  "Plans": [
                                    {
                                      "Node Type": "Seq Scan",
                                      "Parent Relationship": "Outer",
                                      "Parallel Aware": false,
                                      "Relation Name": "pg_class",
                                      "Schema": "pg_catalog",
                                      "Alias": "c_2",
                                      "Startup Cost": 0.00,
                                      "Total Cost": 226668.25,
                                      "Plan Rows": 5114,
                                      "Plan Width": 72,
                                      "Actual Startup Time": 0.027,
                                      "Actual Total Time": 731.388,
                                      "Actual Rows": 3634,
                                      "Actual Loops": 1,
                                      "Output": ["c_2.relname", "c_2.relnamespace", "c_2.reltype", "c_2.reloftype", "c_2.relowner", "c_2.relam", "c_2.relfilenode", "c_2.reltablespace", "c_2.relpages", "c_2.reltuples", "c_2.relallvisible", "c_2.reltoastrelid", "c_2.relhasindex", "c_2.relisshared", "c_2.relpersistence", "c_2.relkind", "c_2.relnatts", "c_2.relchecks", "c_2.relhasoids", "c_2.relhasrules", "c_2.relhastriggers", "c_2.relhassubclass", "c_2.relrowsecurity", "c_2.relforcerowsecurity", "c_2.relispopulated", "c_2.relreplident", "c_2.relispartition", "c_2.relrewrite", "c_2.relfrozenxid", "c_2.relminmxid", "c_2.relacl", "c_2.reloptions", "c_2.relpartbound"],
                                      "Filter": "((c_2.relkind = ANY ('{r,v,f,p}'::\"char\"[])) AND (pg_has_role(c_2.relowner, 'USAGE'::text) OR has_table_privilege(c_2.oid, 'SELECT, INSERT, UPDATE, DELETE, TRUNCATE, REFERENCES, TRIGGER'::text) OR has_any_column_privilege(c_2.oid, 'SELECT, INSERT, UPDATE, REFERENCES'::text)))",
                                      "Rows Removed by Filter": 9190,
                                      "Shared Hit Blocks": 225532,
                                      "Shared Read Blocks": 0,
                                      "Shared Dirtied Blocks": 0,
                                      "Shared Written Blocks": 0,
                                      "Local Hit Blocks": 0,
                                      "Local Read Blocks": 0,
                                      "Local Dirtied Blocks": 0,
                                      "Local Written Blocks": 0,
                                      "Temp Read Blocks": 0,
                                      "Temp Written Blocks": 0
                                    },
                                    {
                                      "Node Type": "Index Scan",
                                      "Parent Relationship": "Inner",
                                      "Parallel Aware": false,
                                      "Scan Direction": "Forward",
                                      "Index Name": "pg_namespace_oid_index",
                                      "Relation Name": "pg_namespace",
                                      "Schema": "pg_catalog",
                                      "Alias": "nc_1",
                                      "Startup Cost": 0.15,
                                      "Total Cost": 0.17,
                                      "Plan Rows": 1,
                                      "Plan Width": 68,
                                      "Actual Startup Time": 0.003,
                                      "Actual Total Time": 0.003,
                                      "Actual Rows": 1,
                                      "Actual Loops": 3634,
                                      "Output": ["nc_1.oid", "nc_1.nspname"],
                                      "Index Cond": "(nc_1.oid = c_2.relnamespace)",
                                      "Rows Removed by Index Recheck": 0,
                                      "Filter": "(NOT pg_is_other_temp_schema(nc_1.oid))",
                                      "Rows Removed by Filter": 0,
                                      "Shared Hit Blocks": 7268,
                                      "Shared Read Blocks": 0,
                                      "Shared Dirtied Blocks": 0,
                                      "Shared Written Blocks": 0,
                                      "Local Hit Blocks": 0,
                                      "Local Read Blocks": 0,
                                      "Local Dirtied Blocks": 0,
                                      "Local Written Blocks": 0,
                                      "Temp Read Blocks": 0,
                                      "Temp Written Blocks": 0
                                    }
                                  ]
                                },
                                {
                                  "Node Type": "Nested Loop",
                                  "Parent Relationship": "Inner",
                                  "Parallel Aware": false,
                                  "Join Type": "Inner",
                                  "Startup Cost": 0.56,
                                  "Total Cost": 3.52,
                                  "Plan Rows": 1,
                                  "Plan Width": 4,
                                  "Actual Startup Time": 0.003,
                                  "Actual Total Time": 0.003,
                                  "Actual Rows": 0,
                                  "Actual Loops": 3634,
                                  "Output": ["t_1.oid"],
                                  "Inner Unique": true,
                                  "Shared Hit Blocks": 10902,
                                  "Shared Read Blocks": 0,
                                  "Shared Dirtied Blocks": 0,
                                  "Shared Written Blocks": 0,
                                  "Local Hit Blocks": 0,
                                  "Local Read Blocks": 0,
                                  "Local Dirtied Blocks": 0,
                                  "Local Written Blocks": 0,
                                  "Temp Read Blocks": 0,
                                  "Temp Written Blocks": 0,
                                  "Plans": [
                                    {
                                      "Node Type": "Index Scan",
                                      "Parent Relationship": "Outer",
                                      "Parallel Aware": false,
                                      "Scan Direction": "Forward",
                                      "Index Name": "pg_type_oid_index",
                                      "Relation Name": "pg_type",
                                      "Schema": "pg_catalog",
                                      "Alias": "t_1",
                                      "Startup Cost": 0.41,
                                      "Total Cost": 3.36,
                                      "Plan Rows": 1,
                                      "Plan Width": 8,
                                      "Actual Startup Time": 0.003,
                                      "Actual Total Time": 0.003,
                                      "Actual Rows": 0,
                                      "Actual Loops": 3634,
                                      "Output": ["t_1.typnamespace", "t_1.oid"],
                                      "Index Cond": "(c_2.reloftype = t_1.oid)",
                                      "Rows Removed by Index Recheck": 0,
                                      "Shared Hit Blocks": 10902,
                                      "Shared Read Blocks": 0,
                                      "Shared Dirtied Blocks": 0,
                                      "Shared Written Blocks": 0,
                                      "Local Hit Blocks": 0,
                                      "Local Read Blocks": 0,
                                      "Local Dirtied Blocks": 0,
                                      "Local Written Blocks": 0,
                                      "Temp Read Blocks": 0,
                                      "Temp Written Blocks": 0
                                    },
                                    {
                                      "Node Type": "Index Only Scan",
                                      "Parent Relationship": "Inner",
                                      "Parallel Aware": false,
                                      "Scan Direction": "Forward",
                                      "Index Name": "pg_namespace_oid_index",
                                      "Relation Name": "pg_namespace",
                                      "Schema": "pg_catalog",
                                      "Alias": "nt_1",
                                      "Startup Cost": 0.15,
                                      "Total Cost": 0.17,
                                      "Plan Rows": 1,
                                      "Plan Width": 4,
                                      "Actual Startup Time": 0.000,
                                      "Actual Total Time": 0.000,
                                      "Actual Rows": 0,
                                      "Actual Loops": 0,
                                      "Output": ["nt_1.oid"],
                                      "Index Cond": "(nt_1.oid = t_1.typnamespace)",
                                      "Rows Removed by Index Recheck": 0,
                                      "Heap Fetches": 0,
                                      "Shared Hit Blocks": 0,
                                      "Shared Read Blocks": 0,
                                      "Shared Dirtied Blocks": 0,
                                      "Shared Written Blocks": 0,
                                      "Local Hit Blocks": 0,
                                      "Local Read Blocks": 0,
                                      "Local Dirtied Blocks": 0,
                                      "Local Written Blocks": 0,
                                      "Temp Read Blocks": 0,
                                      "Temp Written Blocks": 0
                                    }
                                  ]
                                }
                              ]
                            }
                          ]
                        }
                      ]
                    },
                    {
                      "Node Type": "Index Scan",
                      "Parent Relationship": "Inner",
                      "Parallel Aware": false,
                      "Scan Direction": "Forward",
                      "Index Name": "dama_sources_bespoke_mapbox_paint_style_pkey",
                      "Relation Name": "dama_sources_bespoke_mapbox_paint_style",
                      "Schema": "_data_manager_admin",
                      "Alias": "c",
                      "Startup Cost": 0.15,
                      "Total Cost": 2.37,
                      "Plan Rows": 1,
                      "Plan Width": 100,
                      "Actual Startup Time": 0.034,
                      "Actual Total Time": 0.035,
                      "Actual Rows": 0,
                      "Actual Loops": 1,
                      "Output": ["c.source_id", "c.mapbox_type", "c.mapbox_paint_style", "c.mapbox_symbology"],
                      "Index Cond": "(views.source_id = c.source_id)",
                      "Rows Removed by Index Recheck": 0,
                      "Shared Hit Blocks": 1,
                      "Shared Read Blocks": 0,
                      "Shared Dirtied Blocks": 0,
                      "Shared Written Blocks": 0,
                      "Local Hit Blocks": 0,
                      "Local Read Blocks": 0,
                      "Local Dirtied Blocks": 0,
                      "Local Written Blocks": 0,
                      "Temp Read Blocks": 0,
                      "Temp Written Blocks": 0
                    }
                  ]
                },
                {
                  "Node Type": "Index Scan",
                  "Parent Relationship": "Inner",
                  "Parallel Aware": false,
                  "Scan Direction": "Forward",
                  "Index Name": "dama_views_bespoke_mapbox_paint_style_pkey",
                  "Relation Name": "dama_views_bespoke_mapbox_paint_style",
                  "Schema": "_data_manager_admin",
                  "Alias": "d",
                  "Startup Cost": 0.15,
                  "Total Cost": 2.37,
                  "Plan Rows": 1,
                  "Plan Width": 100,
                  "Actual Startup Time": 0.034,
                  "Actual Total Time": 0.034,
                  "Actual Rows": 1,
                  "Actual Loops": 1,
                  "Output": ["d.view_id", "d.mapbox_type", "d.mapbox_paint_style", "d.mapbox_symbology"],
                  "Index Cond": "(d.view_id = 348)",
                  "Rows Removed by Index Recheck": 0,
                  "Shared Hit Blocks": 2,
                  "Shared Read Blocks": 0,
                  "Shared Dirtied Blocks": 0,
                  "Shared Written Blocks": 0,
                  "Local Hit Blocks": 0,
                  "Local Read Blocks": 0,
                  "Local Dirtied Blocks": 0,
                  "Local Written Blocks": 0,
                  "Temp Read Blocks": 0,
                  "Temp Written Blocks": 0
                }
              ]
            },
            {
              "Node Type": "CTE Scan",
              "Parent Relationship": "Inner",
              "Parallel Aware": false,
              "CTE Name": "cte_view_metadata_summary",
              "Alias": "cte_view_metadata_summary",
              "Startup Cost": 11871427.21,
              "Total Cost": 11876062.21,
              "Plan Rows": 1030,
              "Plan Width": 73,
              "Actual Startup Time": 14764.433,
              "Actual Total Time": 14769.680,
              "Actual Rows": 1,
              "Actual Loops": 1,
              "Output": ["cte_view_metadata_summary.source_id", "cte_view_metadata_summary.view_id", "NULL::jsonb", "NULL::jsonb", "NULL::boolean"],
              "Filter": "(cte_view_metadata_summary.view_id = 348)",
              "Rows Removed by Filter": 388,
              "Shared Hit Blocks": 454042,
              "Shared Read Blocks": 0,
              "Shared Dirtied Blocks": 0,
              "Shared Written Blocks": 0,
              "Local Hit Blocks": 0,
              "Local Read Blocks": 0,
              "Local Dirtied Blocks": 0,
              "Local Written Blocks": 0,
              "Temp Read Blocks": 0,
              "Temp Written Blocks": 0,
              "Plans": [
                {
                  "Node Type": "Seq Scan",
                  "Parent Relationship": "InitPlan",
                  "Subplan Name": "CTE cte_sources_meta",
                  "Parallel Aware": false,
                  "Relation Name": "sources",
                  "Schema": "data_manager",
                  "Alias": "sources",
                  "Startup Cost": 0.00,
                  "Total Cost": 10.64,
                  "Plan Rows": 64,
                  "Plan Width": 36,
                  "Actual Startup Time": 0.036,
                  "Actual Total Time": 0.136,
                  "Actual Rows": 64,
                  "Actual Loops": 1,
                  "Output": ["sources.source_id", "COALESCE(sources.metadata, '[]'::jsonb)"],
                  "Shared Hit Blocks": 10,
                  "Shared Read Blocks": 0,
                  "Shared Dirtied Blocks": 0,
                  "Shared Written Blocks": 0,
                  "Local Hit Blocks": 0,
                  "Local Read Blocks": 0,
                  "Local Dirtied Blocks": 0,
                  "Local Written Blocks": 0,
                  "Temp Read Blocks": 0,
                  "Temp Written Blocks": 0
                },
                {
                  "Node Type": "ProjectSet",
                  "Parent Relationship": "InitPlan",
                  "Subplan Name": "CTE cte_sources_meta_elems",
                  "Parallel Aware": false,
                  "Startup Cost": 0.00,
                  "Total Cost": 33.76,
                  "Plan Rows": 6400,
                  "Plan Width": 36,
                  "Actual Startup Time": 0.050,
                  "Actual Total Time": 1.930,
                  "Actual Rows": 1935,
                  "Actual Loops": 1,
                  "Output": ["cte_sources_meta.source_id", "jsonb_array_elements(cte_sources_meta.metadata)"],
                  "Shared Hit Blocks": 43,
                  "Shared Read Blocks": 0,
                  "Shared Dirtied Blocks": 0,
                  "Shared Written Blocks": 0,
                  "Local Hit Blocks": 0,
                  "Local Read Blocks": 0,
                  "Local Dirtied Blocks": 0,
                  "Local Written Blocks": 0,
                  "Temp Read Blocks": 0,
                  "Temp Written Blocks": 0,
                  "Plans": [
                    {
                      "Node Type": "CTE Scan",
                      "Parent Relationship": "Outer",
                      "Parallel Aware": false,
                      "CTE Name": "cte_sources_meta",
                      "Alias": "cte_sources_meta",
                      "Startup Cost": 0.00,
                      "Total Cost": 1.28,
                      "Plan Rows": 64,
                      "Plan Width": 36,
                      "Actual Startup Time": 0.040,
                      "Actual Total Time": 0.278,
                      "Actual Rows": 64,
                      "Actual Loops": 1,
                      "Output": ["cte_sources_meta.source_id", "cte_sources_meta.metadata"],
                      "Shared Hit Blocks": 10,
                      "Shared Read Blocks": 0,
                      "Shared Dirtied Blocks": 0,
                      "Shared Written Blocks": 0,
                      "Local Hit Blocks": 0,
                      "Local Read Blocks": 0,
                      "Local Dirtied Blocks": 0,
                      "Local Written Blocks": 0,
                      "Temp Read Blocks": 0,
                      "Temp Written Blocks": 0
                    }
                  ]
                },
                {
                  "Node Type": "ProjectSet",
                  "Parent Relationship": "InitPlan",
                  "Subplan Name": "CTE cte_views_meta_elems",
                  "Parallel Aware": false,
                  "Startup Cost": 9782200.44,
                  "Total Cost": 11617098.36,
                  "Plan Rows": 10300,
                  "Plan Width": 40,
                  "Actual Startup Time": 7271.788,
                  "Actual Total Time": 10244.158,
                  "Actual Rows": 16989,
                  "Actual Loops": 1,
                  "Output": ["a_9.source_id", "a_9.view_id", "jsonb_array_elements((jsonb_agg(jsonb_build_object('name', b_4.attname, 'type', CASE WHEN (jsonb_typeof((CASE WHEN (format_type(b_4.atttypid, b_4.atttypmod) ~~ '%[]'::text) THEN jsonb_build_object('type', 'array', 'items', CASE WHEN (b_3.json_schema IS NOT NULL) THEN b_3.json_schema WHEN (format_type(b_4.atttypid, b_4.atttypmod) = 'boolean'::text) THEN jsonb_build_object('type', 'boolean') WHEN starts_with(format_type(b_4.atttypid, b_4.atttypmod), '\"char\"'::text) THEN jsonb_build_object('type', 'string', 'minLength', 1, 'maxLength', 1) WHEN starts_with(format_type(b_4.atttypid, b_4.atttypmod), 'character('::text) THEN jsonb_build_object('type', 'string', 'minLength', (\"substring\"(format_type(b_4.atttypid, b_4.atttypmod), '\\d+'::text))::integer, 'maxLength', (\"substring\"(format_type(b_4.atttypid, b_4.atttypmod), '\\d+'::text))::integer, '$comment', regexp_replace(format_type(b_4.atttypid, b_4.atttypmod), '\\[\\]$'::text, ''::text)) WHEN starts_with(format_type(b_4.atttypid, b_4.atttypmod), 'character varying('::text) THEN jsonb_build_object('type', 'string', 'minLength', 0, 'maxLength', (\"substring\"(format_type(b_4.atttypid, b_4.atttypmod), '\\d+'::text))::integer, '$comment', regexp_replace(format_type(b_4.atttypid, b_4.atttypmod), '\\[\\]$'::text, ''::text)) WHEN (starts_with(format_type(b_4.atttypid, b_4.atttypmod), 'character varying'::text) OR starts_with(format_type(b_4.atttypid, b_4.atttypmod), 'text'::text)) THEN jsonb_build_object('type', 'string', 'minLength', 0, '$comment', regexp_replace(format_type(b_4.atttypid, b_4.atttypmod), '\\[\\]$'::text, ''::text)) WHEN starts_with(format_type(b_4.atttypid, b_4.atttypmod), 'smallint'::text) THEN jsonb_build_object('type', 'integer', 'minimum', '-32768'::integer, 'maximum', 32767, '$comment', regexp_replace(format_type(b_4.atttypid, b_4.atttypmod), '\\[\\]$'::text, ''::text)) WHEN starts_with(format_type(b_4.atttypid, b_4.atttypmod), 'integer'::text) THEN jsonb_build_object('type', 'integer', 'minimum', '-2147483648'::integer, 'maximum', 2147483647, '$comment', regexp_replace(format_type(b_4.atttypid, b_4.atttypmod), '\\[\\]$'::text, ''::text)) WHEN starts_with(format_type(b_4.atttypid, b_4.atttypmod), 'bigint'::text) THEN jsonb_build_object('type', 'integer', 'minimum', '-9223372036854775808'::bigint, 'maximum', '9223372036854775807'::bigint, '$comment', regexp_replace(format_type(b_4.atttypid, b_4.atttypmod), '\\[\\]$'::text, ''::text)) WHEN starts_with(format_type(b_4.atttypid, b_4.atttypmod), 'smallserial'::text) THEN jsonb_build_object('type', 'integer', 'minimum', 1, 'maximum', 32767, '$comment', regexp_replace(format_type(b_4.atttypid, b_4.atttypmod), '\\[\\]$'::text, ''::text)) WHEN starts_with(format_type(b_4.atttypid, b_4.atttypmod), 'serial'::text) THEN jsonb_build_object('type', 'integer', 'minimum', 1, 'maximum', 2147483647, '$comment', regexp_replace(format_type(b_4.atttypid, b_4.atttypmod), '\\[\\]$'::text, ''::text)) WHEN starts_with(format_type(b_4.atttypid, b_4.atttypmod), 'bigserial'::text) THEN jsonb_build_object('type', 'integer', 'minimum', 1, 'maximum', '9223372036854775807'::bigint, '$comment', regexp_replace(format_type(b_4.atttypid, b_4.atttypmod), '\\[\\]$'::text, ''::text)) WHEN (starts_with(format_type(b_4.atttypid, b_4.atttypmod), 'double precision'::text) OR starts_with(format_type(b_4.atttypid, b_4.atttypmod), 'numeric'::text) OR starts_with(format_type(b_4.atttypid, b_4.atttypmod), 'real'::text)) THEN jsonb_build_object('type', 'number', '$comment', regexp_replace(format_type(b_4.atttypid, b_4.atttypmod), '\\[\\]$'::text, ''::text)) WHEN starts_with(format_type(b_4.atttypid, b_4.atttypmod), 'json'::text) THEN jsonb_build_object('type', json_build_array('string', 'number', 'integer', 'object', 'array', 'boolean', 'null'), '$comment', regexp_replace(format_type(b_4.atttypid, b_4.atttypmod), '\\[\\]$'::text, ''::text)) WHEN (format_type(b_4.atttypid, b_4.atttypmod) = ANY ('{date,\"timestamp without time zone\",\"timestamp with time zone\"}'::text[])) THEN jsonb_build_object('type', 'string', 'format', 'date-time', 'description', format_type(b_4.atttypid, b_4.atttypmod)) ELSE jsonb_build_object('type', json_build_array('string', 'number', 'integer', 'object', 'array', 'boolean', 'null'), '$comment', regexp_replace(format_type(b_4.atttypid, b_4.atttypmod), '\\[\\]$'::text, ''::text)) END, '$comment', format_type(b_4.atttypid, b_4.atttypmod)) ELSE CASE WHEN (b_3.json_schema IS NOT NULL) THEN b_3.json_schema WHEN (format_type(b_4.atttypid, b_4.atttypmod) = 'boolean'::text) THEN jsonb_build_object('type', 'boolean') WHEN starts_with(format_type(b_4.atttypid, b_4.atttypmod), '\"char\"'::text) THEN jsonb_build_object('type', 'string', 'minLength', 1, 'maxLength', 1) WHEN starts_with(format_type(b_4.atttypid, b_4.atttypmod), 'character('::text) THEN jsonb_build_object('type', 'string', 'minLength', (\"substring\"(format_type(b_4.atttypid, b_4.atttypmod), '\\d+'::text))::integer, 'maxLength', (\"substring\"(format_type(b_4.atttypid, b_4.atttypmod), '\\d+'::text))::integer, '$comment', regexp_replace(format_type(b_4.atttypid, b_4.atttypmod), '\\[\\]$'::text, ''::text)) WHEN starts_with(format_type(b_4.atttypid, b_4.atttypmod), 'character varying('::text) THEN jsonb_build_object('type', 'string', 'minLength', 0, 'maxLength', (\"substring\"(format_type(b_4.atttypid, b_4.atttypmod), '\\d+'::text))::integer, '$comment', regexp_replace(format_type(b_4.atttypid, b_4.atttypmod), '\\[\\]$'::text, ''::text)) WHEN (starts_with(format_type(b_4.atttypid, b_4.atttypmod), 'character varying'::text) OR starts_with(format_type(b_4.atttypid, b_4.atttypmod), 'text'::text)) THEN jsonb_build_object('type', 'string', 'minLength', 0, '$comment', regexp_replace(format_type(b_4.atttypid, b_4.atttypmod), '\\[\\]$'::text, ''::text)) WHEN starts_with(format_type(b_4.atttypid, b_4.atttypmod), 'smallint'::text) THEN jsonb_build_object('type', 'integer', 'minimum', '-32768'::integer, 'maximum', 32767, '$comment', regexp_replace(format_type(b_4.atttypid, b_4.atttypmod), '\\[\\]$'::text, ''::text)) WHEN starts_with(format_type(b_4.atttypid, b_4.atttypmod), 'integer'::text) THEN jsonb_build_object('type', 'integer', 'minimum', '-2147483648'::integer, 'maximum', 2147483647, '$comment', regexp_replace(format_type(b_4.atttypid, b_4.atttypmod), '\\[\\]$'::text, ''::text)) WHEN starts_with(format_type(b_4.atttypid, b_4.atttypmod), 'bigint'::text) THEN jsonb_build_object('type', 'integer', 'minimum', '-9223372036854775808'::bigint, 'maximum', '9223372036854775807'::bigint, '$comment', regexp_replace(format_type(b_4.atttypid, b_4.atttypmod), '\\[\\]$'::text, ''::text)) WHEN starts_with(format_type(b_4.atttypid, b_4.atttypmod), 'smallserial'::text) THEN jsonb_build_object('type', 'integer', 'minimum', 1, 'maximum', 32767, '$comment', regexp_replace(format_type(b_4.atttypid, b_4.atttypmod), '\\[\\]$'::text, ''::text)) WHEN starts_with(format_type(b_4.atttypid, b_4.atttypmod), 'serial'::text) THEN jsonb_build_object('type', 'integer', 'minimum', 1, 'maximum', 2147483647, '$comment', regexp_replace(format_type(b_4.atttypid, b_4.atttypmod), '\\[\\]$'::text, ''::text)) WHEN starts_with(format_type(b_4.atttypid, b_4.atttypmod), 'bigserial'::text) THEN jsonb_build_object('type', 'integer', 'minimum', 1, 'maximum', '9223372036854775807'::bigint, '$comment', regexp_replace(format_type(b_4.atttypid, b_4.atttypmod), '\\[\\]$'::text, ''::text)) WHEN (starts_with(format_type(b_4.atttypid, b_4.atttypmod), 'double precision'::text) OR starts_with(format_type(b_4.atttypid, b_4.atttypmod), 'numeric'::text) OR starts_with(format_type(b_4.atttypid, b_4.atttypmod), 'real'::text)) THEN jsonb_build_object('type', 'number', '$comment', regexp_replace(format_type(b_4.atttypid, b_4.atttypmod), '\\[\\]$'::text, ''::text)) WHEN starts_with(format_type(b_4.atttypid, b_4.atttypmod), 'json'::text) THEN jsonb_build_object('type', json_build_array('string', 'number', 'integer', 'object', 'array', 'boolean', 'null'), '$comment', regexp_replace(format_type(b_4.atttypid, b_4.atttypmod), '\\[\\]$'::text, ''::text)) WHEN (format_type(b_4.atttypid, b_4.atttypmod) = ANY ('{date,\"timestamp without time zone\",\"timestamp with time zone\"}'::text[])) THEN jsonb_build_object('type', 'string', 'format', 'date-time', 'description', format_type(b_4.atttypid, b_4.atttypmod)) ELSE jsonb_build_object('type', json_build_array('string', 'number', 'integer', 'object', 'array', 'boolean', 'null'), '$comment', regexp_replace(format_type(b_4.atttypid, b_4.atttypmod), '\\[\\]$'::text, ''::text)) END END -> 'type'::text)) = 'array'::text) THEN '\"object\"'::jsonb ELSE (CASE WHEN (format_type(b_4.atttypid, b_4.atttypmod) ~~ '%[]'::text) THEN jsonb_build_object('type', 'array', 'items', CASE WHEN (b_3.json_schema IS NOT NULL) THEN b_3.json_schema WHEN (format_type(b_4.atttypid, b_4.atttypmod) = 'boolean'::text) THEN jsonb_build_object('type', 'boolean') WHEN starts_with(format_type(b_4.atttypid, b_4.atttypmod), '\"char\"'::text) THEN jsonb_build_object('type', 'string', 'minLength', 1, 'maxLength', 1) WHEN starts_with(format_type(b_4.atttypid, b_4.atttypmod), 'character('::text) THEN jsonb_build_object('type', 'string', 'minLength', (\"substring\"(format_type(b_4.atttypid, b_4.atttypmod), '\\d+'::text))::integer, 'maxLength', (\"substring\"(format_type(b_4.atttypid, b_4.atttypmod), '\\d+'::text))::integer, '$comment', regexp_replace(format_type(b_4.atttypid, b_4.atttypmod), '\\[\\]$'::text, ''::text)) WHEN starts_with(format_type(b_4.atttypid, b_4.atttypmod), 'character varying('::text) THEN jsonb_build_object('type', 'string', 'minLength', 0, 'maxLength', (\"substring\"(format_type(b_4.atttypid, b_4.atttypmod), '\\d+'::text))::integer, '$comment', regexp_replace(format_type(b_4.atttypid, b_4.atttypmod), '\\[\\]$'::text, ''::text)) WHEN (starts_with(format_type(b_4.atttypid, b_4.atttypmod), 'character varying'::text) OR starts_with(format_type(b_4.atttypid, b_4.atttypmod), 'text'::text)) THEN jsonb_build_object('type', 'string', 'minLength', 0, '$comment', regexp_replace(format_type(b_4.atttypid, b_4.atttypmod), '\\[\\]$'::text, ''::text)) WHEN starts_with(format_type(b_4.atttypid, b_4.atttypmod), 'smallint'::text) THEN jsonb_build_object('type', 'integer', 'minimum', '-32768'::integer, 'maximum', 32767, '$comment', regexp_replace(format_type(b_4.atttypid, b_4.atttypmod), '\\[\\]$'::text, ''::text)) WHEN starts_with(format_type(b_4.atttypid, b_4.atttypmod), 'integer'::text) THEN jsonb_build_object('type', 'integer', 'minimum', '-2147483648'::integer, 'maximum', 2147483647, '$comment', regexp_replace(format_type(b_4.atttypid, b_4.atttypmod), '\\[\\]$'::text, ''::text)) WHEN starts_with(format_type(b_4.atttypid, b_4.atttypmod), 'bigint'::text) THEN jsonb_build_object('type', 'integer', 'minimum', '-9223372036854775808'::bigint, 'maximum', '9223372036854775807'::bigint, '$comment', regexp_replace(format_type(b_4.atttypid, b_4.atttypmod), '\\[\\]$'::text, ''::text)) WHEN starts_with(format_type(b_4.atttypid, b_4.atttypmod), 'smallserial'::text) THEN jsonb_build_object('type', 'integer', 'minimum', 1, 'maximum', 32767, '$comment', regexp_replace(format_type(b_4.atttypid, b_4.atttypmod), '\\[\\]$'::text, ''::text)) WHEN starts_with(format_type(b_4.atttypid, b_4.atttypmod), 'serial'::text) THEN jsonb_build_object('type', 'integer', 'minimum', 1, 'maximum', 2147483647, '$comment', regexp_replace(format_type(b_4.atttypid, b_4.atttypmod), '\\[\\]$'::text, ''::text)) WHEN starts_with(format_type(b_4.atttypid, b_4.atttypmod), 'bigserial'::text) THEN jsonb_build_object('type', 'integer', 'minimum', 1, 'maximum', '9223372036854775807'::bigint, '$comment', regexp_replace(format_type(b_4.atttypid, b_4.atttypmod), '\\[\\]$'::text, ''::text)) WHEN (starts_with(format_type(b_4.atttypid, b_4.atttypmod), 'double precision'::text) OR starts_with(format_type(b_4.atttypid, b_4.atttypmod), 'numeric'::text) OR starts_with(format_type(b_4.atttypid, b_4.atttypmod), 'real'::text)) THEN jsonb_build_object('type', 'number', '$comment', regexp_replace(format_type(b_4.atttypid, b_4.atttypmod), '\\[\\]$'::text, ''::text)) WHEN starts_with(format_type(b_4.atttypid, b_4.atttypmod), 'json'::text) THEN jsonb_build_object('type', json_build_array('string', 'number', 'integer', 'object', 'array', 'boolean', 'null'), '$comment', regexp_replace(format_type(b_4.atttypid, b_4.atttypmod), '\\[\\]$'::text, ''::text)) WHEN (format_type(b_4.atttypid, b_4.atttypmod) = ANY ('{date,\"timestamp without time zone\",\"timestamp with time zone\"}'::text[])) THEN jsonb_build_object('type', 'string', 'format', 'date-time', 'description', format_type(b_4.atttypid, b_4.atttypmod)) ELSE jsonb_build_object('type', json_build_array('string', 'number', 'integer', 'object', 'array', 'boolean', 'null'), '$comment', regexp_replace(format_type(b_4.atttypid, b_4.atttypmod), '\\[\\]$'::text, ''::text)) END, '$comment', format_type(b_4.atttypid, b_4.atttypmod)) ELSE CASE WHEN (b_3.json_schema IS NOT NULL) THEN b_3.json_schema WHEN (format_type(b_4.atttypid, b_4.atttypmod) = 'boolean'::text) THEN jsonb_build_object('type', 'boolean') WHEN starts_with(format_type(b_4.atttypid, b_4.atttypmod), '\"char\"'::text) THEN jsonb_build_object('type', 'string', 'minLength', 1, 'maxLength', 1) WHEN starts_with(format_type(b_4.atttypid, b_4.atttypmod), 'character('::text) THEN jsonb_build_object('type', 'string', 'minLength', (\"substring\"(format_type(b_4.atttypid, b_4.atttypmod), '\\d+'::text))::integer, 'maxLength', (\"substring\"(format_type(b_4.atttypid, b_4.atttypmod), '\\d+'::text))::integer, '$comment', regexp_replace(format_type(b_4.atttypid, b_4.atttypmod), '\\[\\]$'::text, ''::text)) WHEN starts_with(format_type(b_4.atttypid, b_4.atttypmod), 'character varying('::text) THEN jsonb_build_object('type', 'string', 'minLength', 0, 'maxLength', (\"substring\"(format_type(b_4.atttypid, b_4.atttypmod), '\\d+'::text))::integer, '$comment', regexp_replace(format_type(b_4.atttypid, b_4.atttypmod), '\\[\\]$'::text, ''::text)) WHEN (starts_with(format_type(b_4.atttypid, b_4.atttypmod), 'character varying'::text) OR starts_with(format_type(b_4.atttypid, b_4.atttypmod), 'text'::text)) THEN jsonb_build_object('type', 'string', 'minLength', 0, '$comment', regexp_replace(format_type(b_4.atttypid, b_4.atttypmod), '\\[\\]$'::text, ''::text)) WHEN starts_with(format_type(b_4.atttypid, b_4.atttypmod), 'smallint'::text) THEN jsonb_build_object('type', 'integer', 'minimum', '-32768'::integer, 'maximum', 32767, '$comment', regexp_replace(format_type(b_4.atttypid, b_4.atttypmod), '\\[\\]$'::text, ''::text)) WHEN starts_with(format_type(b_4.atttypid, b_4.atttypmod), 'integer'::text) THEN jsonb_build_object('type', 'integer', 'minimum', '-2147483648'::integer, 'maximum', 2147483647, '$comment', regexp_replace(format_type(b_4.atttypid, b_4.atttypmod), '\\[\\]$'::text, ''::text)) WHEN starts_with(format_type(b_4.atttypid, b_4.atttypmod), 'bigint'::text) THEN jsonb_build_object('type', 'integer', 'minimum', '-9223372036854775808'::bigint, 'maximum', '9223372036854775807'::bigint, '$comment', regexp_replace(format_type(b_4.atttypid, b_4.atttypmod), '\\[\\]$'::text, ''::text)) WHEN starts_with(format_type(b_4.atttypid, b_4.atttypmod), 'smallserial'::text) THEN jsonb_build_object('type', 'integer', 'minimum', 1, 'maximum', 32767, '$comment', regexp_replace(format_type(b_4.atttypid, b_4.atttypmod), '\\[\\]$'::text, ''::text)) WHEN starts_with(format_type(b_4.atttypid, b_4.atttypmod), 'serial'::text) THEN jsonb_build_object('type', 'integer', 'minimum', 1, 'maximum', 2147483647, '$comment', regexp_replace(format_type(b_4.atttypid, b_4.atttypmod), '\\[\\]$'::text, ''::text)) WHEN starts_with(format_type(b_4.atttypid, b_4.atttypmod), 'bigserial'::text) THEN jsonb_build_object('type', 'integer', 'minimum', 1, 'maximum', '9223372036854775807'::bigint, '$comment', regexp_replace(format_type(b_4.atttypid, b_4.atttypmod), '\\[\\]$'::text, ''::text)) WHEN (starts_with(format_type(b_4.atttypid, b_4.atttypmod), 'double precision'::text) OR starts_with(format_type(b_4.atttypid, b_4.atttypmod), 'numeric'::text) OR starts_with(format_type(b_4.atttypid, b_4.atttypmod), 'real'::text)) THEN jsonb_build_object('type', 'number', '$comment', regexp_replace(format_type(b_4.atttypid, b_4.atttypmod), '\\[\\]$'::text, ''::text)) WHEN starts_with(format_type(b_4.atttypid, b_4.atttypmod), 'json'::text) THEN jsonb_build_object('type', json_build_array('string', 'number', 'integer', 'object', 'array', 'boolean', 'null'), '$comment', regexp_replace(format_type(b_4.atttypid, b_4.atttypmod), '\\[\\]$'::text, ''::text)) WHEN (format_type(b_4.atttypid, b_4.atttypmod) = ANY ('{date,\"timestamp without time zone\",\"timestamp with time zone\"}'::text[])) THEN jsonb_build_object('type', 'string', 'format', 'date-time', 'description', format_type(b_4.atttypid, b_4.atttypmod)) ELSE jsonb_build_object('type', json_build_array('string', 'number', 'integer', 'object', 'array', 'boolean', 'null'), '$comment', regexp_replace(format_type(b_4.atttypid, b_4.atttypmod), '\\[\\]$'::text, ''::text)) END END -> 'type'::text) END, 'desc', NULL::unknown) ORDER BY b_4.attnum)))"],
                  "Shared Hit Blocks": 446233,
                  "Shared Read Blocks": 0,
                  "Shared Dirtied Blocks": 0,
                  "Shared Written Blocks": 0,
                  "Local Hit Blocks": 0,
                  "Local Read Blocks": 0,
                  "Local Dirtied Blocks": 0,
                  "Local Written Blocks": 0,
                  "Temp Read Blocks": 0,
                  "Temp Written Blocks": 0,
                  "Plans": [
                    {
                      "Node Type": "Merge Join",
                      "Parent Relationship": "Outer",
                      "Parallel Aware": false,
                      "Join Type": "Inner",
                      "Startup Cost": 9782200.44,
                      "Total Cost": 11617046.09,
                      "Plan Rows": 103,
                      "Plan Width": 40,
                      "Actual Startup Time": 7271.731,
                      "Actual Total Time": 10234.184,
                      "Actual Rows": 389,
                      "Actual Loops": 1,
                      "Output": ["(jsonb_agg(jsonb_build_object('name', b_4.attname, 'type', CASE WHEN (jsonb_typeof((CASE WHEN (format_type(b_4.atttypid, b_4.atttypmod) ~~ '%[]'::text) THEN jsonb_build_object('type', 'array', 'items', CASE WHEN (b_3.json_schema IS NOT NULL) THEN b_3.json_schema WHEN (format_type(b_4.atttypid, b_4.atttypmod) = 'boolean'::text) THEN jsonb_build_object('type', 'boolean') WHEN starts_with(format_type(b_4.atttypid, b_4.atttypmod), '\"char\"'::text) THEN jsonb_build_object('type', 'string', 'minLength', 1, 'maxLength', 1) WHEN starts_with(format_type(b_4.atttypid, b_4.atttypmod), 'character('::text) THEN jsonb_build_object('type', 'string', 'minLength', (\"substring\"(format_type(b_4.atttypid, b_4.atttypmod), '\\d+'::text))::integer, 'maxLength', (\"substring\"(format_type(b_4.atttypid, b_4.atttypmod), '\\d+'::text))::integer, '$comment', regexp_replace(format_type(b_4.atttypid, b_4.atttypmod), '\\[\\]$'::text, ''::text)) WHEN starts_with(format_type(b_4.atttypid, b_4.atttypmod), 'character varying('::text) THEN jsonb_build_object('type', 'string', 'minLength', 0, 'maxLength', (\"substring\"(format_type(b_4.atttypid, b_4.atttypmod), '\\d+'::text))::integer, '$comment', regexp_replace(format_type(b_4.atttypid, b_4.atttypmod), '\\[\\]$'::text, ''::text)) WHEN (starts_with(format_type(b_4.atttypid, b_4.atttypmod), 'character varying'::text) OR starts_with(format_type(b_4.atttypid, b_4.atttypmod), 'text'::text)) THEN jsonb_build_object('type', 'string', 'minLength', 0, '$comment', regexp_replace(format_type(b_4.atttypid, b_4.atttypmod), '\\[\\]$'::text, ''::text)) WHEN starts_with(format_type(b_4.atttypid, b_4.atttypmod), 'smallint'::text) THEN jsonb_build_object('type', 'integer', 'minimum', '-32768'::integer, 'maximum', 32767, '$comment', regexp_replace(format_type(b_4.atttypid, b_4.atttypmod), '\\[\\]$'::text, ''::text)) WHEN starts_with(format_type(b_4.atttypid, b_4.atttypmod), 'integer'::text) THEN jsonb_build_object('type', 'integer', 'minimum', '-2147483648'::integer, 'maximum', 2147483647, '$comment', regexp_replace(format_type(b_4.atttypid, b_4.atttypmod), '\\[\\]$'::text, ''::text)) WHEN starts_with(format_type(b_4.atttypid, b_4.atttypmod), 'bigint'::text) THEN jsonb_build_object('type', 'integer', 'minimum', '-9223372036854775808'::bigint, 'maximum', '9223372036854775807'::bigint, '$comment', regexp_replace(format_type(b_4.atttypid, b_4.atttypmod), '\\[\\]$'::text, ''::text)) WHEN starts_with(format_type(b_4.atttypid, b_4.atttypmod), 'smallserial'::text) THEN jsonb_build_object('type', 'integer', 'minimum', 1, 'maximum', 32767, '$comment', regexp_replace(format_type(b_4.atttypid, b_4.atttypmod), '\\[\\]$'::text, ''::text)) WHEN starts_with(format_type(b_4.atttypid, b_4.atttypmod), 'serial'::text) THEN jsonb_build_object('type', 'integer', 'minimum', 1, 'maximum', 2147483647, '$comment', regexp_replace(format_type(b_4.atttypid, b_4.atttypmod), '\\[\\]$'::text, ''::text)) WHEN starts_with(format_type(b_4.atttypid, b_4.atttypmod), 'bigserial'::text) THEN jsonb_build_object('type', 'integer', 'minimum', 1, 'maximum', '9223372036854775807'::bigint, '$comment', regexp_replace(format_type(b_4.atttypid, b_4.atttypmod), '\\[\\]$'::text, ''::text)) WHEN (starts_with(format_type(b_4.atttypid, b_4.atttypmod), 'double precision'::text) OR starts_with(format_type(b_4.atttypid, b_4.atttypmod), 'numeric'::text) OR starts_with(format_type(b_4.atttypid, b_4.atttypmod), 'real'::text)) THEN jsonb_build_object('type', 'number', '$comment', regexp_replace(format_type(b_4.atttypid, b_4.atttypmod), '\\[\\]$'::text, ''::text)) WHEN starts_with(format_type(b_4.atttypid, b_4.atttypmod), 'json'::text) THEN jsonb_build_object('type', json_build_array('string', 'number', 'integer', 'object', 'array', 'boolean', 'null'), '$comment', regexp_replace(format_type(b_4.atttypid, b_4.atttypmod), '\\[\\]$'::text, ''::text)) WHEN (format_type(b_4.atttypid, b_4.atttypmod) = ANY ('{date,\"timestamp without time zone\",\"timestamp with time zone\"}'::text[])) THEN jsonb_build_object('type', 'string', 'format', 'date-time', 'description', format_type(b_4.atttypid, b_4.atttypmod)) ELSE jsonb_build_object('type', json_build_array('string', 'number', 'integer', 'object', 'array', 'boolean', 'null'), '$comment', regexp_replace(format_type(b_4.atttypid, b_4.atttypmod), '\\[\\]$'::text, ''::text)) END, '$comment', format_type(b_4.atttypid, b_4.atttypmod)) ELSE CASE WHEN (b_3.json_schema IS NOT NULL) THEN b_3.json_schema WHEN (format_type(b_4.atttypid, b_4.atttypmod) = 'boolean'::text) THEN jsonb_build_object('type', 'boolean') WHEN starts_with(format_type(b_4.atttypid, b_4.atttypmod), '\"char\"'::text) THEN jsonb_build_object('type', 'string', 'minLength', 1, 'maxLength', 1) WHEN starts_with(format_type(b_4.atttypid, b_4.atttypmod), 'character('::text) THEN jsonb_build_object('type', 'string', 'minLength', (\"substring\"(format_type(b_4.atttypid, b_4.atttypmod), '\\d+'::text))::integer, 'maxLength', (\"substring\"(format_type(b_4.atttypid, b_4.atttypmod), '\\d+'::text))::integer, '$comment', regexp_replace(format_type(b_4.atttypid, b_4.atttypmod), '\\[\\]$'::text, ''::text)) WHEN starts_with(format_type(b_4.atttypid, b_4.atttypmod), 'character varying('::text) THEN jsonb_build_object('type', 'string', 'minLength', 0, 'maxLength', (\"substring\"(format_type(b_4.atttypid, b_4.atttypmod), '\\d+'::text))::integer, '$comment', regexp_replace(format_type(b_4.atttypid, b_4.atttypmod), '\\[\\]$'::text, ''::text)) WHEN (starts_with(format_type(b_4.atttypid, b_4.atttypmod), 'character varying'::text) OR starts_with(format_type(b_4.atttypid, b_4.atttypmod), 'text'::text)) THEN jsonb_build_object('type', 'string', 'minLength', 0, '$comment', regexp_replace(format_type(b_4.atttypid, b_4.atttypmod), '\\[\\]$'::text, ''::text)) WHEN starts_with(format_type(b_4.atttypid, b_4.atttypmod), 'smallint'::text) THEN jsonb_build_object('type', 'integer', 'minimum', '-32768'::integer, 'maximum', 32767, '$comment', regexp_replace(format_type(b_4.atttypid, b_4.atttypmod), '\\[\\]$'::text, ''::text)) WHEN starts_with(format_type(b_4.atttypid, b_4.atttypmod), 'integer'::text) THEN jsonb_build_object('type', 'integer', 'minimum', '-2147483648'::integer, 'maximum', 2147483647, '$comment', regexp_replace(format_type(b_4.atttypid, b_4.atttypmod), '\\[\\]$'::text, ''::text)) WHEN starts_with(format_type(b_4.atttypid, b_4.atttypmod), 'bigint'::text) THEN jsonb_build_object('type', 'integer', 'minimum', '-9223372036854775808'::bigint, 'maximum', '9223372036854775807'::bigint, '$comment', regexp_replace(format_type(b_4.atttypid, b_4.atttypmod), '\\[\\]$'::text, ''::text)) WHEN starts_with(format_type(b_4.atttypid, b_4.atttypmod), 'smallserial'::text) THEN jsonb_build_object('type', 'integer', 'minimum', 1, 'maximum', 32767, '$comment', regexp_replace(format_type(b_4.atttypid, b_4.atttypmod), '\\[\\]$'::text, ''::text)) WHEN starts_with(format_type(b_4.atttypid, b_4.atttypmod), 'serial'::text) THEN jsonb_build_object('type', 'integer', 'minimum', 1, 'maximum', 2147483647, '$comment', regexp_replace(format_type(b_4.atttypid, b_4.atttypmod), '\\[\\]$'::text, ''::text)) WHEN starts_with(format_type(b_4.atttypid, b_4.atttypmod), 'bigserial'::text) THEN jsonb_build_object('type', 'integer', 'minimum', 1, 'maximum', '9223372036854775807'::bigint, '$comment', regexp_replace(format_type(b_4.atttypid, b_4.atttypmod), '\\[\\]$'::text, ''::text)) WHEN (starts_with(format_type(b_4.atttypid, b_4.atttypmod), 'double precision'::text) OR starts_with(format_type(b_4.atttypid, b_4.atttypmod), 'numeric'::text) OR starts_with(format_type(b_4.atttypid, b_4.atttypmod), 'real'::text)) THEN jsonb_build_object('type', 'number', '$comment', regexp_replace(format_type(b_4.atttypid, b_4.atttypmod), '\\[\\]$'::text, ''::text)) WHEN starts_with(format_type(b_4.atttypid, b_4.atttypmod), 'json'::text) THEN jsonb_build_object('type', json_build_array('string', 'number', 'integer', 'object', 'array', 'boolean', 'null'), '$comment', regexp_replace(format_type(b_4.atttypid, b_4.atttypmod), '\\[\\]$'::text, ''::text)) WHEN (format_type(b_4.atttypid, b_4.atttypmod) = ANY ('{date,\"timestamp without time zone\",\"timestamp with time zone\"}'::text[])) THEN jsonb_build_object('type', 'string', 'format', 'date-time', 'description', format_type(b_4.atttypid, b_4.atttypmod)) ELSE jsonb_build_object('type', json_build_array('string', 'number', 'integer', 'object', 'array', 'boolean', 'null'), '$comment', regexp_replace(format_type(b_4.atttypid, b_4.atttypmod), '\\[\\]$'::text, ''::text)) END END -> 'type'::text)) = 'array'::text) THEN '\"object\"'::jsonb ELSE (CASE WHEN (format_type(b_4.atttypid, b_4.atttypmod) ~~ '%[]'::text) THEN jsonb_build_object('type', 'array', 'items', CASE WHEN (b_3.json_schema IS NOT NULL) THEN b_3.json_schema WHEN (format_type(b_4.atttypid, b_4.atttypmod) = 'boolean'::text) THEN jsonb_build_object('type', 'boolean') WHEN starts_with(format_type(b_4.atttypid, b_4.atttypmod), '\"char\"'::text) THEN jsonb_build_object('type', 'string', 'minLength', 1, 'maxLength', 1) WHEN starts_with(format_type(b_4.atttypid, b_4.atttypmod), 'character('::text) THEN jsonb_build_object('type', 'string', 'minLength', (\"substring\"(format_type(b_4.atttypid, b_4.atttypmod), '\\d+'::text))::integer, 'maxLength', (\"substring\"(format_type(b_4.atttypid, b_4.atttypmod), '\\d+'::text))::integer, '$comment', regexp_replace(format_type(b_4.atttypid, b_4.atttypmod), '\\[\\]$'::text, ''::text)) WHEN starts_with(format_type(b_4.atttypid, b_4.atttypmod), 'character varying('::text) THEN jsonb_build_object('type', 'string', 'minLength', 0, 'maxLength', (\"substring\"(format_type(b_4.atttypid, b_4.atttypmod), '\\d+'::text))::integer, '$comment', regexp_replace(format_type(b_4.atttypid, b_4.atttypmod), '\\[\\]$'::text, ''::text)) WHEN (starts_with(format_type(b_4.atttypid, b_4.atttypmod), 'character varying'::text) OR starts_with(format_type(b_4.atttypid, b_4.atttypmod), 'text'::text)) THEN jsonb_build_object('type', 'string', 'minLength', 0, '$comment', regexp_replace(format_type(b_4.atttypid, b_4.atttypmod), '\\[\\]$'::text, ''::text)) WHEN starts_with(format_type(b_4.atttypid, b_4.atttypmod), 'smallint'::text) THEN jsonb_build_object('type', 'integer', 'minimum', '-32768'::integer, 'maximum', 32767, '$comment', regexp_replace(format_type(b_4.atttypid, b_4.atttypmod), '\\[\\]$'::text, ''::text)) WHEN starts_with(format_type(b_4.atttypid, b_4.atttypmod), 'integer'::text) THEN jsonb_build_object('type', 'integer', 'minimum', '-2147483648'::integer, 'maximum', 2147483647, '$comment', regexp_replace(format_type(b_4.atttypid, b_4.atttypmod), '\\[\\]$'::text, ''::text)) WHEN starts_with(format_type(b_4.atttypid, b_4.atttypmod), 'bigint'::text) THEN jsonb_build_object('type', 'integer', 'minimum', '-9223372036854775808'::bigint, 'maximum', '9223372036854775807'::bigint, '$comment', regexp_replace(format_type(b_4.atttypid, b_4.atttypmod), '\\[\\]$'::text, ''::text)) WHEN starts_with(format_type(b_4.atttypid, b_4.atttypmod), 'smallserial'::text) THEN jsonb_build_object('type', 'integer', 'minimum', 1, 'maximum', 32767, '$comment', regexp_replace(format_type(b_4.atttypid, b_4.atttypmod), '\\[\\]$'::text, ''::text)) WHEN starts_with(format_type(b_4.atttypid, b_4.atttypmod), 'serial'::text) THEN jsonb_build_object('type', 'integer', 'minimum', 1, 'maximum', 2147483647, '$comment', regexp_replace(format_type(b_4.atttypid, b_4.atttypmod), '\\[\\]$'::text, ''::text)) WHEN starts_with(format_type(b_4.atttypid, b_4.atttypmod), 'bigserial'::text) THEN jsonb_build_object('type', 'integer', 'minimum', 1, 'maximum', '9223372036854775807'::bigint, '$comment', regexp_replace(format_type(b_4.atttypid, b_4.atttypmod), '\\[\\]$'::text, ''::text)) WHEN (starts_with(format_type(b_4.atttypid, b_4.atttypmod), 'double precision'::text) OR starts_with(format_type(b_4.atttypid, b_4.atttypmod), 'numeric'::text) OR starts_with(format_type(b_4.atttypid, b_4.atttypmod), 'real'::text)) THEN jsonb_build_object('type', 'number', '$comment', regexp_replace(format_type(b_4.atttypid, b_4.atttypmod), '\\[\\]$'::text, ''::text)) WHEN starts_with(format_type(b_4.atttypid, b_4.atttypmod), 'json'::text) THEN jsonb_build_object('type', json_build_array('string', 'number', 'integer', 'object', 'array', 'boolean', 'null'), '$comment', regexp_replace(format_type(b_4.atttypid, b_4.atttypmod), '\\[\\]$'::text, ''::text)) WHEN (format_type(b_4.atttypid, b_4.atttypmod) = ANY ('{date,\"timestamp without time zone\",\"timestamp with time zone\"}'::text[])) THEN jsonb_build_object('type', 'string', 'format', 'date-time', 'description', format_type(b_4.atttypid, b_4.atttypmod)) ELSE jsonb_build_object('type', json_build_array('string', 'number', 'integer', 'object', 'array', 'boolean', 'null'), '$comment', regexp_replace(format_type(b_4.atttypid, b_4.atttypmod), '\\[\\]$'::text, ''::text)) END, '$comment', format_type(b_4.atttypid, b_4.atttypmod)) ELSE CASE WHEN (b_3.json_schema IS NOT NULL) THEN b_3.json_schema WHEN (format_type(b_4.atttypid, b_4.atttypmod) = 'boolean'::text) THEN jsonb_build_object('type', 'boolean') WHEN starts_with(format_type(b_4.atttypid, b_4.atttypmod), '\"char\"'::text) THEN jsonb_build_object('type', 'string', 'minLength', 1, 'maxLength', 1) WHEN starts_with(format_type(b_4.atttypid, b_4.atttypmod), 'character('::text) THEN jsonb_build_object('type', 'string', 'minLength', (\"substring\"(format_type(b_4.atttypid, b_4.atttypmod), '\\d+'::text))::integer, 'maxLength', (\"substring\"(format_type(b_4.atttypid, b_4.atttypmod), '\\d+'::text))::integer, '$comment', regexp_replace(format_type(b_4.atttypid, b_4.atttypmod), '\\[\\]$'::text, ''::text)) WHEN starts_with(format_type(b_4.atttypid, b_4.atttypmod), 'character varying('::text) THEN jsonb_build_object('type', 'string', 'minLength', 0, 'maxLength', (\"substring\"(format_type(b_4.atttypid, b_4.atttypmod), '\\d+'::text))::integer, '$comment', regexp_replace(format_type(b_4.atttypid, b_4.atttypmod), '\\[\\]$'::text, ''::text)) WHEN (starts_with(format_type(b_4.atttypid, b_4.atttypmod), 'character varying'::text) OR starts_with(format_type(b_4.atttypid, b_4.atttypmod), 'text'::text)) THEN jsonb_build_object('type', 'string', 'minLength', 0, '$comment', regexp_replace(format_type(b_4.atttypid, b_4.atttypmod), '\\[\\]$'::text, ''::text)) WHEN starts_with(format_type(b_4.atttypid, b_4.atttypmod), 'smallint'::text) THEN jsonb_build_object('type', 'integer', 'minimum', '-32768'::integer, 'maximum', 32767, '$comment', regexp_replace(format_type(b_4.atttypid, b_4.atttypmod), '\\[\\]$'::text, ''::text)) WHEN starts_with(format_type(b_4.atttypid, b_4.atttypmod), 'integer'::text) THEN jsonb_build_object('type', 'integer', 'minimum', '-2147483648'::integer, 'maximum', 2147483647, '$comment', regexp_replace(format_type(b_4.atttypid, b_4.atttypmod), '\\[\\]$'::text, ''::text)) WHEN starts_with(format_type(b_4.atttypid, b_4.atttypmod), 'bigint'::text) THEN jsonb_build_object('type', 'integer', 'minimum', '-9223372036854775808'::bigint, 'maximum', '9223372036854775807'::bigint, '$comment', regexp_replace(format_type(b_4.atttypid, b_4.atttypmod), '\\[\\]$'::text, ''::text)) WHEN starts_with(format_type(b_4.atttypid, b_4.atttypmod), 'smallserial'::text) THEN jsonb_build_object('type', 'integer', 'minimum', 1, 'maximum', 32767, '$comment', regexp_replace(format_type(b_4.atttypid, b_4.atttypmod), '\\[\\]$'::text, ''::text)) WHEN starts_with(format_type(b_4.atttypid, b_4.atttypmod), 'serial'::text) THEN jsonb_build_object('type', 'integer', 'minimum', 1, 'maximum', 2147483647, '$comment', regexp_replace(format_type(b_4.atttypid, b_4.atttypmod), '\\[\\]$'::text, ''::text)) WHEN starts_with(format_type(b_4.atttypid, b_4.atttypmod), 'bigserial'::text) THEN jsonb_build_object('type', 'integer', 'minimum', 1, 'maximum', '9223372036854775807'::bigint, '$comment', regexp_replace(format_type(b_4.atttypid, b_4.atttypmod), '\\[\\]$'::text, ''::text)) WHEN (starts_with(format_type(b_4.atttypid, b_4.atttypmod), 'double precision'::text) OR starts_with(format_type(b_4.atttypid, b_4.atttypmod), 'numeric'::text) OR starts_with(format_type(b_4.atttypid, b_4.atttypmod), 'real'::text)) THEN jsonb_build_object('type', 'number', '$comment', regexp_replace(format_type(b_4.atttypid, b_4.atttypmod), '\\[\\]$'::text, ''::text)) WHEN starts_with(format_type(b_4.atttypid, b_4.atttypmod), 'json'::text) THEN jsonb_build_object('type', json_build_array('string', 'number', 'integer', 'object', 'array', 'boolean', 'null'), '$comment', regexp_replace(format_type(b_4.atttypid, b_4.atttypmod), '\\[\\]$'::text, ''::text)) WHEN (format_type(b_4.atttypid, b_4.atttypmod) = ANY ('{date,\"timestamp without time zone\",\"timestamp with time zone\"}'::text[])) THEN jsonb_build_object('type', 'string', 'format', 'date-time', 'description', format_type(b_4.atttypid, b_4.atttypmod)) ELSE jsonb_build_object('type', json_build_array('string', 'number', 'integer', 'object', 'array', 'boolean', 'null'), '$comment', regexp_replace(format_type(b_4.atttypid, b_4.atttypmod), '\\[\\]$'::text, ''::text)) END END -> 'type'::text) END, 'desc', NULL::unknown) ORDER BY b_4.attnum))", "a_9.source_id", "a_9.view_id"],
                      "Inner Unique": true,
                      "Merge Cond": "((a_9.table_schema = (((a_10.relnamespace)::regnamespace)::text)) AND (a_9.table_name = ((a_10.relname)::text)))",
                      "Shared Hit Blocks": 446233,
                      "Shared Read Blocks": 0,
                      "Shared Dirtied Blocks": 0,
                      "Shared Written Blocks": 0,
                      "Local Hit Blocks": 0,
                      "Local Read Blocks": 0,
                      "Local Dirtied Blocks": 0,
                      "Local Written Blocks": 0,
                      "Temp Read Blocks": 0,
                      "Temp Written Blocks": 0,
                      "Plans": [
                        {
                          "Node Type": "Sort",
                          "Parent Relationship": "Outer",
                          "Parallel Aware": false,
                          "Startup Cost": 40.62,
                          "Total Cost": 41.60,
                          "Plan Rows": 389,
                          "Plan Width": 47,
                          "Actual Startup Time": 2.808,
                          "Actual Total Time": 2.924,
                          "Actual Rows": 389,
                          "Actual Loops": 1,
                          "Output": ["a_9.source_id", "a_9.view_id", "a_9.table_schema", "a_9.table_name"],
                          "Sort Key": ["a_9.table_schema", "a_9.table_name"],
                          "Sort Method": "quicksort",
                          "Sort Space Used": 67,
                          "Sort Space Type": "Memory",
                          "Shared Hit Blocks": 20,
                          "Shared Read Blocks": 0,
                          "Shared Dirtied Blocks": 0,
                          "Shared Written Blocks": 0,
                          "Local Hit Blocks": 0,
                          "Local Read Blocks": 0,
                          "Local Dirtied Blocks": 0,
                          "Local Written Blocks": 0,
                          "Temp Read Blocks": 0,
                          "Temp Written Blocks": 0,
                          "Plans": [
                            {
                              "Node Type": "Seq Scan",
                              "Parent Relationship": "Outer",
                              "Parallel Aware": false,
                              "Relation Name": "views",
                              "Schema": "data_manager",
                              "Alias": "a_9",
                              "Startup Cost": 0.00,
                              "Total Cost": 23.89,
                              "Plan Rows": 389,
                              "Plan Width": 47,
                              "Actual Startup Time": 0.019,
                              "Actual Total Time": 0.238,
                              "Actual Rows": 389,
                              "Actual Loops": 1,
                              "Output": ["a_9.source_id", "a_9.view_id", "a_9.table_schema", "a_9.table_name"],
                              "Shared Hit Blocks": 20,
                              "Shared Read Blocks": 0,
                              "Shared Dirtied Blocks": 0,
                              "Shared Written Blocks": 0,
                              "Local Hit Blocks": 0,
                              "Local Read Blocks": 0,
                              "Local Dirtied Blocks": 0,
                              "Local Written Blocks": 0,
                              "Temp Read Blocks": 0,
                              "Temp Written Blocks": 0
                            }
                          ]
                        },
                        {
                          "Node Type": "Aggregate",
                          "Strategy": "Sorted",
                          "Partial Mode": "Simple",
                          "Parent Relationship": "Inner",
                          "Parallel Aware": false,
                          "Startup Cost": 9782159.82,
                          "Total Cost": 11616699.03,
                          "Plan Rows": 20166,
                          "Plan Width": 128,
                          "Actual Startup Time": 7156.923,
                          "Actual Total Time": 10222.126,
                          "Actual Rows": 12725,
                          "Actual Loops": 1,
                          "Output": ["(((a_10.relnamespace)::regnamespace)::text)", "((a_10.relname)::text)", "NULL::jsonb", "jsonb_agg(jsonb_build_object('name', b_4.attname, 'type', CASE WHEN (jsonb_typeof((CASE WHEN (format_type(b_4.atttypid, b_4.atttypmod) ~~ '%[]'::text) THEN jsonb_build_object('type', 'array', 'items', CASE WHEN (b_3.json_schema IS NOT NULL) THEN b_3.json_schema WHEN (format_type(b_4.atttypid, b_4.atttypmod) = 'boolean'::text) THEN jsonb_build_object('type', 'boolean') WHEN starts_with(format_type(b_4.atttypid, b_4.atttypmod), '\"char\"'::text) THEN jsonb_build_object('type', 'string', 'minLength', 1, 'maxLength', 1) WHEN starts_with(format_type(b_4.atttypid, b_4.atttypmod), 'character('::text) THEN jsonb_build_object('type', 'string', 'minLength', (\"substring\"(format_type(b_4.atttypid, b_4.atttypmod), '\\d+'::text))::integer, 'maxLength', (\"substring\"(format_type(b_4.atttypid, b_4.atttypmod), '\\d+'::text))::integer, '$comment', regexp_replace(format_type(b_4.atttypid, b_4.atttypmod), '\\[\\]$'::text, ''::text)) WHEN starts_with(format_type(b_4.atttypid, b_4.atttypmod), 'character varying('::text) THEN jsonb_build_object('type', 'string', 'minLength', 0, 'maxLength', (\"substring\"(format_type(b_4.atttypid, b_4.atttypmod), '\\d+'::text))::integer, '$comment', regexp_replace(format_type(b_4.atttypid, b_4.atttypmod), '\\[\\]$'::text, ''::text)) WHEN (starts_with(format_type(b_4.atttypid, b_4.atttypmod), 'character varying'::text) OR starts_with(format_type(b_4.atttypid, b_4.atttypmod), 'text'::text)) THEN jsonb_build_object('type', 'string', 'minLength', 0, '$comment', regexp_replace(format_type(b_4.atttypid, b_4.atttypmod), '\\[\\]$'::text, ''::text)) WHEN starts_with(format_type(b_4.atttypid, b_4.atttypmod), 'smallint'::text) THEN jsonb_build_object('type', 'integer', 'minimum', '-32768'::integer, 'maximum', 32767, '$comment', regexp_replace(format_type(b_4.atttypid, b_4.atttypmod), '\\[\\]$'::text, ''::text)) WHEN starts_with(format_type(b_4.atttypid, b_4.atttypmod), 'integer'::text) THEN jsonb_build_object('type', 'integer', 'minimum', '-2147483648'::integer, 'maximum', 2147483647, '$comment', regexp_replace(format_type(b_4.atttypid, b_4.atttypmod), '\\[\\]$'::text, ''::text)) WHEN starts_with(format_type(b_4.atttypid, b_4.atttypmod), 'bigint'::text) THEN jsonb_build_object('type', 'integer', 'minimum', '-9223372036854775808'::bigint, 'maximum', '9223372036854775807'::bigint, '$comment', regexp_replace(format_type(b_4.atttypid, b_4.atttypmod), '\\[\\]$'::text, ''::text)) WHEN starts_with(format_type(b_4.atttypid, b_4.atttypmod), 'smallserial'::text) THEN jsonb_build_object('type', 'integer', 'minimum', 1, 'maximum', 32767, '$comment', regexp_replace(format_type(b_4.atttypid, b_4.atttypmod), '\\[\\]$'::text, ''::text)) WHEN starts_with(format_type(b_4.atttypid, b_4.atttypmod), 'serial'::text) THEN jsonb_build_object('type', 'integer', 'minimum', 1, 'maximum', 2147483647, '$comment', regexp_replace(format_type(b_4.atttypid, b_4.atttypmod), '\\[\\]$'::text, ''::text)) WHEN starts_with(format_type(b_4.atttypid, b_4.atttypmod), 'bigserial'::text) THEN jsonb_build_object('type', 'integer', 'minimum', 1, 'maximum', '9223372036854775807'::bigint, '$comment', regexp_replace(format_type(b_4.atttypid, b_4.atttypmod), '\\[\\]$'::text, ''::text)) WHEN (starts_with(format_type(b_4.atttypid, b_4.atttypmod), 'double precision'::text) OR starts_with(format_type(b_4.atttypid, b_4.atttypmod), 'numeric'::text) OR starts_with(format_type(b_4.atttypid, b_4.atttypmod), 'real'::text)) THEN jsonb_build_object('type', 'number', '$comment', regexp_replace(format_type(b_4.atttypid, b_4.atttypmod), '\\[\\]$'::text, ''::text)) WHEN starts_with(format_type(b_4.atttypid, b_4.atttypmod), 'json'::text) THEN jsonb_build_object('type', json_build_array('string', 'number', 'integer', 'object', 'array', 'boolean', 'null'), '$comment', regexp_replace(format_type(b_4.atttypid, b_4.atttypmod), '\\[\\]$'::text, ''::text)) WHEN (format_type(b_4.atttypid, b_4.atttypmod) = ANY ('{date,\"timestamp without time zone\",\"timestamp with time zone\"}'::text[])) THEN jsonb_build_object('type', 'string', 'format', 'date-time', 'description', format_type(b_4.atttypid, b_4.atttypmod)) ELSE jsonb_build_object('type', json_build_array('string', 'number', 'integer', 'object', 'array', 'boolean', 'null'), '$comment', regexp_replace(format_type(b_4.atttypid, b_4.atttypmod), '\\[\\]$'::text, ''::text)) END, '$comment', format_type(b_4.atttypid, b_4.atttypmod)) ELSE CASE WHEN (b_3.json_schema IS NOT NULL) THEN b_3.json_schema WHEN (format_type(b_4.atttypid, b_4.atttypmod) = 'boolean'::text) THEN jsonb_build_object('type', 'boolean') WHEN starts_with(format_type(b_4.atttypid, b_4.atttypmod), '\"char\"'::text) THEN jsonb_build_object('type', 'string', 'minLength', 1, 'maxLength', 1) WHEN starts_with(format_type(b_4.atttypid, b_4.atttypmod), 'character('::text) THEN jsonb_build_object('type', 'string', 'minLength', (\"substring\"(format_type(b_4.atttypid, b_4.atttypmod), '\\d+'::text))::integer, 'maxLength', (\"substring\"(format_type(b_4.atttypid, b_4.atttypmod), '\\d+'::text))::integer, '$comment', regexp_replace(format_type(b_4.atttypid, b_4.atttypmod), '\\[\\]$'::text, ''::text)) WHEN starts_with(format_type(b_4.atttypid, b_4.atttypmod), 'character varying('::text) THEN jsonb_build_object('type', 'string', 'minLength', 0, 'maxLength', (\"substring\"(format_type(b_4.atttypid, b_4.atttypmod), '\\d+'::text))::integer, '$comment', regexp_replace(format_type(b_4.atttypid, b_4.atttypmod), '\\[\\]$'::text, ''::text)) WHEN (starts_with(format_type(b_4.atttypid, b_4.atttypmod), 'character varying'::text) OR starts_with(format_type(b_4.atttypid, b_4.atttypmod), 'text'::text)) THEN jsonb_build_object('type', 'string', 'minLength', 0, '$comment', regexp_replace(format_type(b_4.atttypid, b_4.atttypmod), '\\[\\]$'::text, ''::text)) WHEN starts_with(format_type(b_4.atttypid, b_4.atttypmod), 'smallint'::text) THEN jsonb_build_object('type', 'integer', 'minimum', '-32768'::integer, 'maximum', 32767, '$comment', regexp_replace(format_type(b_4.atttypid, b_4.atttypmod), '\\[\\]$'::text, ''::text)) WHEN starts_with(format_type(b_4.atttypid, b_4.atttypmod), 'integer'::text) THEN jsonb_build_object('type', 'integer', 'minimum', '-2147483648'::integer, 'maximum', 2147483647, '$comment', regexp_replace(format_type(b_4.atttypid, b_4.atttypmod), '\\[\\]$'::text, ''::text)) WHEN starts_with(format_type(b_4.atttypid, b_4.atttypmod), 'bigint'::text) THEN jsonb_build_object('type', 'integer', 'minimum', '-9223372036854775808'::bigint, 'maximum', '9223372036854775807'::bigint, '$comment', regexp_replace(format_type(b_4.atttypid, b_4.atttypmod), '\\[\\]$'::text, ''::text)) WHEN starts_with(format_type(b_4.atttypid, b_4.atttypmod), 'smallserial'::text) THEN jsonb_build_object('type', 'integer', 'minimum', 1, 'maximum', 32767, '$comment', regexp_replace(format_type(b_4.atttypid, b_4.atttypmod), '\\[\\]$'::text, ''::text)) WHEN starts_with(format_type(b_4.atttypid, b_4.atttypmod), 'serial'::text) THEN jsonb_build_object('type', 'integer', 'minimum', 1, 'maximum', 2147483647, '$comment', regexp_replace(format_type(b_4.atttypid, b_4.atttypmod), '\\[\\]$'::text, ''::text)) WHEN starts_with(format_type(b_4.atttypid, b_4.atttypmod), 'bigserial'::text) THEN jsonb_build_object('type', 'integer', 'minimum', 1, 'maximum', '9223372036854775807'::bigint, '$comment', regexp_replace(format_type(b_4.atttypid, b_4.atttypmod), '\\[\\]$'::text, ''::text)) WHEN (starts_with(format_type(b_4.atttypid, b_4.atttypmod), 'double precision'::text) OR starts_with(format_type(b_4.atttypid, b_4.atttypmod), 'numeric'::text) OR starts_with(format_type(b_4.atttypid, b_4.atttypmod), 'real'::text)) THEN jsonb_build_object('type', 'number', '$comment', regexp_replace(format_type(b_4.atttypid, b_4.atttypmod), '\\[\\]$'::text, ''::text)) WHEN starts_with(format_type(b_4.atttypid, b_4.atttypmod), 'json'::text) THEN jsonb_build_object('type', json_build_array('string', 'number', 'integer', 'object', 'array', 'boolean', 'null'), '$comment', regexp_replace(format_type(b_4.atttypid, b_4.atttypmod), '\\[\\]$'::text, ''::text)) WHEN (format_type(b_4.atttypid, b_4.atttypmod) = ANY ('{date,\"timestamp without time zone\",\"timestamp with time zone\"}'::text[])) THEN jsonb_build_object('type', 'string', 'format', 'date-time', 'description', format_type(b_4.atttypid, b_4.atttypmod)) ELSE jsonb_build_object('type', json_build_array('string', 'number', 'integer', 'object', 'array', 'boolean', 'null'), '$comment', regexp_replace(format_type(b_4.atttypid, b_4.atttypmod), '\\[\\]$'::text, ''::text)) END END -> 'type'::text)) = 'array'::text) THEN '\"object\"'::jsonb ELSE (CASE WHEN (format_type(b_4.atttypid, b_4.atttypmod) ~~ '%[]'::text) THEN jsonb_build_object('type', 'array', 'items', CASE WHEN (b_3.json_schema IS NOT NULL) THEN b_3.json_schema WHEN (format_type(b_4.atttypid, b_4.atttypmod) = 'boolean'::text) THEN jsonb_build_object('type', 'boolean') WHEN starts_with(format_type(b_4.atttypid, b_4.atttypmod), '\"char\"'::text) THEN jsonb_build_object('type', 'string', 'minLength', 1, 'maxLength', 1) WHEN starts_with(format_type(b_4.atttypid, b_4.atttypmod), 'character('::text) THEN jsonb_build_object('type', 'string', 'minLength', (\"substring\"(format_type(b_4.atttypid, b_4.atttypmod), '\\d+'::text))::integer, 'maxLength', (\"substring\"(format_type(b_4.atttypid, b_4.atttypmod), '\\d+'::text))::integer, '$comment', regexp_replace(format_type(b_4.atttypid, b_4.atttypmod), '\\[\\]$'::text, ''::text)) WHEN starts_with(format_type(b_4.atttypid, b_4.atttypmod), 'character varying('::text) THEN jsonb_build_object('type', 'string', 'minLength', 0, 'maxLength', (\"substring\"(format_type(b_4.atttypid, b_4.atttypmod), '\\d+'::text))::integer, '$comment', regexp_replace(format_type(b_4.atttypid, b_4.atttypmod), '\\[\\]$'::text, ''::text)) WHEN (starts_with(format_type(b_4.atttypid, b_4.atttypmod), 'character varying'::text) OR starts_with(format_type(b_4.atttypid, b_4.atttypmod), 'text'::text)) THEN jsonb_build_object('type', 'string', 'minLength', 0, '$comment', regexp_replace(format_type(b_4.atttypid, b_4.atttypmod), '\\[\\]$'::text, ''::text)) WHEN starts_with(format_type(b_4.atttypid, b_4.atttypmod), 'smallint'::text) THEN jsonb_build_object('type', 'integer', 'minimum', '-32768'::integer, 'maximum', 32767, '$comment', regexp_replace(format_type(b_4.atttypid, b_4.atttypmod), '\\[\\]$'::text, ''::text)) WHEN starts_with(format_type(b_4.atttypid, b_4.atttypmod), 'integer'::text) THEN jsonb_build_object('type', 'integer', 'minimum', '-2147483648'::integer, 'maximum', 2147483647, '$comment', regexp_replace(format_type(b_4.atttypid, b_4.atttypmod), '\\[\\]$'::text, ''::text)) WHEN starts_with(format_type(b_4.atttypid, b_4.atttypmod), 'bigint'::text) THEN jsonb_build_object('type', 'integer', 'minimum', '-9223372036854775808'::bigint, 'maximum', '9223372036854775807'::bigint, '$comment', regexp_replace(format_type(b_4.atttypid, b_4.atttypmod), '\\[\\]$'::text, ''::text)) WHEN starts_with(format_type(b_4.atttypid, b_4.atttypmod), 'smallserial'::text) THEN jsonb_build_object('type', 'integer', 'minimum', 1, 'maximum', 32767, '$comment', regexp_replace(format_type(b_4.atttypid, b_4.atttypmod), '\\[\\]$'::text, ''::text)) WHEN starts_with(format_type(b_4.atttypid, b_4.atttypmod), 'serial'::text) THEN jsonb_build_object('type', 'integer', 'minimum', 1, 'maximum', 2147483647, '$comment', regexp_replace(format_type(b_4.atttypid, b_4.atttypmod), '\\[\\]$'::text, ''::text)) WHEN starts_with(format_type(b_4.atttypid, b_4.atttypmod), 'bigserial'::text) THEN jsonb_build_object('type', 'integer', 'minimum', 1, 'maximum', '9223372036854775807'::bigint, '$comment', regexp_replace(format_type(b_4.atttypid, b_4.atttypmod), '\\[\\]$'::text, ''::text)) WHEN (starts_with(format_type(b_4.atttypid, b_4.atttypmod), 'double precision'::text) OR starts_with(format_type(b_4.atttypid, b_4.atttypmod), 'numeric'::text) OR starts_with(format_type(b_4.atttypid, b_4.atttypmod), 'real'::text)) THEN jsonb_build_object('type', 'number', '$comment', regexp_replace(format_type(b_4.atttypid, b_4.atttypmod), '\\[\\]$'::text, ''::text)) WHEN starts_with(format_type(b_4.atttypid, b_4.atttypmod), 'json'::text) THEN jsonb_build_object('type', json_build_array('string', 'number', 'integer', 'object', 'array', 'boolean', 'null'), '$comment', regexp_replace(format_type(b_4.atttypid, b_4.atttypmod), '\\[\\]$'::text, ''::text)) WHEN (format_type(b_4.atttypid, b_4.atttypmod) = ANY ('{date,\"timestamp without time zone\",\"timestamp with time zone\"}'::text[])) THEN jsonb_build_object('type', 'string', 'format', 'date-time', 'description', format_type(b_4.atttypid, b_4.atttypmod)) ELSE jsonb_build_object('type', json_build_array('string', 'number', 'integer', 'object', 'array', 'boolean', 'null'), '$comment', regexp_replace(format_type(b_4.atttypid, b_4.atttypmod), '\\[\\]$'::text, ''::text)) END, '$comment', format_type(b_4.atttypid, b_4.atttypmod)) ELSE CASE WHEN (b_3.json_schema IS NOT NULL) THEN b_3.json_schema WHEN (format_type(b_4.atttypid, b_4.atttypmod) = 'boolean'::text) THEN jsonb_build_object('type', 'boolean') WHEN starts_with(format_type(b_4.atttypid, b_4.atttypmod), '\"char\"'::text) THEN jsonb_build_object('type', 'string', 'minLength', 1, 'maxLength', 1) WHEN starts_with(format_type(b_4.atttypid, b_4.atttypmod), 'character('::text) THEN jsonb_build_object('type', 'string', 'minLength', (\"substring\"(format_type(b_4.atttypid, b_4.atttypmod), '\\d+'::text))::integer, 'maxLength', (\"substring\"(format_type(b_4.atttypid, b_4.atttypmod), '\\d+'::text))::integer, '$comment', regexp_replace(format_type(b_4.atttypid, b_4.atttypmod), '\\[\\]$'::text, ''::text)) WHEN starts_with(format_type(b_4.atttypid, b_4.atttypmod), 'character varying('::text) THEN jsonb_build_object('type', 'string', 'minLength', 0, 'maxLength', (\"substring\"(format_type(b_4.atttypid, b_4.atttypmod), '\\d+'::text))::integer, '$comment', regexp_replace(format_type(b_4.atttypid, b_4.atttypmod), '\\[\\]$'::text, ''::text)) WHEN (starts_with(format_type(b_4.atttypid, b_4.atttypmod), 'character varying'::text) OR starts_with(format_type(b_4.atttypid, b_4.atttypmod), 'text'::text)) THEN jsonb_build_object('type', 'string', 'minLength', 0, '$comment', regexp_replace(format_type(b_4.atttypid, b_4.atttypmod), '\\[\\]$'::text, ''::text)) WHEN starts_with(format_type(b_4.atttypid, b_4.atttypmod), 'smallint'::text) THEN jsonb_build_object('type', 'integer', 'minimum', '-32768'::integer, 'maximum', 32767, '$comment', regexp_replace(format_type(b_4.atttypid, b_4.atttypmod), '\\[\\]$'::text, ''::text)) WHEN starts_with(format_type(b_4.atttypid, b_4.atttypmod), 'integer'::text) THEN jsonb_build_object('type', 'integer', 'minimum', '-2147483648'::integer, 'maximum', 2147483647, '$comment', regexp_replace(format_type(b_4.atttypid, b_4.atttypmod), '\\[\\]$'::text, ''::text)) WHEN starts_with(format_type(b_4.atttypid, b_4.atttypmod), 'bigint'::text) THEN jsonb_build_object('type', 'integer', 'minimum', '-9223372036854775808'::bigint, 'maximum', '9223372036854775807'::bigint, '$comment', regexp_replace(format_type(b_4.atttypid, b_4.atttypmod), '\\[\\]$'::text, ''::text)) WHEN starts_with(format_type(b_4.atttypid, b_4.atttypmod), 'smallserial'::text) THEN jsonb_build_object('type', 'integer', 'minimum', 1, 'maximum', 32767, '$comment', regexp_replace(format_type(b_4.atttypid, b_4.atttypmod), '\\[\\]$'::text, ''::text)) WHEN starts_with(format_type(b_4.atttypid, b_4.atttypmod), 'serial'::text) THEN jsonb_build_object('type', 'integer', 'minimum', 1, 'maximum', 2147483647, '$comment', regexp_replace(format_type(b_4.atttypid, b_4.atttypmod), '\\[\\]$'::text, ''::text)) WHEN starts_with(format_type(b_4.atttypid, b_4.atttypmod), 'bigserial'::text) THEN jsonb_build_object('type', 'integer', 'minimum', 1, 'maximum', '9223372036854775807'::bigint, '$comment', regexp_replace(format_type(b_4.atttypid, b_4.atttypmod), '\\[\\]$'::text, ''::text)) WHEN (starts_with(format_type(b_4.atttypid, b_4.atttypmod), 'double precision'::text) OR starts_with(format_type(b_4.atttypid, b_4.atttypmod), 'numeric'::text) OR starts_with(format_type(b_4.atttypid, b_4.atttypmod), 'real'::text)) THEN jsonb_build_object('type', 'number', '$comment', regexp_replace(format_type(b_4.atttypid, b_4.atttypmod), '\\[\\]$'::text, ''::text)) WHEN starts_with(format_type(b_4.atttypid, b_4.atttypmod), 'json'::text) THEN jsonb_build_object('type', json_build_array('string', 'number', 'integer', 'object', 'array', 'boolean', 'null'), '$comment', regexp_replace(format_type(b_4.atttypid, b_4.atttypmod), '\\[\\]$'::text, ''::text)) WHEN (format_type(b_4.atttypid, b_4.atttypmod) = ANY ('{date,\"timestamp without time zone\",\"timestamp with time zone\"}'::text[])) THEN jsonb_build_object('type', 'string', 'format', 'date-time', 'description', format_type(b_4.atttypid, b_4.atttypmod)) ELSE jsonb_build_object('type', json_build_array('string', 'number', 'integer', 'object', 'array', 'boolean', 'null'), '$comment', regexp_replace(format_type(b_4.atttypid, b_4.atttypmod), '\\[\\]$'::text, ''::text)) END END -> 'type'::text) END, 'desc', NULL::unknown) ORDER BY b_4.attnum)"],
                          "Group Key": ["(((a_10.relnamespace)::regnamespace)::text)", "((a_10.relname)::text)"],
                          "Shared Hit Blocks": 446213,
                          "Shared Read Blocks": 0,
                          "Shared Dirtied Blocks": 0,
                          "Shared Written Blocks": 0,
                          "Local Hit Blocks": 0,
                          "Local Read Blocks": 0,
                          "Local Dirtied Blocks": 0,
                          "Local Written Blocks": 0,
                          "Temp Read Blocks": 0,
                          "Temp Written Blocks": 0,
                          "Plans": [
                            {
                              "Node Type": "Sort",
                              "Parent Relationship": "Outer",
                              "Parallel Aware": false,
                              "Startup Cost": 9782159.82,
                              "Total Cost": 9787103.58,
                              "Plan Rows": 1977505,
                              "Plan Width": 170,
                              "Actual Startup Time": 7156.548,
                              "Actual Total Time": 7191.868,
                              "Actual Rows": 115921,
                              "Actual Loops": 1,
                              "Output": ["(((a_10.relnamespace)::regnamespace)::text)", "((a_10.relname)::text)", "b_4.attname", "b_4.atttypid", "b_4.atttypmod", "b_3.json_schema", "b_4.attnum"],
                              "Sort Key": ["(((a_10.relnamespace)::regnamespace)::text)", "((a_10.relname)::text)"],
                              "Sort Method": "quicksort",
                              "Sort Space Used": 29435,
                              "Sort Space Type": "Memory",
                              "Shared Hit Blocks": 446209,
                              "Shared Read Blocks": 0,
                              "Shared Dirtied Blocks": 0,
                              "Shared Written Blocks": 0,
                              "Local Hit Blocks": 0,
                              "Local Read Blocks": 0,
                              "Local Dirtied Blocks": 0,
                              "Local Written Blocks": 0,
                              "Temp Read Blocks": 0,
                              "Temp Written Blocks": 0,
                              "Plans": [
                                {
                                  "Node Type": "Nested Loop",
                                  "Parent Relationship": "Outer",
                                  "Parallel Aware": false,
                                  "Join Type": "Left",
                                  "Startup Cost": 112870.59,
                                  "Total Cost": 9476387.81,
                                  "Plan Rows": 1977505,
                                  "Plan Width": 170,
                                  "Actual Startup Time": 17.342,
                                  "Actual Total Time": 6511.760,
                                  "Actual Rows": 117042,
                                  "Actual Loops": 1,
                                  "Output": ["((a_10.relnamespace)::regnamespace)::text", "(a_10.relname)::text", "b_4.attname", "b_4.atttypid", "b_4.atttypmod", "b_3.json_schema", "b_4.attnum"],
                                  "Inner Unique": false,
                                  "Join Filter": "(format_type(b_4.atttypid, b_4.atttypmod) ~ (('.*geometry\\('::text || b_3.geojson_type) || '.*\\)$'::text))",
                                  "Rows Removed by Join Filter": 1170046,
                                  "Shared Hit Blocks": 446209,
                                  "Shared Read Blocks": 0,
                                  "Shared Dirtied Blocks": 0,
                                  "Shared Written Blocks": 0,
                                  "Local Hit Blocks": 0,
                                  "Local Read Blocks": 0,
                                  "Local Dirtied Blocks": 0,
                                  "Local Written Blocks": 0,
                                  "Temp Read Blocks": 0,
                                  "Temp Written Blocks": 0,
                                  "Plans": [
                                    {
                                      "Node Type": "Hash Join",
                                      "Parent Relationship": "Outer",
                                      "Parallel Aware": false,
                                      "Join Type": "Inner",
                                      "Startup Cost": 112870.59,
                                      "Total Cost": 562762.12,
                                      "Plan Rows": 449433,
                                      "Plan Width": 142,
                                      "Actual Startup Time": 17.116,
                                      "Actual Total Time": 907.712,
                                      "Actual Rows": 117042,
                                      "Actual Loops": 1,
                                      "Output": ["a_10.relnamespace", "a_10.relname", "b_4.attname", "b_4.atttypid", "b_4.atttypmod", "b_4.attnum"],
                                      "Inner Unique": true,
                                      "Hash Cond": "(b_4.attrelid = a_10.oid)",
                                      "Shared Hit Blocks": 446052,
                                      "Shared Read Blocks": 0,
                                      "Shared Dirtied Blocks": 0,
                                      "Shared Written Blocks": 0,
                                      "Local Hit Blocks": 0,
                                      "Local Read Blocks": 0,
                                      "Local Dirtied Blocks": 0,
                                      "Local Written Blocks": 0,
                                      "Temp Read Blocks": 0,
                                      "Temp Written Blocks": 0,
                                      "Plans": [
                                        {
                                          "Node Type": "Seq Scan",
                                          "Parent Relationship": "Outer",
                                          "Parallel Aware": false,
                                          "Relation Name": "pg_attribute",
                                          "Schema": "pg_catalog",
                                          "Alias": "b_4",
                                          "Startup Cost": 0.00,
                                          "Total Cost": 448711.58,
                                          "Plan Rows": 449433,
                                          "Plan Width": 78,
                                          "Actual Startup Time": 0.012,
                                          "Actual Total Time": 818.834,
                                          "Actual Rows": 117042,
                                          "Actual Loops": 1,
                                          "Output": ["b_4.attrelid", "b_4.attname", "b_4.atttypid", "b_4.attstattarget", "b_4.attlen", "b_4.attnum", "b_4.attndims", "b_4.attcacheoff", "b_4.atttypmod", "b_4.attbyval", "b_4.attstorage", "b_4.attalign", "b_4.attnotnull", "b_4.atthasdef", "b_4.atthasmissing", "b_4.attidentity", "b_4.attisdropped", "b_4.attislocal", "b_4.attinhcount", "b_4.attcollation", "b_4.attacl", "b_4.attoptions", "b_4.attfdwoptions", "b_4.attmissingval"],
                                          "Filter": "((NOT b_4.attisdropped) AND (b_4.attnum > 0))",
                                          "Rows Removed by Filter": 35291,
                                          "Shared Hit Blocks": 441424,
                                          "Shared Read Blocks": 0,
                                          "Shared Dirtied Blocks": 0,
                                          "Shared Written Blocks": 0,
                                          "Local Hit Blocks": 0,
                                          "Local Read Blocks": 0,
                                          "Local Dirtied Blocks": 0,
                                          "Local Written Blocks": 0,
                                          "Temp Read Blocks": 0,
                                          "Temp Written Blocks": 0
                                        },
                                        {
                                          "Node Type": "Hash",
                                          "Parent Relationship": "Inner",
                                          "Parallel Aware": false,
                                          "Startup Cost": 112554.96,
                                          "Total Cost": 112554.96,
                                          "Plan Rows": 25250,
                                          "Plan Width": 72,
                                          "Actual Startup Time": 16.811,
                                          "Actual Total Time": 16.811,
                                          "Actual Rows": 12824,
                                          "Actual Loops": 1,
                                          "Output": ["a_10.relnamespace", "a_10.relname", "a_10.oid"],
                                          "Hash Buckets": 32768,
                                          "Original Hash Buckets": 32768,
                                          "Hash Batches": 1,
                                          "Original Hash Batches": 1,
                                          "Peak Memory Usage": 1559,
                                          "Shared Hit Blocks": 4628,
                                          "Shared Read Blocks": 0,
                                          "Shared Dirtied Blocks": 0,
                                          "Shared Written Blocks": 0,
                                          "Local Hit Blocks": 0,
                                          "Local Read Blocks": 0,
                                          "Local Dirtied Blocks": 0,
                                          "Local Written Blocks": 0,
                                          "Temp Read Blocks": 0,
                                          "Temp Written Blocks": 0,
                                          "Plans": [
                                            {
                                              "Node Type": "Index Scan",
                                              "Parent Relationship": "Outer",
                                              "Parallel Aware": false,
                                              "Scan Direction": "Forward",
                                              "Index Name": "pg_class_oid_index",
                                              "Relation Name": "pg_class",
                                              "Schema": "pg_catalog",
                                              "Alias": "a_10",
                                              "Startup Cost": 0.41,
                                              "Total Cost": 112554.96,
                                              "Plan Rows": 25250,
                                              "Plan Width": 72,
                                              "Actual Startup Time": 0.029,
                                              "Actual Total Time": 11.459,
                                              "Actual Rows": 12824,
                                              "Actual Loops": 1,
                                              "Output": ["a_10.relnamespace", "a_10.relname", "a_10.oid"],
                                              "Shared Hit Blocks": 4628,
                                              "Shared Read Blocks": 0,
                                              "Shared Dirtied Blocks": 0,
                                              "Shared Written Blocks": 0,
                                              "Local Hit Blocks": 0,
                                              "Local Read Blocks": 0,
                                              "Local Dirtied Blocks": 0,
                                              "Local Written Blocks": 0,
                                              "Temp Read Blocks": 0,
                                              "Temp Written Blocks": 0
                                            }
                                          ]
                                        }
                                      ]
                                    },
                                    {
                                      "Node Type": "Materialize",
                                      "Parent Relationship": "Inner",
                                      "Parallel Aware": false,
                                      "Startup Cost": 0.00,
                                      "Total Cost": 23.20,
                                      "Plan Rows": 880,
                                      "Plan Width": 64,
                                      "Actual Startup Time": 0.000,
                                      "Actual Total Time": 0.001,
                                      "Actual Rows": 10,
                                      "Actual Loops": 117042,
                                      "Output": ["b_3.json_schema", "b_3.geojson_type"],
                                      "Shared Hit Blocks": 1,
                                      "Shared Read Blocks": 0,
                                      "Shared Dirtied Blocks": 0,
                                      "Shared Written Blocks": 0,
                                      "Local Hit Blocks": 0,
                                      "Local Read Blocks": 0,
                                      "Local Dirtied Blocks": 0,
                                      "Local Written Blocks": 0,
                                      "Temp Read Blocks": 0,
                                      "Temp Written Blocks": 0,
                                      "Plans": [
                                        {
                                          "Node Type": "Seq Scan",
                                          "Parent Relationship": "Outer",
                                          "Parallel Aware": false,
                                          "Relation Name": "geojson_json_schemas",
                                          "Schema": "_data_manager_admin",
                                          "Alias": "b_3",
                                          "Startup Cost": 0.00,
                                          "Total Cost": 18.80,
                                          "Plan Rows": 880,
                                          "Plan Width": 64,
                                          "Actual Startup Time": 0.025,
                                          "Actual Total Time": 0.030,
                                          "Actual Rows": 10,
                                          "Actual Loops": 1,
                                          "Output": ["b_3.json_schema", "b_3.geojson_type"],
                                          "Shared Hit Blocks": 1,
                                          "Shared Read Blocks": 0,
                                          "Shared Dirtied Blocks": 0,
                                          "Shared Written Blocks": 0,
                                          "Local Hit Blocks": 0,
                                          "Local Read Blocks": 0,
                                          "Local Dirtied Blocks": 0,
                                          "Local Written Blocks": 0,
                                          "Temp Read Blocks": 0,
                                          "Temp Written Blocks": 0
                                        }
                                      ]
                                    }
                                  ]
                                }
                              ]
                            }
                          ]
                        }
                      ]
                    }
                  ]
                },
                {
                  "Node Type": "SetOp",
                  "Strategy": "Hashed",
                  "Parent Relationship": "InitPlan",
                  "Subplan Name": "CTE cte_source_meta_only",
                  "Parallel Aware": false,
                  "Command": "Except",
                  "Startup Cost": 1425.12,
                  "Total Cost": 14254.87,
                  "Plan Rows": 206000,
                  "Plan Width": 44,
                  "Actual Startup Time": 1823.194,
                  "Actual Total Time": 1827.760,
                  "Actual Rows": 31,
                  "Actual Loops": 1,
                  "Output": ["\"*SELECT* 1_2\".source_id", "\"*SELECT* 1_2\".view_id", "\"*SELECT* 1_2\".meta_elem", "(0)"],
                  "Shared Hit Blocks": 0,
                  "Shared Read Blocks": 0,
                  "Shared Dirtied Blocks": 0,
                  "Shared Written Blocks": 0,
                  "Local Hit Blocks": 0,
                  "Local Read Blocks": 0,
                  "Local Dirtied Blocks": 0,
                  "Local Written Blocks": 0,
                  "Temp Read Blocks": 0,
                  "Temp Written Blocks": 0,
                  "Plans": [
                    {
                      "Node Type": "Append",
                      "Parent Relationship": "Outer",
                      "Parallel Aware": false,
                      "Startup Cost": 1425.12,
                      "Total Cost": 11705.62,
                      "Plan Rows": 339900,
                      "Plan Width": 44,
                      "Actual Startup Time": 11.195,
                      "Actual Total Time": 727.239,
                      "Actual Rows": 848888,
                      "Actual Loops": 1,
                      "Shared Hit Blocks": 0,
                      "Shared Read Blocks": 0,
                      "Shared Dirtied Blocks": 0,
                      "Shared Written Blocks": 0,
                      "Local Hit Blocks": 0,
                      "Local Read Blocks": 0,
                      "Local Dirtied Blocks": 0,
                      "Local Written Blocks": 0,
                      "Temp Read Blocks": 0,
                      "Temp Written Blocks": 0,
                      "Plans": [
                        {
                          "Node Type": "Subquery Scan",
                          "Parent Relationship": "Member",
                          "Parallel Aware": false,
                          "Alias": "*SELECT* 1_2",
                          "Startup Cost": 1425.12,
                          "Total Cost": 9697.12,
                          "Plan Rows": 329600,
                          "Plan Width": 44,
                          "Actual Startup Time": 11.192,
                          "Actual Total Time": 565.253,
                          "Actual Rows": 831899,
                          "Actual Loops": 1,
                          "Output": ["\"*SELECT* 1_2\".source_id", "\"*SELECT* 1_2\".view_id", "\"*SELECT* 1_2\".meta_elem", "0"],
                          "Shared Hit Blocks": 0,
                          "Shared Read Blocks": 0,
                          "Shared Dirtied Blocks": 0,
                          "Shared Written Blocks": 0,
                          "Local Hit Blocks": 0,
                          "Local Read Blocks": 0,
                          "Local Dirtied Blocks": 0,
                          "Local Written Blocks": 0,
                          "Temp Read Blocks": 0,
                          "Temp Written Blocks": 0,
                          "Plans": [
                            {
                              "Node Type": "Merge Join",
                              "Parent Relationship": "Subquery",
                              "Parallel Aware": false,
                              "Join Type": "Inner",
                              "Startup Cost": 1425.12,
                              "Total Cost": 6401.12,
                              "Plan Rows": 329600,
                              "Plan Width": 40,
                              "Actual Startup Time": 11.189,
                              "Actual Total Time": 368.450,
                              "Actual Rows": 831899,
                              "Actual Loops": 1,
                              "Output": ["b_5.source_id", "b_5.view_id", "a_11.meta_elem"],
                              "Inner Unique": false,
                              "Merge Cond": "(a_11.source_id = b_5.source_id)",
                              "Shared Hit Blocks": 0,
                              "Shared Read Blocks": 0,
                              "Shared Dirtied Blocks": 0,
                              "Shared Written Blocks": 0,
                              "Local Hit Blocks": 0,
                              "Local Read Blocks": 0,
                              "Local Dirtied Blocks": 0,
                              "Local Written Blocks": 0,
                              "Temp Read Blocks": 0,
                              "Temp Written Blocks": 0,
                              "Plans": [
                                {
                                  "Node Type": "Sort",
                                  "Parent Relationship": "Outer",
                                  "Parallel Aware": false,
                                  "Startup Cost": 532.60,
                                  "Total Cost": 548.60,
                                  "Plan Rows": 6400,
                                  "Plan Width": 36,
                                  "Actual Startup Time": 1.437,
                                  "Actual Total Time": 1.783,
                                  "Actual Rows": 1935,
                                  "Actual Loops": 1,
                                  "Output": ["a_11.meta_elem", "a_11.source_id"],
                                  "Sort Key": ["a_11.source_id"],
                                  "Sort Method": "quicksort",
                                  "Sort Space Used": 321,
                                  "Sort Space Type": "Memory",
                                  "Shared Hit Blocks": 0,
                                  "Shared Read Blocks": 0,
                                  "Shared Dirtied Blocks": 0,
                                  "Shared Written Blocks": 0,
                                  "Local Hit Blocks": 0,
                                  "Local Read Blocks": 0,
                                  "Local Dirtied Blocks": 0,
                                  "Local Written Blocks": 0,
                                  "Temp Read Blocks": 0,
                                  "Temp Written Blocks": 0,
                                  "Plans": [
                                    {
                                      "Node Type": "CTE Scan",
                                      "Parent Relationship": "Outer",
                                      "Parallel Aware": false,
                                      "CTE Name": "cte_sources_meta_elems",
                                      "Alias": "a_11",
                                      "Startup Cost": 0.00,
                                      "Total Cost": 128.00,
                                      "Plan Rows": 6400,
                                      "Plan Width": 36,
                                      "Actual Startup Time": 0.006,
                                      "Actual Total Time": 0.601,
                                      "Actual Rows": 1935,
                                      "Actual Loops": 1,
                                      "Output": ["a_11.meta_elem", "a_11.source_id"],
                                      "Shared Hit Blocks": 0,
                                      "Shared Read Blocks": 0,
                                      "Shared Dirtied Blocks": 0,
                                      "Shared Written Blocks": 0,
                                      "Local Hit Blocks": 0,
                                      "Local Read Blocks": 0,
                                      "Local Dirtied Blocks": 0,
                                      "Local Written Blocks": 0,
                                      "Temp Read Blocks": 0,
                                      "Temp Written Blocks": 0
                                    }
                                  ]
                                },
                                {
                                  "Node Type": "Sort",
                                  "Parent Relationship": "Inner",
                                  "Parallel Aware": false,
                                  "Startup Cost": 892.51,
                                  "Total Cost": 918.26,
                                  "Plan Rows": 10300,
                                  "Plan Width": 8,
                                  "Actual Startup Time": 9.739,
                                  "Actual Total Time": 107.265,
                                  "Actual Rows": 831790,
                                  "Actual Loops": 1,
                                  "Output": ["b_5.source_id", "b_5.view_id"],
                                  "Sort Key": ["b_5.source_id"],
                                  "Sort Method": "quicksort",
                                  "Sort Space Used": 1565,
                                  "Sort Space Type": "Memory",
                                  "Shared Hit Blocks": 0,
                                  "Shared Read Blocks": 0,
                                  "Shared Dirtied Blocks": 0,
                                  "Shared Written Blocks": 0,
                                  "Local Hit Blocks": 0,
                                  "Local Read Blocks": 0,
                                  "Local Dirtied Blocks": 0,
                                  "Local Written Blocks": 0,
                                  "Temp Read Blocks": 0,
                                  "Temp Written Blocks": 0,
                                  "Plans": [
                                    {
                                      "Node Type": "CTE Scan",
                                      "Parent Relationship": "Outer",
                                      "Parallel Aware": false,
                                      "CTE Name": "cte_views_meta_elems",
                                      "Alias": "b_5",
                                      "Startup Cost": 0.00,
                                      "Total Cost": 206.00,
                                      "Plan Rows": 10300,
                                      "Plan Width": 8,
                                      "Actual Startup Time": 0.004,
                                      "Actual Total Time": 4.366,
                                      "Actual Rows": 16989,
                                      "Actual Loops": 1,
                                      "Output": ["b_5.source_id", "b_5.view_id"],
                                      "Shared Hit Blocks": 0,
                                      "Shared Read Blocks": 0,
                                      "Shared Dirtied Blocks": 0,
                                      "Shared Written Blocks": 0,
                                      "Local Hit Blocks": 0,
                                      "Local Read Blocks": 0,
                                      "Local Dirtied Blocks": 0,
                                      "Local Written Blocks": 0,
                                      "Temp Read Blocks": 0,
                                      "Temp Written Blocks": 0
                                    }
                                  ]
                                }
                              ]
                            }
                          ]
                        },
                        {
                          "Node Type": "Subquery Scan",
                          "Parent Relationship": "Member",
                          "Parallel Aware": false,
                          "Alias": "*SELECT* 2_2",
                          "Startup Cost": 0.00,
                          "Total Cost": 309.00,
                          "Plan Rows": 10300,
                          "Plan Width": 44,
                          "Actual Startup Time": 0.008,
                          "Actual Total Time": 7.977,
                          "Actual Rows": 16989,
                          "Actual Loops": 1,
                          "Output": ["\"*SELECT* 2_2\".source_id", "\"*SELECT* 2_2\".view_id", "\"*SELECT* 2_2\".meta_elem", "1"],
                          "Shared Hit Blocks": 0,
                          "Shared Read Blocks": 0,
                          "Shared Dirtied Blocks": 0,
                          "Shared Written Blocks": 0,
                          "Local Hit Blocks": 0,
                          "Local Read Blocks": 0,
                          "Local Dirtied Blocks": 0,
                          "Local Written Blocks": 0,
                          "Temp Read Blocks": 0,
                          "Temp Written Blocks": 0,
                          "Plans": [
                            {
                              "Node Type": "CTE Scan",
                              "Parent Relationship": "Subquery",
                              "Parallel Aware": false,
                              "CTE Name": "cte_views_meta_elems",
                              "Alias": "b_6",
                              "Startup Cost": 0.00,
                              "Total Cost": 206.00,
                              "Plan Rows": 10300,
                              "Plan Width": 40,
                              "Actual Startup Time": 0.005,
                              "Actual Total Time": 3.473,
                              "Actual Rows": 16989,
                              "Actual Loops": 1,
                              "Output": ["b_6.source_id", "b_6.view_id", "b_6.meta_elem"],
                              "Shared Hit Blocks": 0,
                              "Shared Read Blocks": 0,
                              "Shared Dirtied Blocks": 0,
                              "Shared Written Blocks": 0,
                              "Local Hit Blocks": 0,
                              "Local Read Blocks": 0,
                              "Local Dirtied Blocks": 0,
                              "Local Written Blocks": 0,
                              "Temp Read Blocks": 0,
                              "Temp Written Blocks": 0
                            }
                          ]
                        }
                      ]
                    }
                  ]
                },
                {
                  "Node Type": "SetOp",
                  "Strategy": "Hashed",
                  "Parent Relationship": "InitPlan",
                  "Subplan Name": "CTE cte_view_meta_only",
                  "Parallel Aware": false,
                  "Command": "Except",
                  "Startup Cost": 0.00,
                  "Total Cost": 14254.87,
                  "Plan Rows": 1030,
                  "Plan Width": 44,
                  "Actual Startup Time": 12002.275,
                  "Actual Total Time": 12004.115,
                  "Actual Rows": 63,
                  "Actual Loops": 1,
                  "Output": ["\"*SELECT* 1_3\".source_id", "\"*SELECT* 1_3\".view_id", "\"*SELECT* 1_3\".meta_elem", "(0)"],
                  "Shared Hit Blocks": 446276,
                  "Shared Read Blocks": 0,
                  "Shared Dirtied Blocks": 0,
                  "Shared Written Blocks": 0,
                  "Local Hit Blocks": 0,
                  "Local Read Blocks": 0,
                  "Local Dirtied Blocks": 0,
                  "Local Written Blocks": 0,
                  "Temp Read Blocks": 0,
                  "Temp Written Blocks": 0,
                  "Plans": [
                    {
                      "Node Type": "Append",
                      "Parent Relationship": "Outer",
                      "Parallel Aware": false,
                      "Startup Cost": 0.00,
                      "Total Cost": 11705.62,
                      "Plan Rows": 339900,
                      "Plan Width": 44,
                      "Actual Startup Time": 7271.800,
                      "Actual Total Time": 10962.107,
                      "Actual Rows": 848888,
                      "Actual Loops": 1,
                      "Shared Hit Blocks": 446276,
                      "Shared Read Blocks": 0,
                      "Shared Dirtied Blocks": 0,
                      "Shared Written Blocks": 0,
                      "Local Hit Blocks": 0,
                      "Local Read Blocks": 0,
                      "Local Dirtied Blocks": 0,
                      "Local Written Blocks": 0,
                      "Temp Read Blocks": 0,
                      "Temp Written Blocks": 0,
                      "Plans": [
                        {
                          "Node Type": "Subquery Scan",
                          "Parent Relationship": "Member",
                          "Parallel Aware": false,
                          "Alias": "*SELECT* 1_3",
                          "Startup Cost": 0.00,
                          "Total Cost": 309.00,
                          "Plan Rows": 10300,
                          "Plan Width": 44,
                          "Actual Startup Time": 7271.797,
                          "Actual Total Time": 10260.092,
                          "Actual Rows": 16989,
                          "Actual Loops": 1,
                          "Output": ["\"*SELECT* 1_3\".source_id", "\"*SELECT* 1_3\".view_id", "\"*SELECT* 1_3\".meta_elem", "0"],
                          "Shared Hit Blocks": 446233,
                          "Shared Read Blocks": 0,
                          "Shared Dirtied Blocks": 0,
                          "Shared Written Blocks": 0,
                          "Local Hit Blocks": 0,
                          "Local Read Blocks": 0,
                          "Local Dirtied Blocks": 0,
                          "Local Written Blocks": 0,
                          "Temp Read Blocks": 0,
                          "Temp Written Blocks": 0,
                          "Plans": [
                            {
                              "Node Type": "CTE Scan",
                              "Parent Relationship": "Subquery",
                              "Parallel Aware": false,
                              "CTE Name": "cte_views_meta_elems",
                              "Alias": "b_7",
                              "Startup Cost": 0.00,
                              "Total Cost": 206.00,
                              "Plan Rows": 10300,
                              "Plan Width": 40,
                              "Actual Startup Time": 7271.794,
                              "Actual Total Time": 10255.288,
                              "Actual Rows": 16989,
                              "Actual Loops": 1,
                              "Output": ["b_7.source_id", "b_7.view_id", "b_7.meta_elem"],
                              "Shared Hit Blocks": 446233,
                              "Shared Read Blocks": 0,
                              "Shared Dirtied Blocks": 0,
                              "Shared Written Blocks": 0,
                              "Local Hit Blocks": 0,
                              "Local Read Blocks": 0,
                              "Local Dirtied Blocks": 0,
                              "Local Written Blocks": 0,
                              "Temp Read Blocks": 0,
                              "Temp Written Blocks": 0
                            }
                          ]
                        },
                        {
                          "Node Type": "Subquery Scan",
                          "Parent Relationship": "Member",
                          "Parallel Aware": false,
                          "Alias": "*SELECT* 2_3",
                          "Startup Cost": 1425.12,
                          "Total Cost": 9697.12,
                          "Plan Rows": 329600,
                          "Plan Width": 44,
                          "Actual Startup Time": 13.801,
                          "Actual Total Time": 551.907,
                          "Actual Rows": 831899,
                          "Actual Loops": 1,
                          "Output": ["\"*SELECT* 2_3\".source_id", "\"*SELECT* 2_3\".view_id", "\"*SELECT* 2_3\".meta_elem", "1"],
                          "Shared Hit Blocks": 43,
                          "Shared Read Blocks": 0,
                          "Shared Dirtied Blocks": 0,
                          "Shared Written Blocks": 0,
                          "Local Hit Blocks": 0,
                          "Local Read Blocks": 0,
                          "Local Dirtied Blocks": 0,
                          "Local Written Blocks": 0,
                          "Temp Read Blocks": 0,
                          "Temp Written Blocks": 0,
                          "Plans": [
                            {
                              "Node Type": "Merge Join",
                              "Parent Relationship": "Subquery",
                              "Parallel Aware": false,
                              "Join Type": "Inner",
                              "Startup Cost": 1425.12,
                              "Total Cost": 6401.12,
                              "Plan Rows": 329600,
                              "Plan Width": 40,
                              "Actual Startup Time": 13.798,
                              "Actual Total Time": 365.176,
                              "Actual Rows": 831899,
                              "Actual Loops": 1,
                              "Output": ["b_8.source_id", "b_8.view_id", "a_12.meta_elem"],
                              "Inner Unique": false,
                              "Merge Cond": "(a_12.source_id = b_8.source_id)",
                              "Shared Hit Blocks": 43,
                              "Shared Read Blocks": 0,
                              "Shared Dirtied Blocks": 0,
                              "Shared Written Blocks": 0,
                              "Local Hit Blocks": 0,
                              "Local Read Blocks": 0,
                              "Local Dirtied Blocks": 0,
                              "Local Written Blocks": 0,
                              "Temp Read Blocks": 0,
                              "Temp Written Blocks": 0,
                              "Plans": [
                                {
                                  "Node Type": "Sort",
                                  "Parent Relationship": "Outer",
                                  "Parallel Aware": false,
                                  "Startup Cost": 532.60,
                                  "Total Cost": 548.60,
                                  "Plan Rows": 6400,
                                  "Plan Width": 36,
                                  "Actual Startup Time": 4.079,
                                  "Actual Total Time": 4.427,
                                  "Actual Rows": 1935,
                                  "Actual Loops": 1,
                                  "Output": ["a_12.meta_elem", "a_12.source_id"],
                                  "Sort Key": ["a_12.source_id"],
                                  "Sort Method": "quicksort",
                                  "Sort Space Used": 321,
                                  "Sort Space Type": "Memory",
                                  "Shared Hit Blocks": 43,
                                  "Shared Read Blocks": 0,
                                  "Shared Dirtied Blocks": 0,
                                  "Shared Written Blocks": 0,
                                  "Local Hit Blocks": 0,
                                  "Local Read Blocks": 0,
                                  "Local Dirtied Blocks": 0,
                                  "Local Written Blocks": 0,
                                  "Temp Read Blocks": 0,
                                  "Temp Written Blocks": 0,
                                  "Plans": [
                                    {
                                      "Node Type": "CTE Scan",
                                      "Parent Relationship": "Outer",
                                      "Parallel Aware": false,
                                      "CTE Name": "cte_sources_meta_elems",
                                      "Alias": "a_12",
                                      "Startup Cost": 0.00,
                                      "Total Cost": 128.00,
                                      "Plan Rows": 6400,
                                      "Plan Width": 36,
                                      "Actual Startup Time": 0.053,
                                      "Actual Total Time": 3.246,
                                      "Actual Rows": 1935,
                                      "Actual Loops": 1,
                                      "Output": ["a_12.meta_elem", "a_12.source_id"],
                                      "Shared Hit Blocks": 43,
                                      "Shared Read Blocks": 0,
                                      "Shared Dirtied Blocks": 0,
                                      "Shared Written Blocks": 0,
                                      "Local Hit Blocks": 0,
                                      "Local Read Blocks": 0,
                                      "Local Dirtied Blocks": 0,
                                      "Local Written Blocks": 0,
                                      "Temp Read Blocks": 0,
                                      "Temp Written Blocks": 0
                                    }
                                  ]
                                },
                                {
                                  "Node Type": "Sort",
                                  "Parent Relationship": "Inner",
                                  "Parallel Aware": false,
                                  "Startup Cost": 892.51,
                                  "Total Cost": 918.26,
                                  "Plan Rows": 10300,
                                  "Plan Width": 8,
                                  "Actual Startup Time": 9.707,
                                  "Actual Total Time": 105.491,
                                  "Actual Rows": 831790,
                                  "Actual Loops": 1,
                                  "Output": ["b_8.source_id", "b_8.view_id"],
                                  "Sort Key": ["b_8.source_id"],
                                  "Sort Method": "quicksort",
                                  "Sort Space Used": 1565,
                                  "Sort Space Type": "Memory",
                                  "Shared Hit Blocks": 0,
                                  "Shared Read Blocks": 0,
                                  "Shared Dirtied Blocks": 0,
                                  "Shared Written Blocks": 0,
                                  "Local Hit Blocks": 0,
                                  "Local Read Blocks": 0,
                                  "Local Dirtied Blocks": 0,
                                  "Local Written Blocks": 0,
                                  "Temp Read Blocks": 0,
                                  "Temp Written Blocks": 0,
                                  "Plans": [
                                    {
                                      "Node Type": "CTE Scan",
                                      "Parent Relationship": "Outer",
                                      "Parallel Aware": false,
                                      "CTE Name": "cte_views_meta_elems",
                                      "Alias": "b_8",
                                      "Startup Cost": 0.00,
                                      "Total Cost": 206.00,
                                      "Plan Rows": 10300,
                                      "Plan Width": 8,
                                      "Actual Startup Time": 0.002,
                                      "Actual Total Time": 4.411,
                                      "Actual Rows": 16989,
                                      "Actual Loops": 1,
                                      "Output": ["b_8.source_id", "b_8.view_id"],
                                      "Shared Hit Blocks": 0,
                                      "Shared Read Blocks": 0,
                                      "Shared Dirtied Blocks": 0,
                                      "Shared Written Blocks": 0,
                                      "Local Hit Blocks": 0,
                                      "Local Read Blocks": 0,
                                      "Local Dirtied Blocks": 0,
                                      "Local Written Blocks": 0,
                                      "Temp Read Blocks": 0,
                                      "Temp Written Blocks": 0
                                    }
                                  ]
                                }
                              ]
                            }
                          ]
                        }
                      ]
                    }
                  ]
                },
                {
                  "Node Type": "Aggregate",
                  "Strategy": "Sorted",
                  "Partial Mode": "Simple",
                  "Parent Relationship": "InitPlan",
                  "Subplan Name": "CTE cte_view_metadata_summary",
                  "Parallel Aware": false,
                  "Startup Cost": 220109.72,
                  "Total Cost": 225774.72,
                  "Plan Rows": 206000,
                  "Plan Width": 72,
                  "Actual Startup Time": 14752.648,
                  "Actual Total Time": 14769.401,
                  "Actual Rows": 389,
                  "Actual Loops": 1,
                  "Output": ["(COALESCE(COALESCE(a_13.source_id, b_9.source_id), c_7.source_id))", "(COALESCE(COALESCE(a_13.view_id, b_9.view_id), c_7.view_id))", "jsonb_agg(DISTINCT b_9.meta_elem) FILTER (WHERE (b_9.meta_elem IS NOT NULL))", "jsonb_agg(DISTINCT c_7.meta_elem) FILTER (WHERE (c_7.meta_elem IS NOT NULL))"],
                  "Group Key": ["(COALESCE(COALESCE(a_13.source_id, b_9.source_id), c_7.source_id))", "(COALESCE(COALESCE(a_13.view_id, b_9.view_id), c_7.view_id))"],
                  "Shared Hit Blocks": 454042,
                  "Shared Read Blocks": 0,
                  "Shared Dirtied Blocks": 0,
                  "Shared Written Blocks": 0,
                  "Local Hit Blocks": 0,
                  "Local Read Blocks": 0,
                  "Local Dirtied Blocks": 0,
                  "Local Written Blocks": 0,
                  "Temp Read Blocks": 0,
                  "Temp Written Blocks": 0,
                  "Plans": [
                    {
                      "Node Type": "Sort",
                      "Parent Relationship": "Outer",
                      "Parallel Aware": false,
                      "Startup Cost": 220109.72,
                      "Total Cost": 220624.72,
                      "Plan Rows": 206000,
                      "Plan Width": 72,
                      "Actual Startup Time": 14752.462,
                      "Actual Total Time": 14754.508,
                      "Actual Rows": 18967,
                      "Actual Loops": 1,
                      "Output": ["(COALESCE(COALESCE(a_13.source_id, b_9.source_id), c_7.source_id))", "(COALESCE(COALESCE(a_13.view_id, b_9.view_id), c_7.view_id))", "b_9.meta_elem", "c_7.meta_elem"],
                      "Sort Key": ["(COALESCE(COALESCE(a_13.source_id, b_9.source_id), c_7.source_id))", "(COALESCE(COALESCE(a_13.view_id, b_9.view_id), c_7.view_id))"],
                      "Sort Method": "quicksort",
                      "Sort Space Used": 2130,
                      "Sort Space Type": "Memory",
                      "Shared Hit Blocks": 454034,
                      "Shared Read Blocks": 0,
                      "Shared Dirtied Blocks": 0,
                      "Shared Written Blocks": 0,
                      "Local Hit Blocks": 0,
                      "Local Read Blocks": 0,
                      "Local Dirtied Blocks": 0,
                      "Local Written Blocks": 0,
                      "Temp Read Blocks": 0,
                      "Temp Written Blocks": 0,
                      "Plans": [
                        {
                          "Node Type": "Merge Join",
                          "Parent Relationship": "Outer",
                          "Parallel Aware": false,
                          "Join Type": "Full",
                          "Startup Cost": 200322.10,
                          "Total Cost": 201927.86,
                          "Plan Rows": 206000,
                          "Plan Width": 72,
                          "Actual Startup Time": 14735.570,
                          "Actual Total Time": 14745.241,
                          "Actual Rows": 18967,
                          "Actual Loops": 1,
                          "Output": ["COALESCE(COALESCE(a_13.source_id, b_9.source_id), c_7.source_id)", "COALESCE(COALESCE(a_13.view_id, b_9.view_id), c_7.view_id)", "b_9.meta_elem", "c_7.meta_elem"],
                          "Inner Unique": false,
                          "Merge Cond": "((c_7.source_id = (COALESCE(a_13.source_id, b_9.source_id))) AND (c_7.view_id = (COALESCE(a_13.view_id, b_9.view_id))))",
                          "Shared Hit Blocks": 454034,
                          "Shared Read Blocks": 0,
                          "Shared Dirtied Blocks": 0,
                          "Shared Written Blocks": 0,
                          "Local Hit Blocks": 0,
                          "Local Read Blocks": 0,
                          "Local Dirtied Blocks": 0,
                          "Local Written Blocks": 0,
                          "Temp Read Blocks": 0,
                          "Temp Written Blocks": 0,
                          "Plans": [
                            {
                              "Node Type": "Sort",
                              "Parent Relationship": "Outer",
                              "Parallel Aware": false,
                              "Startup Cost": 72.14,
                              "Total Cost": 74.72,
                              "Plan Rows": 1030,
                              "Plan Width": 40,
                              "Actual Startup Time": 12004.264,
                              "Actual Total Time": 12004.278,
                              "Actual Rows": 63,
                              "Actual Loops": 1,
                              "Output": ["c_7.source_id", "c_7.view_id", "c_7.meta_elem"],
                              "Sort Key": ["c_7.source_id", "c_7.view_id"],
                              "Sort Method": "quicksort",
                              "Sort Space Used": 33,
                              "Sort Space Type": "Memory",
                              "Shared Hit Blocks": 446276,
                              "Shared Read Blocks": 0,
                              "Shared Dirtied Blocks": 0,
                              "Shared Written Blocks": 0,
                              "Local Hit Blocks": 0,
                              "Local Read Blocks": 0,
                              "Local Dirtied Blocks": 0,
                              "Local Written Blocks": 0,
                              "Temp Read Blocks": 0,
                              "Temp Written Blocks": 0,
                              "Plans": [
                                {
                                  "Node Type": "CTE Scan",
                                  "Parent Relationship": "Outer",
                                  "Parallel Aware": false,
                                  "CTE Name": "cte_view_meta_only",
                                  "Alias": "c_7",
                                  "Startup Cost": 0.00,
                                  "Total Cost": 20.60,
                                  "Plan Rows": 1030,
                                  "Plan Width": 40,
                                  "Actual Startup Time": 12002.284,
                                  "Actual Total Time": 12004.175,
                                  "Actual Rows": 63,
                                  "Actual Loops": 1,
                                  "Output": ["c_7.source_id", "c_7.view_id", "c_7.meta_elem"],
                                  "Shared Hit Blocks": 446276,
                                  "Shared Read Blocks": 0,
                                  "Shared Dirtied Blocks": 0,
                                  "Shared Written Blocks": 0,
                                  "Local Hit Blocks": 0,
                                  "Local Read Blocks": 0,
                                  "Local Dirtied Blocks": 0,
                                  "Local Written Blocks": 0,
                                  "Temp Read Blocks": 0,
                                  "Temp Written Blocks": 0
                                }
                              ]
                            },
                            {
                              "Node Type": "Sort",
                              "Parent Relationship": "Inner",
                              "Parallel Aware": false,
                              "Startup Cost": 200249.96,
                              "Total Cost": 200764.96,
                              "Plan Rows": 206000,
                              "Plan Width": 48,
                              "Actual Startup Time": 2731.287,
                              "Actual Total Time": 2733.616,
                              "Actual Rows": 18956,
                              "Actual Loops": 1,
                              "Output": ["a_13.source_id", "a_13.view_id", "b_9.source_id", "b_9.view_id", "b_9.meta_elem", "(COALESCE(a_13.source_id, b_9.source_id))", "(COALESCE(a_13.view_id, b_9.view_id))"],
                              "Sort Key": ["(COALESCE(a_13.source_id, b_9.source_id))", "(COALESCE(a_13.view_id, b_9.view_id))"],
                              "Sort Method": "quicksort",
                              "Sort Space Used": 1672,
                              "Sort Space Type": "Memory",
                              "Shared Hit Blocks": 7758,
                              "Shared Read Blocks": 0,
                              "Shared Dirtied Blocks": 0,
                              "Shared Written Blocks": 0,
                              "Local Hit Blocks": 0,
                              "Local Read Blocks": 0,
                              "Local Dirtied Blocks": 0,
                              "Local Written Blocks": 0,
                              "Temp Read Blocks": 0,
                              "Temp Written Blocks": 0,
                              "Plans": [
                                {
                                  "Node Type": "Hash Join",
                                  "Parent Relationship": "Outer",
                                  "Parallel Aware": false,
                                  "Join Type": "Full",
                                  "Startup Cost": 163260.62,
                                  "Total Cost": 182068.10,
                                  "Plan Rows": 206000,
                                  "Plan Width": 48,
                                  "Actual Startup Time": 2704.181,
                                  "Actual Total Time": 2712.776,
                                  "Actual Rows": 17625,
                                  "Actual Loops": 1,
                                  "Output": ["a_13.source_id", "a_13.view_id", "b_9.source_id", "b_9.view_id", "b_9.meta_elem", "COALESCE(a_13.source_id, b_9.source_id)", "COALESCE(a_13.view_id, b_9.view_id)"],
                                  "Inner Unique": false,
                                  "Hash Cond": "((b_9.source_id = a_13.source_id) AND (b_9.view_id = a_13.view_id))",
                                  "Shared Hit Blocks": 7758,
                                  "Shared Read Blocks": 0,
                                  "Shared Dirtied Blocks": 0,
                                  "Shared Written Blocks": 0,
                                  "Local Hit Blocks": 0,
                                  "Local Read Blocks": 0,
                                  "Local Dirtied Blocks": 0,
                                  "Local Written Blocks": 0,
                                  "Temp Read Blocks": 0,
                                  "Temp Written Blocks": 0,
                                  "Plans": [
                                    {
                                      "Node Type": "CTE Scan",
                                      "Parent Relationship": "Outer",
                                      "Parallel Aware": false,
                                      "CTE Name": "cte_source_meta_only",
                                      "Alias": "b_9",
                                      "Startup Cost": 0.00,
                                      "Total Cost": 4120.00,
                                      "Plan Rows": 206000,
                                      "Plan Width": 40,
                                      "Actual Startup Time": 1823.202,
                                      "Actual Total Time": 1827.849,
                                      "Actual Rows": 31,
                                      "Actual Loops": 1,
                                      "Output": ["b_9.source_id", "b_9.view_id", "b_9.meta_elem"],
                                      "Shared Hit Blocks": 0,
                                      "Shared Read Blocks": 0,
                                      "Shared Dirtied Blocks": 0,
                                      "Shared Written Blocks": 0,
                                      "Local Hit Blocks": 0,
                                      "Local Read Blocks": 0,
                                      "Local Dirtied Blocks": 0,
                                      "Local Written Blocks": 0,
                                      "Temp Read Blocks": 0,
                                      "Temp Written Blocks": 0
                                    },
                                    {
                                      "Node Type": "Hash",
                                      "Parent Relationship": "Inner",
                                      "Parallel Aware": false,
                                      "Startup Cost": 163109.09,
                                      "Total Cost": 163109.09,
                                      "Plan Rows": 10102,
                                      "Plan Width": 8,
                                      "Actual Startup Time": 880.899,
                                      "Actual Total Time": 880.900,
                                      "Actual Rows": 16989,
                                      "Actual Loops": 1,
                                      "Output": ["a_13.source_id", "a_13.view_id"],
                                      "Hash Buckets": 32768,
                                      "Original Hash Buckets": 16384,
                                      "Hash Batches": 1,
                                      "Original Hash Batches": 1,
                                      "Peak Memory Usage": 920,
                                      "Shared Hit Blocks": 7758,
                                      "Shared Read Blocks": 0,
                                      "Shared Dirtied Blocks": 0,
                                      "Shared Written Blocks": 0,
                                      "Local Hit Blocks": 0,
                                      "Local Read Blocks": 0,
                                      "Local Dirtied Blocks": 0,
                                      "Local Written Blocks": 0,
                                      "Temp Read Blocks": 0,
                                      "Temp Written Blocks": 0,
                                      "Plans": [
                                        {
                                          "Node Type": "Nested Loop",
                                          "Parent Relationship": "Outer",
                                          "Parallel Aware": false,
                                          "Join Type": "Left",
                                          "Startup Cost": 30.69,
                                          "Total Cost": 163109.09,
                                          "Plan Rows": 10102,
                                          "Plan Width": 8,
                                          "Actual Startup Time": 1.335,
                                          "Actual Total Time": 872.260,
                                          "Actual Rows": 16989,
                                          "Actual Loops": 1,
                                          "Output": ["a_13.source_id", "a_13.view_id"],
                                          "Inner Unique": false,
                                          "Join Filter": "(format_type(b_11.atttypid, b_11.atttypmod) ~ (('.*geometry\\('::text || b_10.geojson_type) || '.*\\)$'::text))",
                                          "Rows Removed by Join Filter": 169822,
                                          "Shared Hit Blocks": 7758,
                                          "Shared Read Blocks": 0,
                                          "Shared Dirtied Blocks": 0,
                                          "Shared Written Blocks": 0,
                                          "Local Hit Blocks": 0,
                                          "Local Read Blocks": 0,
                                          "Local Dirtied Blocks": 0,
                                          "Local Written Blocks": 0,
                                          "Temp Read Blocks": 0,
                                          "Temp Written Blocks": 0,
                                          "Plans": [
                                            {
                                              "Node Type": "Nested Loop",
                                              "Parent Relationship": "Outer",
                                              "Parallel Aware": false,
                                              "Join Type": "Inner",
                                              "Startup Cost": 30.69,
                                              "Total Cost": 117627.29,
                                              "Plan Rows": 2296,
                                              "Plan Width": 16,
                                              "Actual Startup Time": 1.199,
                                              "Actual Total Time": 49.403,
                                              "Actual Rows": 16989,
                                              "Actual Loops": 1,
                                              "Output": ["a_13.source_id", "a_13.view_id", "b_11.atttypid", "b_11.atttypmod"],
                                              "Inner Unique": false,
                                              "Shared Hit Blocks": 7757,
                                              "Shared Read Blocks": 0,
                                              "Shared Dirtied Blocks": 0,
                                              "Shared Written Blocks": 0,
                                              "Local Hit Blocks": 0,
                                              "Local Read Blocks": 0,
                                              "Local Dirtied Blocks": 0,
                                              "Local Written Blocks": 0,
                                              "Temp Read Blocks": 0,
                                              "Temp Written Blocks": 0,
                                              "Plans": [
                                                {
                                                  "Node Type": "Hash Join",
                                                  "Parent Relationship": "Outer",
                                                  "Parallel Aware": false,
                                                  "Join Type": "Inner",
                                                  "Startup Cost": 30.14,
                                                  "Total Cost": 113343.48,
                                                  "Plan Rows": 129,
                                                  "Plan Width": 12,
                                                  "Actual Startup Time": 1.163,
                                                  "Actual Total Time": 22.551,
                                                  "Actual Rows": 389,
                                                  "Actual Loops": 1,
                                                  "Output": ["a_13.source_id", "a_13.view_id", "a_14.oid"],
                                                  "Inner Unique": false,
                                                  "Hash Cond": "((((a_14.relnamespace)::regnamespace)::text = a_13.table_schema) AND ((a_14.relname)::text = a_13.table_name))",
                                                  "Shared Hit Blocks": 4651,
                                                  "Shared Read Blocks": 0,
                                                  "Shared Dirtied Blocks": 0,
                                                  "Shared Written Blocks": 0,
                                                  "Local Hit Blocks": 0,
                                                  "Local Read Blocks": 0,
                                                  "Local Dirtied Blocks": 0,
                                                  "Local Written Blocks": 0,
                                                  "Temp Read Blocks": 0,
                                                  "Temp Written Blocks": 0,
                                                  "Plans": [
                                                    {
                                                      "Node Type": "Index Scan",
                                                      "Parent Relationship": "Outer",
                                                      "Parallel Aware": false,
                                                      "Scan Direction": "Forward",
                                                      "Index Name": "pg_class_oid_index",
                                                      "Relation Name": "pg_class",
                                                      "Schema": "pg_catalog",
                                                      "Alias": "a_14",
                                                      "Startup Cost": 0.41,
                                                      "Total Cost": 112554.96,
                                                      "Plan Rows": 25250,
                                                      "Plan Width": 72,
                                                      "Actual Startup Time": 0.045,
                                                      "Actual Total Time": 11.837,
                                                      "Actual Rows": 12824,
                                                      "Actual Loops": 1,
                                                      "Output": ["a_14.oid", "a_14.relnamespace", "a_14.relname"],
                                                      "Shared Hit Blocks": 4628,
                                                      "Shared Read Blocks": 0,
                                                      "Shared Dirtied Blocks": 0,
                                                      "Shared Written Blocks": 0,
                                                      "Local Hit Blocks": 0,
                                                      "Local Read Blocks": 0,
                                                      "Local Dirtied Blocks": 0,
                                                      "Local Written Blocks": 0,
                                                      "Temp Read Blocks": 0,
                                                      "Temp Written Blocks": 0
                                                    },
                                                    {
                                                      "Node Type": "Hash",
                                                      "Parent Relationship": "Inner",
                                                      "Parallel Aware": false,
                                                      "Startup Cost": 23.89,
                                                      "Total Cost": 23.89,
                                                      "Plan Rows": 389,
                                                      "Plan Width": 47,
                                                      "Actual Startup Time": 0.379,
                                                      "Actual Total Time": 0.379,
                                                      "Actual Rows": 389,
                                                      "Actual Loops": 1,
                                                      "Output": ["a_13.source_id", "a_13.view_id", "a_13.table_schema", "a_13.table_name"],
                                                      "Hash Buckets": 1024,
                                                      "Original Hash Buckets": 1024,
                                                      "Hash Batches": 1,
                                                      "Original Hash Batches": 1,
                                                      "Peak Memory Usage": 39,
                                                      "Shared Hit Blocks": 20,
                                                      "Shared Read Blocks": 0,
                                                      "Shared Dirtied Blocks": 0,
                                                      "Shared Written Blocks": 0,
                                                      "Local Hit Blocks": 0,
                                                      "Local Read Blocks": 0,
                                                      "Local Dirtied Blocks": 0,
                                                      "Local Written Blocks": 0,
                                                      "Temp Read Blocks": 0,
                                                      "Temp Written Blocks": 0,
                                                      "Plans": [
                                                        {
                                                          "Node Type": "Seq Scan",
                                                          "Parent Relationship": "Outer",
                                                          "Parallel Aware": false,
                                                          "Relation Name": "views",
                                                          "Schema": "data_manager",
                                                          "Alias": "a_13",
                                                          "Startup Cost": 0.00,
                                                          "Total Cost": 23.89,
                                                          "Plan Rows": 389,
                                                          "Plan Width": 47,
                                                          "Actual Startup Time": 0.025,
                                                          "Actual Total Time": 0.219,
                                                          "Actual Rows": 389,
                                                          "Actual Loops": 1,
                                                          "Output": ["a_13.source_id", "a_13.view_id", "a_13.table_schema", "a_13.table_name"],
                                                          "Shared Hit Blocks": 20,
                                                          "Shared Read Blocks": 0,
                                                          "Shared Dirtied Blocks": 0,
                                                          "Shared Written Blocks": 0,
                                                          "Local Hit Blocks": 0,
                                                          "Local Read Blocks": 0,
                                                          "Local Dirtied Blocks": 0,
                                                          "Local Written Blocks": 0,
                                                          "Temp Read Blocks": 0,
                                                          "Temp Written Blocks": 0
                                                        }
                                                      ]
                                                    }
                                                  ]
                                                },
                                                {
                                                  "Node Type": "Index Scan",
                                                  "Parent Relationship": "Inner",
                                                  "Parallel Aware": false,
                                                  "Scan Direction": "Forward",
                                                  "Index Name": "pg_attribute_relid_attnum_index",
                                                  "Relation Name": "pg_attribute",
                                                  "Schema": "pg_catalog",
                                                  "Alias": "b_11",
                                                  "Startup Cost": 0.55,
                                                  "Total Cost": 32.37,
                                                  "Plan Rows": 84,
                                                  "Plan Width": 12,
                                                  "Actual Startup Time": 0.010,
                                                  "Actual Total Time": 0.056,
                                                  "Actual Rows": 44,
                                                  "Actual Loops": 389,
                                                  "Output": ["b_11.attrelid", "b_11.attname", "b_11.atttypid", "b_11.attstattarget", "b_11.attlen", "b_11.attnum", "b_11.attndims", "b_11.attcacheoff", "b_11.atttypmod", "b_11.attbyval", "b_11.attstorage", "b_11.attalign", "b_11.attnotnull", "b_11.atthasdef", "b_11.atthasmissing", "b_11.attidentity", "b_11.attisdropped", "b_11.attislocal", "b_11.attinhcount", "b_11.attcollation", "b_11.attacl", "b_11.attoptions", "b_11.attfdwoptions", "b_11.attmissingval"],
                                                  "Index Cond": "((b_11.attrelid = a_14.oid) AND (b_11.attnum > 0))",
                                                  "Rows Removed by Index Recheck": 0,
                                                  "Filter": "(NOT b_11.attisdropped)",
                                                  "Rows Removed by Filter": 0,
                                                  "Shared Hit Blocks": 3106,
                                                  "Shared Read Blocks": 0,
                                                  "Shared Dirtied Blocks": 0,
                                                  "Shared Written Blocks": 0,
                                                  "Local Hit Blocks": 0,
                                                  "Local Read Blocks": 0,
                                                  "Local Dirtied Blocks": 0,
                                                  "Local Written Blocks": 0,
                                                  "Temp Read Blocks": 0,
                                                  "Temp Written Blocks": 0
                                                }
                                              ]
                                            },
                                            {
                                              "Node Type": "Materialize",
                                              "Parent Relationship": "Inner",
                                              "Parallel Aware": false,
                                              "Startup Cost": 0.00,
                                              "Total Cost": 23.20,
                                              "Plan Rows": 880,
                                              "Plan Width": 32,
                                              "Actual Startup Time": 0.000,
                                              "Actual Total Time": 0.001,
                                              "Actual Rows": 10,
                                              "Actual Loops": 16989,
                                              "Output": ["b_10.geojson_type"],
                                              "Shared Hit Blocks": 1,
                                              "Shared Read Blocks": 0,
                                              "Shared Dirtied Blocks": 0,
                                              "Shared Written Blocks": 0,
                                              "Local Hit Blocks": 0,
                                              "Local Read Blocks": 0,
                                              "Local Dirtied Blocks": 0,
                                              "Local Written Blocks": 0,
                                              "Temp Read Blocks": 0,
                                              "Temp Written Blocks": 0,
                                              "Plans": [
                                                {
                                                  "Node Type": "Seq Scan",
                                                  "Parent Relationship": "Outer",
                                                  "Parallel Aware": false,
                                                  "Relation Name": "geojson_json_schemas",
                                                  "Schema": "_data_manager_admin",
                                                  "Alias": "b_10",
                                                  "Startup Cost": 0.00,
                                                  "Total Cost": 18.80,
                                                  "Plan Rows": 880,
                                                  "Plan Width": 32,
                                                  "Actual Startup Time": 0.024,
                                                  "Actual Total Time": 0.028,
                                                  "Actual Rows": 10,
                                                  "Actual Loops": 1,
                                                  "Output": ["b_10.geojson_type"],
                                                  "Shared Hit Blocks": 1,
                                                  "Shared Read Blocks": 0,
                                                  "Shared Dirtied Blocks": 0,
                                                  "Shared Written Blocks": 0,
                                                  "Local Hit Blocks": 0,
                                                  "Local Read Blocks": 0,
                                                  "Local Dirtied Blocks": 0,
                                                  "Local Written Blocks": 0,
                                                  "Temp Read Blocks": 0,
                                                  "Temp Written Blocks": 0
                                                }
                                              ]
                                            }
                                          ]
                                        }
                                      ]
                                    }
                                  ]
                                }
                              ]
                            }
                          ]
                        }
                      ]
                    }
                  ]
                }
              ]
            }
          ]
        },
        {
          "Node Type": "Materialize",
          "Parent Relationship": "Inner",
          "Parallel Aware": false,
          "Startup Cost": 3.41,
          "Total Cost": 3.48,
          "Plan Rows": 1,
          "Plan Width": 208,
          "Actual Startup Time": 0.078,
          "Actual Total Time": 0.078,
          "Actual Rows": 0,
          "Actual Loops": 1,
          "Output": ["t_3.mbtiles_id", "t_3.tileset_timestamp", "t_3.tileset_name", "t_3.source_id", "t_3.source_layer_name", "t_3.source_type", "t_3.tippecanoe_args", "t_3.tippecanoe_filter", "t_3.view_id"],
          "Shared Hit Blocks": 4,
          "Shared Read Blocks": 0,
          "Shared Dirtied Blocks": 0,
          "Shared Written Blocks": 0,
          "Local Hit Blocks": 0,
          "Local Read Blocks": 0,
          "Local Dirtied Blocks": 0,
          "Local Written Blocks": 0,
          "Temp Read Blocks": 0,
          "Temp Written Blocks": 0,
          "Plans": [
            {
              "Node Type": "Subquery Scan",
              "Parent Relationship": "Outer",
              "Parallel Aware": false,
              "Alias": "t_3",
              "Startup Cost": 3.41,
              "Total Cost": 3.47,
              "Plan Rows": 1,
              "Plan Width": 208,
              "Actual Startup Time": 0.074,
              "Actual Total Time": 0.074,
              "Actual Rows": 0,
              "Actual Loops": 1,
              "Output": ["t_3.mbtiles_id", "t_3.tileset_timestamp", "t_3.tileset_name", "t_3.source_id", "t_3.source_layer_name", "t_3.source_type", "t_3.tippecanoe_args", "t_3.tippecanoe_filter", "t_3.view_id"],
              "Filter": "(t_3.row_number = 1)",
              "Rows Removed by Filter": 0,
              "Shared Hit Blocks": 4,
              "Shared Read Blocks": 0,
              "Shared Dirtied Blocks": 0,
              "Shared Written Blocks": 0,
              "Local Hit Blocks": 0,
              "Local Read Blocks": 0,
              "Local Dirtied Blocks": 0,
              "Local Written Blocks": 0,
              "Temp Read Blocks": 0,
              "Temp Written Blocks": 0,
              "Plans": [
                {
                  "Node Type": "WindowAgg",
                  "Parent Relationship": "Subquery",
                  "Parallel Aware": false,
                  "Startup Cost": 3.41,
                  "Total Cost": 3.45,
                  "Plan Rows": 2,
                  "Plan Width": 216,
                  "Actual Startup Time": 0.073,
                  "Actual Total Time": 0.073,
                  "Actual Rows": 0,
                  "Actual Loops": 1,
                  "Output": ["dama_views_mbtiles_metadata.mbtiles_id", "dama_views_mbtiles_metadata.view_id", "dama_views_mbtiles_metadata.tileset_timestamp", "dama_views_mbtiles_metadata.tileset_name", "dama_views_mbtiles_metadata.source_id", "dama_views_mbtiles_metadata.source_layer_name", "dama_views_mbtiles_metadata.source_type", "dama_views_mbtiles_metadata.tippecanoe_args", "dama_views_mbtiles_metadata.tippecanoe_filter", "row_number() OVER (?)"],
                  "Shared Hit Blocks": 4,
                  "Shared Read Blocks": 0,
                  "Shared Dirtied Blocks": 0,
                  "Shared Written Blocks": 0,
                  "Local Hit Blocks": 0,
                  "Local Read Blocks": 0,
                  "Local Dirtied Blocks": 0,
                  "Local Written Blocks": 0,
                  "Temp Read Blocks": 0,
                  "Temp Written Blocks": 0,
                  "Plans": [
                    {
                      "Node Type": "Sort",
                      "Parent Relationship": "Outer",
                      "Parallel Aware": false,
                      "Startup Cost": 3.41,
                      "Total Cost": 3.41,
                      "Plan Rows": 2,
                      "Plan Width": 208,
                      "Actual Startup Time": 0.068,
                      "Actual Total Time": 0.068,
                      "Actual Rows": 0,
                      "Actual Loops": 1,
                      "Output": ["dama_views_mbtiles_metadata.view_id", "dama_views_mbtiles_metadata.tileset_timestamp", "dama_views_mbtiles_metadata.mbtiles_id", "dama_views_mbtiles_metadata.tileset_name", "dama_views_mbtiles_metadata.source_id", "dama_views_mbtiles_metadata.source_layer_name", "dama_views_mbtiles_metadata.source_type", "dama_views_mbtiles_metadata.tippecanoe_args", "dama_views_mbtiles_metadata.tippecanoe_filter"],
                      "Sort Key": ["dama_views_mbtiles_metadata.tileset_timestamp DESC"],
                      "Sort Method": "quicksort",
                      "Sort Space Used": 25,
                      "Sort Space Type": "Memory",
                      "Shared Hit Blocks": 4,
                      "Shared Read Blocks": 0,
                      "Shared Dirtied Blocks": 0,
                      "Shared Written Blocks": 0,
                      "Local Hit Blocks": 0,
                      "Local Read Blocks": 0,
                      "Local Dirtied Blocks": 0,
                      "Local Written Blocks": 0,
                      "Temp Read Blocks": 0,
                      "Temp Written Blocks": 0,
                      "Plans": [
                        {
                          "Node Type": "Bitmap Heap Scan",
                          "Parent Relationship": "Outer",
                          "Parallel Aware": false,
                          "Relation Name": "dama_views_mbtiles_metadata",
                          "Schema": "_data_manager_admin",
                          "Alias": "dama_views_mbtiles_metadata",
                          "Startup Cost": 1.26,
                          "Total Cost": 3.40,
                          "Plan Rows": 2,
                          "Plan Width": 208,
                          "Actual Startup Time": 0.022,
                          "Actual Total Time": 0.022,
                          "Actual Rows": 0,
                          "Actual Loops": 1,
                          "Output": ["dama_views_mbtiles_metadata.view_id", "dama_views_mbtiles_metadata.tileset_timestamp", "dama_views_mbtiles_metadata.mbtiles_id", "dama_views_mbtiles_metadata.tileset_name", "dama_views_mbtiles_metadata.source_id", "dama_views_mbtiles_metadata.source_layer_name", "dama_views_mbtiles_metadata.source_type", "dama_views_mbtiles_metadata.tippecanoe_args", "dama_views_mbtiles_metadata.tippecanoe_filter"],
                          "Recheck Cond": "(dama_views_mbtiles_metadata.view_id = 348)",
                          "Rows Removed by Index Recheck": 0,
                          "Exact Heap Blocks": 0,
                          "Lossy Heap Blocks": 0,
                          "Shared Hit Blocks": 1,
                          "Shared Read Blocks": 0,
                          "Shared Dirtied Blocks": 0,
                          "Shared Written Blocks": 0,
                          "Local Hit Blocks": 0,
                          "Local Read Blocks": 0,
                          "Local Dirtied Blocks": 0,
                          "Local Written Blocks": 0,
                          "Temp Read Blocks": 0,
                          "Temp Written Blocks": 0,
                          "Plans": [
                            {
                              "Node Type": "Bitmap Index Scan",
                              "Parent Relationship": "Outer",
                              "Parallel Aware": false,
                              "Index Name": "dama_views_mbtiles_metadata_view_id_tileset_timestamp_key",
                              "Startup Cost": 0.00,
                              "Total Cost": 1.26,
                              "Plan Rows": 2,
                              "Plan Width": 0,
                              "Actual Startup Time": 0.009,
                              "Actual Total Time": 0.009,
                              "Actual Rows": 0,
                              "Actual Loops": 1,
                              "Index Cond": "(dama_views_mbtiles_metadata.view_id = 348)",
                              "Shared Hit Blocks": 1,
                              "Shared Read Blocks": 0,
                              "Shared Dirtied Blocks": 0,
                              "Shared Written Blocks": 0,
                              "Local Hit Blocks": 0,
                              "Local Read Blocks": 0,
                              "Local Dirtied Blocks": 0,
                              "Local Written Blocks": 0,
                              "Temp Read Blocks": 0,
                              "Temp Written Blocks": 0
                            }
                          ]
                        }
                      ]
                    }
                  ]
                }
              ]
            }
          ]
        }
      ]
    },
    "Planning Time": 87.267,
    "Triggers": [
    ],
    "Execution Time": 22397.203
  }
]
